This is pdfTeX, Version 3.141592653-2.6-1.40.22 (TeX Live 2022/dev/Debian) (preloaded format=pdflatex 2023.5.31)  12 FEB 2024 14:17
entering extended mode
 restricted \write18 enabled.
 %&-line parsing enabled.
**chap4_LVM_SBM_LBM.tex
(./chap4_LVM_SBM_LBM.tex
LaTeX2e <2021-11-15> patch level 1
L3 programming layer <2022-01-21>
(/usr/share/texlive/texmf-dist/tex/latex/beamer/beamer.cls
Document Class: beamer 2022/01/21 v3.65 A class for typesetting presentations
(/usr/share/texlive/texmf-dist/tex/latex/beamer/beamerbasemodes.sty
(/usr/share/texlive/texmf-dist/tex/latex/etoolbox/etoolbox.sty
Package: etoolbox 2020/10/05 v2.5k e-TeX tools for LaTeX (JAW)
\etb@tempcnta=\count185
)
\beamer@tempbox=\box50
\beamer@tempcount=\count186
\c@beamerpauses=\count187

(/usr/share/texlive/texmf-dist/tex/latex/beamer/beamerbasedecode.sty
\beamer@slideinframe=\count188
\beamer@minimum=\count189
\beamer@decode@box=\box51
)
\beamer@commentbox=\box52
\beamer@modecount=\count190
)
(/usr/share/texlive/texmf-dist/tex/generic/iftex/ifpdf.sty
Package: ifpdf 2019/10/25 v3.4 ifpdf legacy package. Use iftex instead.

(/usr/share/texlive/texmf-dist/tex/generic/iftex/iftex.sty
Package: iftex 2020/03/06 v1.0d TeX engine tests
))
\headdp=\dimen138
\footheight=\dimen139
\sidebarheight=\dimen140
\beamer@tempdim=\dimen141
\beamer@finalheight=\dimen142
\beamer@animht=\dimen143
\beamer@animdp=\dimen144
\beamer@animwd=\dimen145
\beamer@leftmargin=\dimen146
\beamer@rightmargin=\dimen147
\beamer@leftsidebar=\dimen148
\beamer@rightsidebar=\dimen149
\beamer@boxsize=\dimen150
\beamer@vboxoffset=\dimen151
\beamer@descdefault=\dimen152
\beamer@descriptionwidth=\dimen153
\beamer@lastskip=\skip47
\beamer@areabox=\box53
\beamer@animcurrent=\box54
\beamer@animshowbox=\box55
\beamer@sectionbox=\box56
\beamer@logobox=\box57
\beamer@linebox=\box58
\beamer@sectioncount=\count191
\beamer@subsubsectionmax=\count192
\beamer@subsectionmax=\count193
\beamer@sectionmax=\count194
\beamer@totalheads=\count195
\beamer@headcounter=\count196
\beamer@partstartpage=\count197
\beamer@sectionstartpage=\count198
\beamer@subsectionstartpage=\count199
\beamer@animationtempa=\count266
\beamer@animationtempb=\count267
\beamer@xpos=\count268
\beamer@ypos=\count269
\beamer@ypos@offset=\count270
\beamer@showpartnumber=\count271
\beamer@currentsubsection=\count272
\beamer@coveringdepth=\count273
\beamer@sectionadjust=\count274
\beamer@toclastsection=\count275
\beamer@tocsectionnumber=\count276

(/usr/share/texlive/texmf-dist/tex/latex/beamer/beamerbaseoptions.sty
(/usr/share/texlive/texmf-dist/tex/latex/graphics/keyval.sty
Package: keyval 2014/10/28 v1.15 key=value parser (DPC)
\KV@toks@=\toks16
))
\beamer@paperwidth=\skip48
\beamer@paperheight=\skip49

(/usr/share/texlive/texmf-dist/tex/latex/geometry/geometry.sty
Package: geometry 2020/01/02 v5.9 Page Geometry

(/usr/share/texlive/texmf-dist/tex/generic/iftex/ifvtex.sty
Package: ifvtex 2019/10/25 v1.7 ifvtex legacy package. Use iftex instead.
)
\Gm@cnth=\count277
\Gm@cntv=\count278
\c@Gm@tempcnt=\count279
\Gm@bindingoffset=\dimen154
\Gm@wd@mp=\dimen155
\Gm@odd@mp=\dimen156
\Gm@even@mp=\dimen157
\Gm@layoutwidth=\dimen158
\Gm@layoutheight=\dimen159
\Gm@layouthoffset=\dimen160
\Gm@layoutvoffset=\dimen161
\Gm@dimlist=\toks17
)
(/usr/share/texlive/texmf-dist/tex/latex/pgf/basiclayer/pgfcore.sty
(/usr/share/texlive/texmf-dist/tex/latex/graphics/graphicx.sty
Package: graphicx 2021/09/16 v1.2d Enhanced LaTeX Graphics (DPC,SPQR)

(/usr/share/texlive/texmf-dist/tex/latex/graphics/graphics.sty
Package: graphics 2021/03/04 v1.4d Standard LaTeX Graphics (DPC,SPQR)

(/usr/share/texlive/texmf-dist/tex/latex/graphics/trig.sty
Package: trig 2021/08/11 v1.11 sin cos tan (DPC)
)
(/usr/share/texlive/texmf-dist/tex/latex/graphics-cfg/graphics.cfg
File: graphics.cfg 2016/06/04 v1.11 sample graphics configuration
)
Package graphics Info: Driver file: pdftex.def on input line 107.

(/usr/share/texlive/texmf-dist/tex/latex/graphics-def/pdftex.def
File: pdftex.def 2020/10/05 v1.2a Graphics/color driver for pdftex
))
\Gin@req@height=\dimen162
\Gin@req@width=\dimen163
)
(/usr/share/texlive/texmf-dist/tex/latex/pgf/systemlayer/pgfsys.sty
(/usr/share/texlive/texmf-dist/tex/latex/pgf/utilities/pgfrcs.sty
(/usr/share/texlive/texmf-dist/tex/generic/pgf/utilities/pgfutil-common.tex
\pgfutil@everybye=\toks18
\pgfutil@tempdima=\dimen164
\pgfutil@tempdimb=\dimen165

(/usr/share/texlive/texmf-dist/tex/generic/pgf/utilities/pgfutil-common-lists.t
ex)) (/usr/share/texlive/texmf-dist/tex/generic/pgf/utilities/pgfutil-latex.def
\pgfutil@abb=\box59
) (/usr/share/texlive/texmf-dist/tex/generic/pgf/utilities/pgfrcs.code.tex
(/usr/share/texlive/texmf-dist/tex/generic/pgf/pgf.revision.tex)
Package: pgfrcs 2021/05/15 v3.1.9a (3.1.9a)
))
(/usr/share/texlive/texmf-dist/tex/generic/pgf/systemlayer/pgfsys.code.tex
Package: pgfsys 2021/05/15 v3.1.9a (3.1.9a)

(/usr/share/texlive/texmf-dist/tex/generic/pgf/utilities/pgfkeys.code.tex
\pgfkeys@pathtoks=\toks19
\pgfkeys@temptoks=\toks20

(/usr/share/texlive/texmf-dist/tex/generic/pgf/utilities/pgfkeysfiltered.code.t
ex
\pgfkeys@tmptoks=\toks21
))
\pgf@x=\dimen166
\pgf@y=\dimen167
\pgf@xa=\dimen168
\pgf@ya=\dimen169
\pgf@xb=\dimen170
\pgf@yb=\dimen171
\pgf@xc=\dimen172
\pgf@yc=\dimen173
\pgf@xd=\dimen174
\pgf@yd=\dimen175
\w@pgf@writea=\write3
\r@pgf@reada=\read2
\c@pgf@counta=\count280
\c@pgf@countb=\count281
\c@pgf@countc=\count282
\c@pgf@countd=\count283
\t@pgf@toka=\toks22
\t@pgf@tokb=\toks23
\t@pgf@tokc=\toks24
\pgf@sys@id@count=\count284
 (/usr/share/texlive/texmf-dist/tex/generic/pgf/systemlayer/pgf.cfg
File: pgf.cfg 2021/05/15 v3.1.9a (3.1.9a)
)
Driver file for pgf: pgfsys-pdftex.def

(/usr/share/texlive/texmf-dist/tex/generic/pgf/systemlayer/pgfsys-pdftex.def
File: pgfsys-pdftex.def 2021/05/15 v3.1.9a (3.1.9a)

(/usr/share/texlive/texmf-dist/tex/generic/pgf/systemlayer/pgfsys-common-pdf.de
f
File: pgfsys-common-pdf.def 2021/05/15 v3.1.9a (3.1.9a)
)))
(/usr/share/texlive/texmf-dist/tex/generic/pgf/systemlayer/pgfsyssoftpath.code.
tex
File: pgfsyssoftpath.code.tex 2021/05/15 v3.1.9a (3.1.9a)
\pgfsyssoftpath@smallbuffer@items=\count285
\pgfsyssoftpath@bigbuffer@items=\count286
)
(/usr/share/texlive/texmf-dist/tex/generic/pgf/systemlayer/pgfsysprotocol.code.
tex
File: pgfsysprotocol.code.tex 2021/05/15 v3.1.9a (3.1.9a)
)) (/usr/share/texlive/texmf-dist/tex/latex/xcolor/xcolor.sty
Package: xcolor 2021/10/31 v2.13 LaTeX color extensions (UK)

(/usr/share/texlive/texmf-dist/tex/latex/graphics-cfg/color.cfg
File: color.cfg 2016/01/02 v1.6 sample color configuration
)
Package xcolor Info: Driver file: pdftex.def on input line 227.
Package xcolor Info: Model `cmy' substituted by `cmy0' on input line 1352.
Package xcolor Info: Model `hsb' substituted by `rgb' on input line 1356.
Package xcolor Info: Model `RGB' extended on input line 1368.
Package xcolor Info: Model `HTML' substituted by `rgb' on input line 1370.
Package xcolor Info: Model `Hsb' substituted by `hsb' on input line 1371.
Package xcolor Info: Model `tHsb' substituted by `hsb' on input line 1372.
Package xcolor Info: Model `HSB' substituted by `hsb' on input line 1373.
Package xcolor Info: Model `Gray' substituted by `gray' on input line 1374.
Package xcolor Info: Model `wave' substituted by `hsb' on input line 1375.
)
(/usr/share/texlive/texmf-dist/tex/generic/pgf/basiclayer/pgfcore.code.tex
Package: pgfcore 2021/05/15 v3.1.9a (3.1.9a)

(/usr/share/texlive/texmf-dist/tex/generic/pgf/math/pgfmath.code.tex
(/usr/share/texlive/texmf-dist/tex/generic/pgf/math/pgfmathcalc.code.tex
(/usr/share/texlive/texmf-dist/tex/generic/pgf/math/pgfmathutil.code.tex)
(/usr/share/texlive/texmf-dist/tex/generic/pgf/math/pgfmathparser.code.tex
\pgfmath@dimen=\dimen176
\pgfmath@count=\count287
\pgfmath@box=\box60
\pgfmath@toks=\toks25
\pgfmath@stack@operand=\toks26
\pgfmath@stack@operation=\toks27
)
(/usr/share/texlive/texmf-dist/tex/generic/pgf/math/pgfmathfunctions.code.tex
(/usr/share/texlive/texmf-dist/tex/generic/pgf/math/pgfmathfunctions.basic.code
.tex)
(/usr/share/texlive/texmf-dist/tex/generic/pgf/math/pgfmathfunctions.trigonomet
ric.code.tex)
(/usr/share/texlive/texmf-dist/tex/generic/pgf/math/pgfmathfunctions.random.cod
e.tex)
(/usr/share/texlive/texmf-dist/tex/generic/pgf/math/pgfmathfunctions.comparison
.code.tex)
(/usr/share/texlive/texmf-dist/tex/generic/pgf/math/pgfmathfunctions.base.code.
tex)
(/usr/share/texlive/texmf-dist/tex/generic/pgf/math/pgfmathfunctions.round.code
.tex)
(/usr/share/texlive/texmf-dist/tex/generic/pgf/math/pgfmathfunctions.misc.code.
tex)
(/usr/share/texlive/texmf-dist/tex/generic/pgf/math/pgfmathfunctions.integerari
thmetics.code.tex)))
(/usr/share/texlive/texmf-dist/tex/generic/pgf/math/pgfmathfloat.code.tex
\c@pgfmathroundto@lastzeros=\count288
))
(/usr/share/texlive/texmf-dist/tex/generic/pgf/math/pgfint.code.tex)
(/usr/share/texlive/texmf-dist/tex/generic/pgf/basiclayer/pgfcorepoints.code.te
x
File: pgfcorepoints.code.tex 2021/05/15 v3.1.9a (3.1.9a)
\pgf@picminx=\dimen177
\pgf@picmaxx=\dimen178
\pgf@picminy=\dimen179
\pgf@picmaxy=\dimen180
\pgf@pathminx=\dimen181
\pgf@pathmaxx=\dimen182
\pgf@pathminy=\dimen183
\pgf@pathmaxy=\dimen184
\pgf@xx=\dimen185
\pgf@xy=\dimen186
\pgf@yx=\dimen187
\pgf@yy=\dimen188
\pgf@zx=\dimen189
\pgf@zy=\dimen190
)
(/usr/share/texlive/texmf-dist/tex/generic/pgf/basiclayer/pgfcorepathconstruct.
code.tex
File: pgfcorepathconstruct.code.tex 2021/05/15 v3.1.9a (3.1.9a)
\pgf@path@lastx=\dimen191
\pgf@path@lasty=\dimen192
)
(/usr/share/texlive/texmf-dist/tex/generic/pgf/basiclayer/pgfcorepathusage.code
.tex
File: pgfcorepathusage.code.tex 2021/05/15 v3.1.9a (3.1.9a)
\pgf@shorten@end@additional=\dimen193
\pgf@shorten@start@additional=\dimen194
)
(/usr/share/texlive/texmf-dist/tex/generic/pgf/basiclayer/pgfcorescopes.code.te
x
File: pgfcorescopes.code.tex 2021/05/15 v3.1.9a (3.1.9a)
\pgfpic=\box61
\pgf@hbox=\box62
\pgf@layerbox@main=\box63
\pgf@picture@serial@count=\count289
)
(/usr/share/texlive/texmf-dist/tex/generic/pgf/basiclayer/pgfcoregraphicstate.c
ode.tex
File: pgfcoregraphicstate.code.tex 2021/05/15 v3.1.9a (3.1.9a)
\pgflinewidth=\dimen195
)
(/usr/share/texlive/texmf-dist/tex/generic/pgf/basiclayer/pgfcoretransformation
s.code.tex
File: pgfcoretransformations.code.tex 2021/05/15 v3.1.9a (3.1.9a)
\pgf@pt@x=\dimen196
\pgf@pt@y=\dimen197
\pgf@pt@temp=\dimen198
)
(/usr/share/texlive/texmf-dist/tex/generic/pgf/basiclayer/pgfcorequick.code.tex
File: pgfcorequick.code.tex 2021/05/15 v3.1.9a (3.1.9a)
)
(/usr/share/texlive/texmf-dist/tex/generic/pgf/basiclayer/pgfcoreobjects.code.t
ex
File: pgfcoreobjects.code.tex 2021/05/15 v3.1.9a (3.1.9a)
)
(/usr/share/texlive/texmf-dist/tex/generic/pgf/basiclayer/pgfcorepathprocessing
.code.tex
File: pgfcorepathprocessing.code.tex 2021/05/15 v3.1.9a (3.1.9a)
)
(/usr/share/texlive/texmf-dist/tex/generic/pgf/basiclayer/pgfcorearrows.code.te
x
File: pgfcorearrows.code.tex 2021/05/15 v3.1.9a (3.1.9a)
\pgfarrowsep=\dimen199
)
(/usr/share/texlive/texmf-dist/tex/generic/pgf/basiclayer/pgfcoreshade.code.tex
File: pgfcoreshade.code.tex 2021/05/15 v3.1.9a (3.1.9a)
\pgf@max=\dimen256
\pgf@sys@shading@range@num=\count290
\pgf@shadingcount=\count291
)
(/usr/share/texlive/texmf-dist/tex/generic/pgf/basiclayer/pgfcoreimage.code.tex
File: pgfcoreimage.code.tex 2021/05/15 v3.1.9a (3.1.9a)

(/usr/share/texlive/texmf-dist/tex/generic/pgf/basiclayer/pgfcoreexternal.code.
tex
File: pgfcoreexternal.code.tex 2021/05/15 v3.1.9a (3.1.9a)
\pgfexternal@startupbox=\box64
))
(/usr/share/texlive/texmf-dist/tex/generic/pgf/basiclayer/pgfcorelayers.code.te
x
File: pgfcorelayers.code.tex 2021/05/15 v3.1.9a (3.1.9a)
)
(/usr/share/texlive/texmf-dist/tex/generic/pgf/basiclayer/pgfcoretransparency.c
ode.tex
File: pgfcoretransparency.code.tex 2021/05/15 v3.1.9a (3.1.9a)
)
(/usr/share/texlive/texmf-dist/tex/generic/pgf/basiclayer/pgfcorepatterns.code.
tex
File: pgfcorepatterns.code.tex 2021/05/15 v3.1.9a (3.1.9a)
)
(/usr/share/texlive/texmf-dist/tex/generic/pgf/basiclayer/pgfcorerdf.code.tex
File: pgfcorerdf.code.tex 2021/05/15 v3.1.9a (3.1.9a)
))) (/usr/share/texlive/texmf-dist/tex/latex/base/size10.clo
File: size10.clo 2021/10/04 v1.4n Standard LaTeX file (size option)
)
(/usr/share/texlive/texmf-dist/tex/latex/pgf/utilities/xxcolor.sty
Package: xxcolor 2003/10/24 ver 0.1
\XC@nummixins=\count292
\XC@countmixins=\count293
)
(/usr/share/texlive/texmf-dist/tex/latex/base/atbegshi-ltx.sty
Package: atbegshi-ltx 2021/01/10 v1.0c Emulation of the original atbegshi
package with kernel methods
)
(/usr/share/texlive/texmf-dist/tex/latex/hyperref/hyperref.sty
Package: hyperref 2021-06-07 v7.00m Hypertext links for LaTeX

(/usr/share/texlive/texmf-dist/tex/generic/ltxcmds/ltxcmds.sty
Package: ltxcmds 2020-05-10 v1.25 LaTeX kernel commands for general use (HO)
)
(/usr/share/texlive/texmf-dist/tex/generic/pdftexcmds/pdftexcmds.sty
Package: pdftexcmds 2020-06-27 v0.33 Utility functions of pdfTeX for LuaTeX (HO
)

(/usr/share/texlive/texmf-dist/tex/generic/infwarerr/infwarerr.sty
Package: infwarerr 2019/12/03 v1.5 Providing info/warning/error messages (HO)
)
Package pdftexcmds Info: \pdf@primitive is available.
Package pdftexcmds Info: \pdf@ifprimitive is available.
Package pdftexcmds Info: \pdfdraftmode found.
)
(/usr/share/texlive/texmf-dist/tex/generic/kvsetkeys/kvsetkeys.sty
Package: kvsetkeys 2019/12/15 v1.18 Key value parser (HO)
)
(/usr/share/texlive/texmf-dist/tex/generic/kvdefinekeys/kvdefinekeys.sty
Package: kvdefinekeys 2019-12-19 v1.6 Define keys (HO)
)
(/usr/share/texlive/texmf-dist/tex/generic/pdfescape/pdfescape.sty
Package: pdfescape 2019/12/09 v1.15 Implements pdfTeX's escape features (HO)
)
(/usr/share/texlive/texmf-dist/tex/latex/hycolor/hycolor.sty
Package: hycolor 2020-01-27 v1.10 Color options for hyperref/bookmark (HO)
)
(/usr/share/texlive/texmf-dist/tex/latex/letltxmacro/letltxmacro.sty
Package: letltxmacro 2019/12/03 v1.6 Let assignment for LaTeX macros (HO)
)
(/usr/share/texlive/texmf-dist/tex/latex/auxhook/auxhook.sty
Package: auxhook 2019-12-17 v1.6 Hooks for auxiliary files (HO)
)
(/usr/share/texlive/texmf-dist/tex/latex/kvoptions/kvoptions.sty
Package: kvoptions 2020-10-07 v3.14 Key value format for package options (HO)
)
\@linkdim=\dimen257
\Hy@linkcounter=\count294
\Hy@pagecounter=\count295

(/usr/share/texlive/texmf-dist/tex/latex/hyperref/pd1enc.def
File: pd1enc.def 2021-06-07 v7.00m Hyperref: PDFDocEncoding definition (HO)
Now handling font encoding PD1 ...
... no UTF-8 mapping file for font encoding PD1
)
(/usr/share/texlive/texmf-dist/tex/latex/hyperref/hyperref-langpatches.def
File: hyperref-langpatches.def 2021-06-07 v7.00m Hyperref: patches for babel la
nguages
)
(/usr/share/texlive/texmf-dist/tex/generic/intcalc/intcalc.sty
Package: intcalc 2019/12/15 v1.3 Expandable calculations with integers (HO)
)
(/usr/share/texlive/texmf-dist/tex/generic/etexcmds/etexcmds.sty
Package: etexcmds 2019/12/15 v1.7 Avoid name clashes with e-TeX commands (HO)
)
\Hy@SavedSpaceFactor=\count296

(/usr/share/texlive/texmf-dist/tex/latex/hyperref/puenc.def
File: puenc.def 2021-06-07 v7.00m Hyperref: PDF Unicode definition (HO)
Now handling font encoding PU ...
... no UTF-8 mapping file for font encoding PU
)
Package hyperref Info: Option `bookmarks' set `true' on input line 4073.
Package hyperref Info: Option `bookmarksopen' set `true' on input line 4073.
Package hyperref Info: Option `implicit' set `false' on input line 4073.
Package hyperref Info: Hyper figures OFF on input line 4192.
Package hyperref Info: Link nesting OFF on input line 4197.
Package hyperref Info: Hyper index ON on input line 4200.
Package hyperref Info: Plain pages OFF on input line 4207.
Package hyperref Info: Backreferencing OFF on input line 4212.
Package hyperref Info: Implicit mode OFF; no redefinition of LaTeX internals.
Package hyperref Info: Bookmarks ON on input line 4445.
\c@Hy@tempcnt=\count297

(/usr/share/texlive/texmf-dist/tex/latex/url/url.sty
\Urlmuskip=\muskip16
Package: url 2013/09/16  ver 3.4  Verb mode for urls, etc.
)
LaTeX Info: Redefining \url on input line 4804.
\XeTeXLinkMargin=\dimen258

(/usr/share/texlive/texmf-dist/tex/generic/bitset/bitset.sty
Package: bitset 2019/12/09 v1.3 Handle bit-vector datatype (HO)

(/usr/share/texlive/texmf-dist/tex/generic/bigintcalc/bigintcalc.sty
Package: bigintcalc 2019/12/15 v1.5 Expandable calculations on big integers (HO
)
))
\Fld@menulength=\count298
\Field@Width=\dimen259
\Fld@charsize=\dimen260
Package hyperref Info: Hyper figures OFF on input line 6076.
Package hyperref Info: Link nesting OFF on input line 6081.
Package hyperref Info: Hyper index ON on input line 6084.
Package hyperref Info: backreferencing OFF on input line 6091.
Package hyperref Info: Link coloring OFF on input line 6096.
Package hyperref Info: Link coloring with OCG OFF on input line 6101.
Package hyperref Info: PDF/A mode OFF on input line 6106.
LaTeX Info: Redefining \ref on input line 6146.
LaTeX Info: Redefining \pageref on input line 6150.
\Hy@abspage=\count299


Package hyperref Message: Stopped early.

)
Package hyperref Info: Driver (autodetected): hpdftex.
 (/usr/share/texlive/texmf-dist/tex/latex/hyperref/hpdftex.def
File: hpdftex.def 2021-06-07 v7.00m Hyperref driver for pdfTeX

(/usr/share/texlive/texmf-dist/tex/latex/base/atveryend-ltx.sty
Package: atveryend-ltx 2020/08/19 v1.0a Emulation of the original atveryend pac
kage
with kernel methods
)
\Fld@listcount=\count300
\c@bookmark@seq@number=\count301

(/usr/share/texlive/texmf-dist/tex/latex/rerunfilecheck/rerunfilecheck.sty
Package: rerunfilecheck 2019/12/05 v1.9 Rerun checks for auxiliary files (HO)

(/usr/share/texlive/texmf-dist/tex/generic/uniquecounter/uniquecounter.sty
Package: uniquecounter 2019/12/15 v1.4 Provide unlimited unique counter (HO)
)
Package uniquecounter Info: New unique counter `rerunfilecheck' on input line 2
86.
))
(/usr/share/texlive/texmf-dist/tex/latex/beamer/beamerbaserequires.sty
(/usr/share/texlive/texmf-dist/tex/latex/beamer/beamerbasecompatibility.sty)
(/usr/share/texlive/texmf-dist/tex/latex/beamer/beamerbasefont.sty
(/usr/share/texlive/texmf-dist/tex/latex/amsfonts/amssymb.sty
Package: amssymb 2013/01/14 v3.01 AMS font symbols

(/usr/share/texlive/texmf-dist/tex/latex/amsfonts/amsfonts.sty
Package: amsfonts 2013/01/14 v3.01 Basic AMSFonts support
\@emptytoks=\toks28
\symAMSa=\mathgroup4
\symAMSb=\mathgroup5
LaTeX Font Info:    Redeclaring math symbol \hbar on input line 98.
LaTeX Font Info:    Overwriting math alphabet `\mathfrak' in version `bold'
(Font)                  U/euf/m/n --> U/euf/b/n on input line 106.
))
(/usr/share/texlive/texmf-dist/tex/latex/sansmathaccent/sansmathaccent.sty
Package: sansmathaccent 2020/01/31

(/usr/share/texlive/texmf-dist/tex/latex/koma-script/scrlfile.sty
Package: scrlfile 2021/11/13 v3.35 KOMA-Script package (file load hooks)

(/usr/share/texlive/texmf-dist/tex/latex/koma-script/scrlfile-hook.sty
Package: scrlfile-hook 2021/11/13 v3.35 KOMA-Script package (using LaTeX hooks)


(/usr/share/texlive/texmf-dist/tex/latex/koma-script/scrlogo.sty
Package: scrlogo 2021/11/13 v3.35 KOMA-Script package (logo)
)))))
(/usr/share/texlive/texmf-dist/tex/latex/beamer/beamerbasetranslator.sty
(/usr/share/texlive/texmf-dist/tex/latex/translator/translator.sty
Package: translator 2021-05-31 v1.12d Easy translation of strings in LaTeX
))
(/usr/share/texlive/texmf-dist/tex/latex/beamer/beamerbasemisc.sty)
(/usr/share/texlive/texmf-dist/tex/latex/beamer/beamerbasetwoscreens.sty)
(/usr/share/texlive/texmf-dist/tex/latex/beamer/beamerbaseoverlay.sty
\beamer@argscount=\count302
\beamer@lastskipcover=\skip50
\beamer@trivlistdepth=\count303
)
(/usr/share/texlive/texmf-dist/tex/latex/beamer/beamerbasetitle.sty)
(/usr/share/texlive/texmf-dist/tex/latex/beamer/beamerbasesection.sty
\c@lecture=\count304
\c@part=\count305
\c@section=\count306
\c@subsection=\count307
\c@subsubsection=\count308
)
(/usr/share/texlive/texmf-dist/tex/latex/beamer/beamerbaseframe.sty
\beamer@framebox=\box65
\beamer@frametitlebox=\box66
\beamer@zoombox=\box67
\beamer@zoomcount=\count309
\beamer@zoomframecount=\count310
\beamer@frametextheight=\dimen261
\c@subsectionslide=\count311
\beamer@frametopskip=\skip51
\beamer@framebottomskip=\skip52
\beamer@frametopskipautobreak=\skip53
\beamer@framebottomskipautobreak=\skip54
\beamer@envbody=\toks29
\framewidth=\dimen262
\c@framenumber=\count312
)
(/usr/share/texlive/texmf-dist/tex/latex/beamer/beamerbaseverbatim.sty
\beamer@verbatimfileout=\write4
)
(/usr/share/texlive/texmf-dist/tex/latex/beamer/beamerbaseframesize.sty
\beamer@splitbox=\box68
\beamer@autobreakcount=\count313
\beamer@autobreaklastheight=\dimen263
\beamer@frametitletoks=\toks30
\beamer@framesubtitletoks=\toks31
)
(/usr/share/texlive/texmf-dist/tex/latex/beamer/beamerbaseframecomponents.sty
\beamer@footins=\box69
)
(/usr/share/texlive/texmf-dist/tex/latex/beamer/beamerbasecolor.sty)
(/usr/share/texlive/texmf-dist/tex/latex/beamer/beamerbasenotes.sty
\beamer@frameboxcopy=\box70
)
(/usr/share/texlive/texmf-dist/tex/latex/beamer/beamerbasetoc.sty)
(/usr/share/texlive/texmf-dist/tex/latex/beamer/beamerbasetemplates.sty
\beamer@sbttoks=\toks32

(/usr/share/texlive/texmf-dist/tex/latex/beamer/beamerbaseauxtemplates.sty
(/usr/share/texlive/texmf-dist/tex/latex/beamer/beamerbaseboxes.sty
\bmb@box=\box71
\bmb@colorbox=\box72
\bmb@boxwidth=\dimen264
\bmb@boxheight=\dimen265
\bmb@prevheight=\dimen266
\bmb@temp=\dimen267
\bmb@dima=\dimen268
\bmb@dimb=\dimen269
\bmb@prevheight=\dimen270
)
\beamer@blockheadheight=\dimen271
))
(/usr/share/texlive/texmf-dist/tex/latex/beamer/beamerbaselocalstructure.sty
(/usr/share/texlive/texmf-dist/tex/latex/tools/enumerate.sty
Package: enumerate 2015/07/23 v3.00 enumerate extensions (DPC)
\@enLab=\toks33
)
\beamer@bibiconwidth=\skip55
\c@figure=\count314
\c@table=\count315
\abovecaptionskip=\skip56
\belowcaptionskip=\skip57
)
(/usr/share/texlive/texmf-dist/tex/latex/beamer/beamerbasenavigation.sty
\beamer@section@min@dim=\dimen272
)
(/usr/share/texlive/texmf-dist/tex/latex/beamer/beamerbasetheorems.sty
(/usr/share/texlive/texmf-dist/tex/latex/amsmath/amsmath.sty
Package: amsmath 2021/10/15 v2.17l AMS math features
\@mathmargin=\skip58

For additional information on amsmath, use the `?' option.
(/usr/share/texlive/texmf-dist/tex/latex/amsmath/amstext.sty
Package: amstext 2021/08/26 v2.01 AMS text

(/usr/share/texlive/texmf-dist/tex/latex/amsmath/amsgen.sty
File: amsgen.sty 1999/11/30 v2.0 generic functions
\@emptytoks=\toks34
\ex@=\dimen273
))
(/usr/share/texlive/texmf-dist/tex/latex/amsmath/amsbsy.sty
Package: amsbsy 1999/11/29 v1.2d Bold Symbols
\pmbraise@=\dimen274
)
(/usr/share/texlive/texmf-dist/tex/latex/amsmath/amsopn.sty
Package: amsopn 2021/08/26 v2.02 operator names
)
\inf@bad=\count316
LaTeX Info: Redefining \frac on input line 234.
\uproot@=\count317
\leftroot@=\count318
LaTeX Info: Redefining \overline on input line 399.
\classnum@=\count319
\DOTSCASE@=\count320
LaTeX Info: Redefining \ldots on input line 496.
LaTeX Info: Redefining \dots on input line 499.
LaTeX Info: Redefining \cdots on input line 620.
\Mathstrutbox@=\box73
\strutbox@=\box74
\big@size=\dimen275
LaTeX Font Info:    Redeclaring font encoding OML on input line 743.
LaTeX Font Info:    Redeclaring font encoding OMS on input line 744.
\macc@depth=\count321
\c@MaxMatrixCols=\count322
\dotsspace@=\muskip17
\c@parentequation=\count323
\dspbrk@lvl=\count324
\tag@help=\toks35
\row@=\count325
\column@=\count326
\maxfields@=\count327
\andhelp@=\toks36
\eqnshift@=\dimen276
\alignsep@=\dimen277
\tagshift@=\dimen278
\tagwidth@=\dimen279
\totwidth@=\dimen280
\lineht@=\dimen281
\@envbody=\toks37
\multlinegap=\skip59
\multlinetaggap=\skip60
\mathdisplay@stack=\toks38
LaTeX Info: Redefining \[ on input line 2938.
LaTeX Info: Redefining \] on input line 2939.
)
(/usr/share/texlive/texmf-dist/tex/latex/amscls/amsthm.sty
Package: amsthm 2020/05/29 v2.20.6
\thm@style=\toks39
\thm@bodyfont=\toks40
\thm@headfont=\toks41
\thm@notefont=\toks42
\thm@headpunct=\toks43
\thm@preskip=\skip61
\thm@postskip=\skip62
\thm@headsep=\skip63
\dth@everypar=\toks44
)
\c@theorem=\count328
)
(/usr/share/texlive/texmf-dist/tex/latex/beamer/beamerbasethemes.sty))
(/usr/share/texlive/texmf-dist/tex/latex/beamer/beamerthemedefault.sty
(/usr/share/texlive/texmf-dist/tex/latex/beamer/beamerfontthemedefault.sty)
(/usr/share/texlive/texmf-dist/tex/latex/beamer/beamercolorthemedefault.sty)
(/usr/share/texlive/texmf-dist/tex/latex/beamer/beamerinnerthemedefault.sty
\beamer@dima=\dimen282
\beamer@dimb=\dimen283
)
(/usr/share/texlive/texmf-dist/tex/latex/beamer/beamerouterthemedefault.sty)))
(/usr/share/texlive/texmf-dist/tex/latex/base/fontenc.sty
Package: fontenc 2021/04/29 v2.0v Standard LaTeX package
)
(/usr/share/texlive/texmf-dist/tex/latex/base/inputenc.sty
Package: inputenc 2021/02/14 v1.3d Input encoding file
\inpenc@prehook=\toks45
\inpenc@posthook=\toks46
)
(/usr/share/texlive/texmf-dist/tex/generic/babel/babel.sty
Package: babel 2022/01/26 3.70 The Babel package
\babel@savecnt=\count329
\U@D=\dimen284
\l@unhyphenated=\language87

(/usr/share/texlive/texmf-dist/tex/generic/babel/txtbabel.def)
\bbl@readstream=\read3
LaTeX Info: Redefining \textlatin on input line 3967.
\bbl@dirlevel=\count330

(/usr/share/texlive/texmf-dist/tex/generic/babel-english/english.ldf
Language: english 2017/06/06 v3.3r English support from the babel system
Package babel Info: Hyphen rules for 'canadian' set to \l@english
(babel)             (\language0). Reported on input line 102.
Package babel Info: Hyphen rules for 'australian' set to \l@ukenglish
(babel)             (\language62). Reported on input line 105.
Package babel Info: Hyphen rules for 'newzealand' set to \l@ukenglish
(babel)             (\language62). Reported on input line 108.
))
(/usr/share/texlive/texmf-dist/tex/latex/graphics/rotating.sty
Package: rotating 2016/08/11 v2.16d rotated objects in LaTeX

(/usr/share/texlive/texmf-dist/tex/latex/base/ifthen.sty
Package: ifthen 2020/11/24 v1.1c Standard LaTeX ifthen package (DPC)
)
\c@r@tfl@t=\count331
\rotFPtop=\skip64
\rotFPbot=\skip65
\rot@float@box=\box75
\rot@mess@toks=\toks47
)
(/usr/share/texlive/texmf-dist/tex/latex/cancel/cancel.sty
Package: cancel 2013/04/12 v2.2 Cancel math terms
)
(/usr/share/texlive/texmf-dist/tex/latex/beamertheme-metropolis/beamerthememetr
opolis.sty
Package: beamerthememetropolis 2017/01/23 v1.2 Metropolis Beamer theme
 (/usr/share/texlive/texmf-dist/tex/latex/pgfopts/pgfopts.sty
Package: pgfopts 2014/07/10 v2.1a LaTeX package options with pgfkeys

(/usr/share/texlive/texmf-dist/tex/latex/pgf/utilities/pgfkeys.sty
(/usr/share/texlive/texmf-dist/tex/generic/pgf/utilities/pgfkeys.code.tex))
\pgfopts@list@add@a@toks=\toks48
\pgfopts@list@add@b@toks=\toks49
)
(/usr/share/texlive/texmf-dist/tex/latex/beamertheme-metropolis/beamerinnerthem
emetropolis.sty
Package: beamerinnerthememetropolis 2017/01/23 Metropolis inner theme
 (/usr/share/texlive/texmf-dist/tex/latex/tools/calc.sty
Package: calc 2017/05/25 v4.3 Infix arithmetic (KKT,FJ)
\calc@Acount=\count332
\calc@Bcount=\count333
\calc@Adimen=\dimen285
\calc@Bdimen=\dimen286
\calc@Askip=\skip66
\calc@Bskip=\skip67
LaTeX Info: Redefining \setlength on input line 80.
LaTeX Info: Redefining \addtolength on input line 81.
\calc@Ccount=\count334
\calc@Cskip=\skip68
)
(/usr/share/texlive/texmf-dist/tex/latex/pgf/frontendlayer/tikz.sty
(/usr/share/texlive/texmf-dist/tex/latex/pgf/basiclayer/pgf.sty
Package: pgf 2021/05/15 v3.1.9a (3.1.9a)

(/usr/share/texlive/texmf-dist/tex/generic/pgf/modules/pgfmoduleshapes.code.tex
File: pgfmoduleshapes.code.tex 2021/05/15 v3.1.9a (3.1.9a)
\pgfnodeparttextbox=\box76
) (/usr/share/texlive/texmf-dist/tex/generic/pgf/modules/pgfmoduleplot.code.tex
File: pgfmoduleplot.code.tex 2021/05/15 v3.1.9a (3.1.9a)
)
(/usr/share/texlive/texmf-dist/tex/latex/pgf/compatibility/pgfcomp-version-0-65
.sty
Package: pgfcomp-version-0-65 2021/05/15 v3.1.9a (3.1.9a)
\pgf@nodesepstart=\dimen287
\pgf@nodesepend=\dimen288
)
(/usr/share/texlive/texmf-dist/tex/latex/pgf/compatibility/pgfcomp-version-1-18
.sty
Package: pgfcomp-version-1-18 2021/05/15 v3.1.9a (3.1.9a)
)) (/usr/share/texlive/texmf-dist/tex/latex/pgf/utilities/pgffor.sty
(/usr/share/texlive/texmf-dist/tex/latex/pgf/math/pgfmath.sty
(/usr/share/texlive/texmf-dist/tex/generic/pgf/math/pgfmath.code.tex))
(/usr/share/texlive/texmf-dist/tex/generic/pgf/utilities/pgffor.code.tex
Package: pgffor 2021/05/15 v3.1.9a (3.1.9a)

(/usr/share/texlive/texmf-dist/tex/generic/pgf/math/pgfmath.code.tex)
\pgffor@iter=\dimen289
\pgffor@skip=\dimen290
\pgffor@stack=\toks50
\pgffor@toks=\toks51
))
(/usr/share/texlive/texmf-dist/tex/generic/pgf/frontendlayer/tikz/tikz.code.tex
Package: tikz 2021/05/15 v3.1.9a (3.1.9a)

(/usr/share/texlive/texmf-dist/tex/generic/pgf/libraries/pgflibraryplothandlers
.code.tex
File: pgflibraryplothandlers.code.tex 2021/05/15 v3.1.9a (3.1.9a)
\pgf@plot@mark@count=\count335
\pgfplotmarksize=\dimen291
)
\tikz@lastx=\dimen292
\tikz@lasty=\dimen293
\tikz@lastxsaved=\dimen294
\tikz@lastysaved=\dimen295
\tikz@lastmovetox=\dimen296
\tikz@lastmovetoy=\dimen297
\tikzleveldistance=\dimen298
\tikzsiblingdistance=\dimen299
\tikz@figbox=\box77
\tikz@figbox@bg=\box78
\tikz@tempbox=\box79
\tikz@tempbox@bg=\box80
\tikztreelevel=\count336
\tikznumberofchildren=\count337
\tikznumberofcurrentchild=\count338
\tikz@fig@count=\count339

(/usr/share/texlive/texmf-dist/tex/generic/pgf/modules/pgfmodulematrix.code.tex
File: pgfmodulematrix.code.tex 2021/05/15 v3.1.9a (3.1.9a)
\pgfmatrixcurrentrow=\count340
\pgfmatrixcurrentcolumn=\count341
\pgf@matrix@numberofcolumns=\count342
)
\tikz@expandcount=\count343

(/usr/share/texlive/texmf-dist/tex/generic/pgf/frontendlayer/tikz/libraries/tik
zlibrarytopaths.code.tex
File: tikzlibrarytopaths.code.tex 2021/05/15 v3.1.9a (3.1.9a)
)))
\metropolis@titleseparator@linewidth=\skip69
\metropolis@progressonsectionpage=\skip70
\metropolis@progressonsectionpage@linewidth=\skip71
\metropolis@blocksep=\skip72
\metropolis@blockadjust=\skip73
\metropolis@parskip=\skip74
)
(/usr/share/texlive/texmf-dist/tex/latex/beamertheme-metropolis/beamerouterthem
emetropolis.sty
Package: beamerouterthememetropolis 2017/01/23 Metropolis outer theme
\metropolis@frametitle@padding=\skip75
\metropolis@progressinheadfoot=\skip76
\metropolis@progressinheadfoot@linewidth=\skip77
)
(/usr/share/texlive/texmf-dist/tex/latex/beamertheme-metropolis/beamercolorthem
emetropolis.sty
Package: beamercolorthememetropolis 2017/01/23 Metropolis color theme
)
(/usr/share/texlive/texmf-dist/tex/latex/beamertheme-metropolis/beamerfonttheme
metropolis.sty
Package: beamerfontthememetropolis 2017/01/23 Metropolis font theme
 (/usr/share/texlive/texmf-dist/tex/generic/iftex/ifxetex.sty
Package: ifxetex 2019/10/25 v0.7 ifxetex legacy package. Use iftex instead.
)
(/usr/share/texlive/texmf-dist/tex/generic/iftex/ifluatex.sty
Package: ifluatex 2019/10/25 v1.5 ifluatex legacy package. Use iftex instead.
)

Package beamerthememetropolis Warning: You need to compile with XeLaTeX or LuaL
aTeX to use the Fira fonts on input line 95.

)) (/usr/share/texlive/texmf-dist/tex/latex/colortbl/colortbl.sty
Package: colortbl 2020/01/04 v1.0e Color table columns (DPC)

(/usr/share/texlive/texmf-dist/tex/latex/tools/array.sty
Package: array 2021/10/04 v2.5f Tabular extension package (FMi)
\col@sep=\dimen300
\ar@mcellbox=\box81
\extrarowheight=\dimen301
\NC@list=\toks52
\extratabsurround=\skip78
\backup@length=\skip79
\ar@cellbox=\box82
)
\everycr=\toks53
\minrowclearance=\skip80
)
(/usr/share/texlive/texmf-dist/tex/latex/mdframed/mdframed.sty
Package: mdframed 2013/07/01 1.9b: mdframed

(/usr/share/texlive/texmf-dist/tex/latex/l3packages/xparse/xparse.sty
(/usr/share/texlive/texmf-dist/tex/latex/l3kernel/expl3.sty
Package: expl3 2022-01-21 L3 programming layer (loader) 

(/usr/share/texlive/texmf-dist/tex/latex/l3backend/l3backend-pdftex.def
File: l3backend-pdftex.def 2022-01-12 L3 backend support: PDF output (pdfTeX)
\l__color_backend_stack_int=\count344
\l__pdf_internal_box=\box83
))
Package: xparse 2022-01-12 L3 Experimental document command parser
)
(/usr/share/texlive/texmf-dist/tex/latex/zref/zref-abspage.sty
Package: zref-abspage 2020-07-03 v2.32 Module abspage for zref (HO)

(/usr/share/texlive/texmf-dist/tex/latex/zref/zref-base.sty
Package: zref-base 2020-07-03 v2.32 Module base for zref (HO)
Package zref Info: New property list: main on input line 764.
Package zref Info: New property: default on input line 765.
Package zref Info: New property: page on input line 766.
)
\c@abspage=\count345
Package zref Info: New property: abspage on input line 66.
)
(/usr/share/texlive/texmf-dist/tex/latex/needspace/needspace.sty
Package: needspace 2010/09/12 v1.3d reserve vertical space
)
\mdf@templength=\skip81
\c@mdf@globalstyle@cnt=\count346
\mdf@skipabove@length=\skip82
\mdf@skipbelow@length=\skip83
\mdf@leftmargin@length=\skip84
\mdf@rightmargin@length=\skip85
\mdf@innerleftmargin@length=\skip86
\mdf@innerrightmargin@length=\skip87
\mdf@innertopmargin@length=\skip88
\mdf@innerbottommargin@length=\skip89
\mdf@splittopskip@length=\skip90
\mdf@splitbottomskip@length=\skip91
\mdf@outermargin@length=\skip92
\mdf@innermargin@length=\skip93
\mdf@linewidth@length=\skip94
\mdf@innerlinewidth@length=\skip95
\mdf@middlelinewidth@length=\skip96
\mdf@outerlinewidth@length=\skip97
\mdf@roundcorner@length=\skip98
\mdf@footenotedistance@length=\skip99
\mdf@userdefinedwidth@length=\skip100
\mdf@needspace@length=\skip101
\mdf@frametitleaboveskip@length=\skip102
\mdf@frametitlebelowskip@length=\skip103
\mdf@frametitlerulewidth@length=\skip104
\mdf@frametitleleftmargin@length=\skip105
\mdf@frametitlerightmargin@length=\skip106
\mdf@shadowsize@length=\skip107
\mdf@extratopheight@length=\skip108
\mdf@subtitleabovelinewidth@length=\skip109
\mdf@subtitlebelowlinewidth@length=\skip110
\mdf@subtitleaboveskip@length=\skip111
\mdf@subtitlebelowskip@length=\skip112
\mdf@subtitleinneraboveskip@length=\skip113
\mdf@subtitleinnerbelowskip@length=\skip114
\mdf@subsubtitleabovelinewidth@length=\skip115
\mdf@subsubtitlebelowlinewidth@length=\skip116
\mdf@subsubtitleaboveskip@length=\skip117
\mdf@subsubtitlebelowskip@length=\skip118
\mdf@subsubtitleinneraboveskip@length=\skip119
\mdf@subsubtitleinnerbelowskip@length=\skip120

(/usr/share/texlive/texmf-dist/tex/latex/mdframed/md-frame-0.mdf
File: md-frame-0.mdf 2013/07/01\ 1.9b: md-frame-0
)
\mdf@frametitlebox=\box84
\mdf@footnotebox=\box85
\mdf@splitbox@one=\box86
\mdf@splitbox@two=\box87
\mdf@splitbox@save=\box88
\mdfsplitboxwidth=\skip121
\mdfsplitboxtotalwidth=\skip122
\mdfsplitboxheight=\skip123
\mdfsplitboxdepth=\skip124
\mdfsplitboxtotalheight=\skip125
\mdfframetitleboxwidth=\skip126
\mdfframetitleboxtotalwidth=\skip127
\mdfframetitleboxheight=\skip128
\mdfframetitleboxdepth=\skip129
\mdfframetitleboxtotalheight=\skip130
\mdffootnoteboxwidth=\skip131
\mdffootnoteboxtotalwidth=\skip132
\mdffootnoteboxheight=\skip133
\mdffootnoteboxdepth=\skip134
\mdffootnoteboxtotalheight=\skip135
\mdftotallinewidth=\skip136
\mdfboundingboxwidth=\skip137
\mdfboundingboxtotalwidth=\skip138
\mdfboundingboxheight=\skip139
\mdfboundingboxdepth=\skip140
\mdfboundingboxtotalheight=\skip141
\mdf@freevspace@length=\skip142
\mdf@horizontalwidthofbox@length=\skip143
\mdf@verticalmarginwhole@length=\skip144
\mdf@horizontalspaceofbox=\skip145
\mdfsubtitleheight=\skip146
\mdfsubsubtitleheight=\skip147
\c@mdfcountframes=\count347

****** mdframed patching \endmdf@trivlist

****** -- failed******

\mdf@envdepth=\count348
\c@mdf@env@i=\count349
\c@mdf@env@ii=\count350
\c@mdf@zref@counter=\count351
Package zref Info: New property: mdf@pagevalue on input line 895.
)
(/usr/share/texmf/tex/latex/lm/lmodern.sty
Package: lmodern 2009/10/30 v1.6 Latin Modern Fonts
LaTeX Font Info:    Overwriting symbol font `operators' in version `normal'
(Font)                  OT1/cmr/m/n --> OT1/lmr/m/n on input line 22.
LaTeX Font Info:    Overwriting symbol font `letters' in version `normal'
(Font)                  OML/cmm/m/it --> OML/lmm/m/it on input line 23.
LaTeX Font Info:    Overwriting symbol font `symbols' in version `normal'
(Font)                  OMS/cmsy/m/n --> OMS/lmsy/m/n on input line 24.
LaTeX Font Info:    Overwriting symbol font `largesymbols' in version `normal'
(Font)                  OMX/cmex/m/n --> OMX/lmex/m/n on input line 25.
LaTeX Font Info:    Overwriting symbol font `operators' in version `bold'
(Font)                  OT1/cmr/bx/n --> OT1/lmr/bx/n on input line 26.
LaTeX Font Info:    Overwriting symbol font `letters' in version `bold'
(Font)                  OML/cmm/b/it --> OML/lmm/b/it on input line 27.
LaTeX Font Info:    Overwriting symbol font `symbols' in version `bold'
(Font)                  OMS/cmsy/b/n --> OMS/lmsy/b/n on input line 28.
LaTeX Font Info:    Overwriting symbol font `largesymbols' in version `bold'
(Font)                  OMX/cmex/m/n --> OMX/lmex/m/n on input line 29.
LaTeX Font Info:    Overwriting math alphabet `\mathbf' in version `normal'
(Font)                  OT1/cmr/bx/n --> OT1/lmr/bx/n on input line 31.
LaTeX Font Info:    Overwriting math alphabet `\mathsf' in version `normal'
(Font)                  OT1/cmss/m/n --> OT1/lmss/m/n on input line 32.
LaTeX Font Info:    Overwriting math alphabet `\mathit' in version `normal'
(Font)                  OT1/cmr/m/it --> OT1/lmr/m/it on input line 33.
LaTeX Font Info:    Overwriting math alphabet `\mathtt' in version `normal'
(Font)                  OT1/cmtt/m/n --> OT1/lmtt/m/n on input line 34.
LaTeX Font Info:    Overwriting math alphabet `\mathbf' in version `bold'
(Font)                  OT1/cmr/bx/n --> OT1/lmr/bx/n on input line 35.
LaTeX Font Info:    Overwriting math alphabet `\mathsf' in version `bold'
(Font)                  OT1/cmss/bx/n --> OT1/lmss/bx/n on input line 36.
LaTeX Font Info:    Overwriting math alphabet `\mathit' in version `bold'
(Font)                  OT1/cmr/bx/it --> OT1/lmr/bx/it on input line 37.
LaTeX Font Info:    Overwriting math alphabet `\mathtt' in version `bold'
(Font)                  OT1/cmtt/m/n --> OT1/lmtt/m/n on input line 38.
)
(/usr/share/texlive/texmf-dist/tex/generic/pgf/frontendlayer/tikz/libraries/tik
zlibrarycalc.code.tex
File: tikzlibrarycalc.code.tex 2021/05/15 v3.1.9a (3.1.9a)
)
(/usr/share/texlive/texmf-dist/tex/generic/pgf/frontendlayer/tikz/libraries/tik
zlibraryshapes.code.tex
File: tikzlibraryshapes.code.tex 2021/05/15 v3.1.9a (3.1.9a)

(/usr/share/texlive/texmf-dist/tex/generic/pgf/frontendlayer/tikz/libraries/tik
zlibraryshapes.geometric.code.tex
File: tikzlibraryshapes.geometric.code.tex 2021/05/15 v3.1.9a (3.1.9a)

(/usr/share/texlive/texmf-dist/tex/generic/pgf/libraries/shapes/pgflibraryshape
s.geometric.code.tex
File: pgflibraryshapes.geometric.code.tex 2021/05/15 v3.1.9a (3.1.9a)
))
(/usr/share/texlive/texmf-dist/tex/generic/pgf/frontendlayer/tikz/libraries/tik
zlibraryshapes.misc.code.tex
File: tikzlibraryshapes.misc.code.tex 2021/05/15 v3.1.9a (3.1.9a)

(/usr/share/texlive/texmf-dist/tex/generic/pgf/libraries/shapes/pgflibraryshape
s.misc.code.tex
File: pgflibraryshapes.misc.code.tex 2021/05/15 v3.1.9a (3.1.9a)
))
(/usr/share/texlive/texmf-dist/tex/generic/pgf/frontendlayer/tikz/libraries/tik
zlibraryshapes.symbols.code.tex
File: tikzlibraryshapes.symbols.code.tex 2021/05/15 v3.1.9a (3.1.9a)

(/usr/share/texlive/texmf-dist/tex/generic/pgf/libraries/shapes/pgflibraryshape
s.symbols.code.tex
File: pgflibraryshapes.symbols.code.tex 2021/05/15 v3.1.9a (3.1.9a)
))
(/usr/share/texlive/texmf-dist/tex/generic/pgf/frontendlayer/tikz/libraries/tik
zlibraryshapes.arrows.code.tex
File: tikzlibraryshapes.arrows.code.tex 2021/05/15 v3.1.9a (3.1.9a)

(/usr/share/texlive/texmf-dist/tex/generic/pgf/libraries/shapes/pgflibraryshape
s.arrows.code.tex
File: pgflibraryshapes.arrows.code.tex 2021/05/15 v3.1.9a (3.1.9a)
))
(/usr/share/texlive/texmf-dist/tex/generic/pgf/frontendlayer/tikz/libraries/tik
zlibraryshapes.callouts.code.tex
(/usr/share/texlive/texmf-dist/tex/generic/pgf/libraries/shapes/pgflibraryshape
s.callouts.code.tex))
(/usr/share/texlive/texmf-dist/tex/generic/pgf/frontendlayer/tikz/libraries/tik
zlibraryshapes.multipart.code.tex
File: tikzlibraryshapes.multipart.code.tex 2021/05/15 v3.1.9a (3.1.9a)

(/usr/share/texlive/texmf-dist/tex/generic/pgf/libraries/shapes/pgflibraryshape
s.multipart.code.tex
File: pgflibraryshapes.multipart.code.tex 2021/05/15 v3.1.9a (3.1.9a)
\pgfnodepartlowerbox=\box89
\pgfnodeparttwobox=\box90
\pgfnodepartthreebox=\box91
\pgfnodepartfourbox=\box92
\pgfnodeparttwentybox=\box93
\pgfnodepartnineteenbox=\box94
\pgfnodeparteighteenbox=\box95
\pgfnodepartseventeenbox=\box96
\pgfnodepartsixteenbox=\box97
\pgfnodepartfifteenbox=\box98
\pgfnodepartfourteenbox=\box99
\pgfnodepartthirteenbox=\box100
\pgfnodeparttwelvebox=\box101
\pgfnodepartelevenbox=\box102
\pgfnodeparttenbox=\box103
\pgfnodepartninebox=\box104
\pgfnodeparteightbox=\box105
\pgfnodepartsevenbox=\box106
\pgfnodepartsixbox=\box107
\pgfnodepartfivebox=\box108
)))
(/usr/share/texlive/texmf-dist/tex/generic/pgf/frontendlayer/tikz/libraries/tik
zlibrarybackgrounds.code.tex
File: tikzlibrarybackgrounds.code.tex 2021/05/15 v3.1.9a (3.1.9a)
\pgf@layerbox@background=\box109
\pgf@layerboxsaved@background=\box110
)
(/usr/share/texlive/texmf-dist/tex/generic/pgf/frontendlayer/tikz/libraries/tik
zlibraryarrows.code.tex
File: tikzlibraryarrows.code.tex 2021/05/15 v3.1.9a (3.1.9a)

(/usr/share/texlive/texmf-dist/tex/generic/pgf/libraries/pgflibraryarrows.code.
tex
File: pgflibraryarrows.code.tex 2021/05/15 v3.1.9a (3.1.9a)
\arrowsize=\dimen302
))
(/usr/share/texlive/texmf-dist/tex/generic/pgf/frontendlayer/tikz/libraries/tik
zlibraryautomata.code.tex
File: tikzlibraryautomata.code.tex 2021/05/15 v3.1.9a (3.1.9a)
)
(/usr/share/texlive/texmf-dist/tex/generic/pgf/frontendlayer/tikz/libraries/tik
zlibraryshadows.code.tex
File: tikzlibraryshadows.code.tex 2021/05/15 v3.1.9a (3.1.9a)

(/usr/share/texlive/texmf-dist/tex/generic/pgf/frontendlayer/tikz/libraries/tik
zlibraryfadings.code.tex
File: tikzlibraryfadings.code.tex 2021/05/15 v3.1.9a (3.1.9a)

(/usr/share/texlive/texmf-dist/tex/generic/pgf/libraries/pgflibraryfadings.code
.tex
File: pgflibraryfadings.code.tex 2021/05/15 v3.1.9a (3.1.9a)
)))
(/usr/share/texlive/texmf-dist/tex/generic/pgf/frontendlayer/tikz/libraries/tik
zlibrarypositioning.code.tex
File: tikzlibrarypositioning.code.tex 2021/05/15 v3.1.9a (3.1.9a)
)
Package hyperref Info: Option `colorlinks' set `true' on input line 82.
\c@proposition=\count352
\c@algorithm=\count353

(/usr/share/texlive/texmf-dist/tex/latex/subfig/subfig.sty
Package: subfig 2005/06/28 ver: 1.3 subfig package

(/usr/share/texlive/texmf-dist/tex/latex/caption/caption.sty
Package: caption 2020/10/26 v3.5g Customizing captions (AR)

(/usr/share/texlive/texmf-dist/tex/latex/caption/caption3.sty
Package: caption3 2020/10/21 v2.2e caption3 kernel (AR)
\captionmargin=\dimen303
\captionmargin@=\dimen304
\captionwidth=\dimen305
\caption@tempdima=\dimen306
\caption@indent=\dimen307
\caption@parindent=\dimen308
\caption@hangindent=\dimen309
Package caption Info: beamer document class detected.

(/usr/share/texlive/texmf-dist/tex/latex/caption/caption-beamer.sto
File: caption-beamer.sto 2020/08/22 v2.0 Adaption of the caption package to the
 beamer document classes (AR)
))
\c@caption@flags=\count354
\c@continuedfloat=\count355
Package caption Info: hyperref package is loaded.
Package caption Info: Hyperref support is turned off
(caption)             because hyperref has stopped early.
Package caption Info: rotating package is loaded.
)
\c@KVtest=\count356
\sf@farskip=\skip148
\sf@captopadj=\dimen310
\sf@capskip=\skip149
\sf@nearskip=\skip150
\c@subfigure=\count357
\c@subfigure@save=\count358
\c@depth=\count359
\c@subtable=\count360
\c@subtable@save=\count361
\sf@top=\skip151
\sf@bottom=\skip152
)
(/usr/share/texlive/texmf-dist/tex/latex/setspace/setspace.sty
Package: setspace 2011/12/19 v6.7a set line spacing
)
(/usr/share/texlive/texmf-dist/tex/latex/multirow/multirow.sty
Package: multirow 2021/03/15 v2.8 Span multiple rows of a table
\multirow@colwidth=\skip153
\multirow@cntb=\count362
\multirow@dima=\skip154
\bigstrutjot=\dimen311
)
(/usr/share/texlive/texmf-dist/tex/latex/interval/interval.sty
Package: interval 2019/03/06 v0.4
)

Package hyperref Warning: Token not allowed in a PDF string (Unicode):
(hyperref)                removing `\includegraphics' on input line 120.


(/home/donnet/Dropbox/WORK_DROPBOX/ENSEIGNEMENT/2024-Saclay-MathsSV/CoursVariab
lesLatentes/LVM_CoursComplet/tools/notations_maths.tex)
LaTeX Font Info:    Trying to load font information for T1+lmss on input line 1
34.

(/usr/share/texmf/tex/latex/lm/t1lmss.fd
File: t1lmss.fd 2009/10/30 v1.6 Font defs for Latin Modern
) (./chap4_LVM_SBM_LBM.aux

LaTeX Warning: Label `eq:ICL' multiply defined.

)
\openout1 = `chap4_LVM_SBM_LBM.aux'.

LaTeX Font Info:    Checking defaults for OML/cmm/m/it on input line 134.
LaTeX Font Info:    ... okay on input line 134.
LaTeX Font Info:    Checking defaults for OMS/cmsy/m/n on input line 134.
LaTeX Font Info:    ... okay on input line 134.
LaTeX Font Info:    Checking defaults for OT1/cmr/m/n on input line 134.
LaTeX Font Info:    ... okay on input line 134.
LaTeX Font Info:    Checking defaults for T1/cmr/m/n on input line 134.
LaTeX Font Info:    ... okay on input line 134.
LaTeX Font Info:    Checking defaults for TS1/cmr/m/n on input line 134.
LaTeX Font Info:    ... okay on input line 134.
LaTeX Font Info:    Checking defaults for OMX/cmex/m/n on input line 134.
LaTeX Font Info:    ... okay on input line 134.
LaTeX Font Info:    Checking defaults for U/cmr/m/n on input line 134.
LaTeX Font Info:    ... okay on input line 134.
LaTeX Font Info:    Checking defaults for PD1/pdf/m/n on input line 134.
LaTeX Font Info:    ... okay on input line 134.
LaTeX Font Info:    Checking defaults for PU/pdf/m/n on input line 134.
LaTeX Font Info:    ... okay on input line 134.

*geometry* driver: auto-detecting
*geometry* detected driver: pdftex
*geometry* verbose mode - [ preamble ] result:
* driver: pdftex
* paper: custom
* layout: <same size as paper>
* layoutoffset:(h,v)=(0.0pt,0.0pt)
* modes: includehead includefoot 
* h-part:(L,W,R)=(28.45274pt, 307.28987pt, 28.45274pt)
* v-part:(T,H,B)=(0.0pt, 273.14662pt, 0.0pt)
* \paperwidth=364.19536pt
* \paperheight=273.14662pt
* \textwidth=307.28987pt
* \textheight=244.6939pt
* \oddsidemargin=-43.81725pt
* \evensidemargin=-43.81725pt
* \topmargin=-72.26999pt
* \headheight=14.22636pt
* \headsep=0.0pt
* \topskip=10.0pt
* \footskip=14.22636pt
* \marginparwidth=3.0pt
* \marginparsep=11.0pt
* \columnsep=10.0pt
* \skip\footins=9.0pt plus 4.0pt minus 2.0pt
* \hoffset=0.0pt
* \voffset=0.0pt
* \mag=1000
* \@twocolumnfalse
* \@twosidefalse
* \@mparswitchfalse
* \@reversemarginfalse
* (1in=72.27pt=25.4mm, 1cm=28.453pt)

(/usr/share/texlive/texmf-dist/tex/context/base/mkii/supp-pdf.mkii
[Loading MPS to PDF converter (version 2006.09.02).]
\scratchcounter=\count363
\scratchdimen=\dimen312
\scratchbox=\box111
\nofMPsegments=\count364
\nofMParguments=\count365
\everyMPshowfont=\toks54
\MPscratchCnt=\count366
\MPscratchDim=\dimen313
\MPnumerator=\count367
\makeMPintoPDFobject=\count368
\everyMPtoPDFconversion=\toks55
) (/usr/share/texlive/texmf-dist/tex/latex/epstopdf-pkg/epstopdf-base.sty
Package: epstopdf-base 2020-01-24 v2.11 Base part for package epstopdf
Package epstopdf-base Info: Redefining graphics rule for `.eps' on input line 4
85.

(/usr/share/texlive/texmf-dist/tex/latex/latexconfig/epstopdf-sys.cfg
File: epstopdf-sys.cfg 2010/07/13 v1.3 Configuration of (r)epstopdf for TeX Liv
e
))
Package hyperref Info: Link coloring ON on input line 134.

(/usr/share/texlive/texmf-dist/tex/latex/hyperref/nameref.sty
Package: nameref 2021-04-02 v2.47 Cross-referencing by name of section

(/usr/share/texlive/texmf-dist/tex/latex/refcount/refcount.sty
Package: refcount 2019/12/15 v3.6 Data extraction from label references (HO)
)
(/usr/share/texlive/texmf-dist/tex/generic/gettitlestring/gettitlestring.sty
Package: gettitlestring 2019/12/15 v1.6 Cleanup title references (HO)
)
\c@section@level=\count369
)
LaTeX Info: Redefining \ref on input line 134.
LaTeX Info: Redefining \pageref on input line 134.
LaTeX Info: Redefining \nameref on input line 134.

(./chap4_LVM_SBM_LBM.out) (./chap4_LVM_SBM_LBM.out)
\@outlinefile=\write5
\openout5 = `chap4_LVM_SBM_LBM.out'.

LaTeX Font Info:    Overwriting symbol font `operators' in version `normal'
(Font)                  OT1/lmr/m/n --> OT1/cmss/m/n on input line 134.
LaTeX Font Info:    Overwriting symbol font `operators' in version `bold'
(Font)                  OT1/lmr/bx/n --> OT1/cmss/b/n on input line 134.
LaTeX Font Info:    Overwriting symbol font `operators' in version `normal'
(Font)                  OT1/cmss/m/n --> OT1/lmss/m/n on input line 134.
LaTeX Font Info:    Overwriting symbol font `operators' in version `bold'
(Font)                  OT1/cmss/b/n --> OT1/lmss/b/n on input line 134.
\symnumbers=\mathgroup6
\sympureletters=\mathgroup7
LaTeX Font Info:    Overwriting math alphabet `\mathrm' in version `normal'
(Font)                  OT1/lmss/m/n --> T1/lmr/m/n on input line 134.
LaTeX Font Info:    Redeclaring math alphabet \mathbf on input line 134.
LaTeX Font Info:    Overwriting math alphabet `\mathbf' in version `normal'
(Font)                  OT1/lmr/bx/n --> T1/lmss/b/n on input line 134.
LaTeX Font Info:    Overwriting math alphabet `\mathbf' in version `bold'
(Font)                  OT1/lmr/bx/n --> T1/lmss/b/n on input line 134.
LaTeX Font Info:    Redeclaring math alphabet \mathsf on input line 134.
LaTeX Font Info:    Overwriting math alphabet `\mathsf' in version `normal'
(Font)                  OT1/lmss/m/n --> T1/lmss/m/n on input line 134.
LaTeX Font Info:    Overwriting math alphabet `\mathsf' in version `bold'
(Font)                  OT1/lmss/bx/n --> T1/lmss/m/n on input line 134.
LaTeX Font Info:    Redeclaring math alphabet \mathit on input line 134.
LaTeX Font Info:    Overwriting math alphabet `\mathit' in version `normal'
(Font)                  OT1/lmr/m/it --> T1/lmss/m/it on input line 134.
LaTeX Font Info:    Overwriting math alphabet `\mathit' in version `bold'
(Font)                  OT1/lmr/bx/it --> T1/lmss/m/it on input line 134.
LaTeX Font Info:    Redeclaring math alphabet \mathtt on input line 134.
LaTeX Font Info:    Overwriting math alphabet `\mathtt' in version `normal'
(Font)                  OT1/lmtt/m/n --> T1/lmtt/m/n on input line 134.
LaTeX Font Info:    Overwriting math alphabet `\mathtt' in version `bold'
(Font)                  OT1/lmtt/m/n --> T1/lmtt/m/n on input line 134.
LaTeX Font Info:    Overwriting symbol font `numbers' in version `bold'
(Font)                  T1/lmss/m/n --> T1/lmss/b/n on input line 134.
LaTeX Font Info:    Overwriting symbol font `pureletters' in version `bold'
(Font)                  T1/lmss/m/it --> T1/lmss/b/it on input line 134.
LaTeX Font Info:    Overwriting math alphabet `\mathrm' in version `bold'
(Font)                  OT1/lmss/b/n --> T1/lmr/b/n on input line 134.
LaTeX Font Info:    Overwriting math alphabet `\mathbf' in version `bold'
(Font)                  T1/lmss/b/n --> T1/lmss/b/n on input line 134.
LaTeX Font Info:    Overwriting math alphabet `\mathsf' in version `bold'
(Font)                  T1/lmss/m/n --> T1/lmss/b/n on input line 134.
LaTeX Font Info:    Overwriting math alphabet `\mathit' in version `bold'
(Font)                  T1/lmss/m/it --> T1/lmss/b/it on input line 134.
LaTeX Font Info:    Overwriting math alphabet `\mathtt' in version `bold'
(Font)                  T1/lmtt/m/n --> T1/lmtt/b/n on input line 134.

(/usr/share/texlive/texmf-dist/tex/latex/translator/translator-basic-dictionary
-English.dict
Dictionary: translator-basic-dictionary, Language: English 
)
(/usr/share/texlive/texmf-dist/tex/latex/translator/translator-bibliography-dic
tionary-English.dict
Dictionary: translator-bibliography-dictionary, Language: English 
)
(/usr/share/texlive/texmf-dist/tex/latex/translator/translator-environment-dict
ionary-English.dict
Dictionary: translator-environment-dictionary, Language: English 
)
(/usr/share/texlive/texmf-dist/tex/latex/translator/translator-months-dictionar
y-English.dict
Dictionary: translator-months-dictionary, Language: English 
)
(/usr/share/texlive/texmf-dist/tex/latex/translator/translator-numbers-dictiona
ry-English.dict
Dictionary: translator-numbers-dictionary, Language: English 
)
(/usr/share/texlive/texmf-dist/tex/latex/translator/translator-theorem-dictiona
ry-English.dict
Dictionary: translator-theorem-dictionary, Language: English 
)
Package caption Info: Begin \AtBeginDocument code.
Package caption Info: subfig package v1.3 is loaded.
Package caption Info: End \AtBeginDocument code.
 (./chap4_LVM_SBM_LBM.nav)
</home/donnet/Dropbox/WORK_DROPBOX/ENSEIGNEMENT/2024-Saclay-MathsSV/CoursVariab
lesLatentes/LVM_CoursComplet/tools/logo//Logo-INRAE.jpg, id=77, 301.125pt x 79.
29625pt>
File: /home/donnet/Dropbox/WORK_DROPBOX/ENSEIGNEMENT/2024-Saclay-MathsSV/CoursV
ariablesLatentes/LVM_CoursComplet/tools/logo//Logo-INRAE.jpg Graphic file (type
 jpg)
<use /home/donnet/Dropbox/WORK_DROPBOX/ENSEIGNEMENT/2024-Saclay-MathsSV/CoursVa
riablesLatentes/LVM_CoursComplet/tools/logo//Logo-INRAE.jpg>
Package pdftex.def Info: /home/donnet/Dropbox/WORK_DROPBOX/ENSEIGNEMENT/2024-Sa
clay-MathsSV/CoursVariablesLatentes/LVM_CoursComplet/tools/logo//Logo-INRAE.jpg
  used on input line 149.
(pdftex.def)             Requested size: 30.11426pt x 7.93008pt.
LaTeX Font Info:    Trying to load font information for OT1+lmss on input line 
149.

(/usr/share/texmf/tex/latex/lm/ot1lmss.fd
File: ot1lmss.fd 2009/10/30 v1.6 Font defs for Latin Modern
)
LaTeX Font Info:    Trying to load font information for OML+lmm on input line 1
49.

(/usr/share/texmf/tex/latex/lm/omllmm.fd
File: omllmm.fd 2009/10/30 v1.6 Font defs for Latin Modern
)
LaTeX Font Info:    Trying to load font information for OMS+lmsy on input line 
149.

(/usr/share/texmf/tex/latex/lm/omslmsy.fd
File: omslmsy.fd 2009/10/30 v1.6 Font defs for Latin Modern
)
LaTeX Font Info:    Trying to load font information for OMX+lmex on input line 
149.

(/usr/share/texmf/tex/latex/lm/omxlmex.fd
File: omxlmex.fd 2009/10/30 v1.6 Font defs for Latin Modern
)
LaTeX Font Info:    External font `lmex10' loaded for size
(Font)              <10> on input line 149.
LaTeX Font Info:    External font `lmex10' loaded for size
(Font)              <7> on input line 149.
LaTeX Font Info:    External font `lmex10' loaded for size
(Font)              <5> on input line 149.
LaTeX Font Info:    Trying to load font information for U+msa on input line 149
.

(/usr/share/texlive/texmf-dist/tex/latex/amsfonts/umsa.fd
File: umsa.fd 2013/01/14 v3.01 AMS symbols A
)
LaTeX Font Info:    Trying to load font information for U+msb on input line 149
.

(/usr/share/texlive/texmf-dist/tex/latex/amsfonts/umsb.fd
File: umsb.fd 2013/01/14 v3.01 AMS symbols B
)
LaTeX Font Info:    Font shape `T1/lmss/m/it' in size <10> not available
(Font)              Font shape `T1/lmss/m/sl' tried instead on input line 149.
LaTeX Font Info:    Font shape `T1/lmss/m/it' in size <7> not available
(Font)              Font shape `T1/lmss/m/sl' tried instead on input line 149.
LaTeX Font Info:    Font shape `T1/lmss/m/it' in size <5> not available
(Font)              Font shape `T1/lmss/m/sl' tried instead on input line 149.
</home/donnet/Dropbox/WORK_DROPBOX/ENSEIGNEMENT/2024-Saclay-MathsSV/CoursVariab
lesLatentes/LVM_CoursComplet/tools/logo//UPS.png, id=78, 403.5075pt x 125.46875
pt>
File: /home/donnet/Dropbox/WORK_DROPBOX/ENSEIGNEMENT/2024-Saclay-MathsSV/CoursV
ariablesLatentes/LVM_CoursComplet/tools/logo//UPS.png Graphic file (type png)
<use /home/donnet/Dropbox/WORK_DROPBOX/ENSEIGNEMENT/2024-Saclay-MathsSV/CoursVa
riablesLatentes/LVM_CoursComplet/tools/logo//UPS.png>
Package pdftex.def Info: /home/donnet/Dropbox/WORK_DROPBOX/ENSEIGNEMENT/2024-Sa
clay-MathsSV/CoursVariablesLatentes/LVM_CoursComplet/tools/logo//UPS.png  used 
on input line 149.
(pdftex.def)             Requested size: 80.70006pt x 25.09329pt.
</home/donnet/Dropbox/WORK_DROPBOX/ENSEIGNEMENT/2024-Saclay-MathsSV/CoursVariab
lesLatentes/LVM_CoursComplet/tools/logo//AgroParisTech.png, id=79, 992.95969pt 
x 366.61969pt>
File: /home/donnet/Dropbox/WORK_DROPBOX/ENSEIGNEMENT/2024-Saclay-MathsSV/CoursV
ariablesLatentes/LVM_CoursComplet/tools/logo//AgroParisTech.png Graphic file (t
ype png)
<use /home/donnet/Dropbox/WORK_DROPBOX/ENSEIGNEMENT/2024-Saclay-MathsSV/CoursVa
riablesLatentes/LVM_CoursComplet/tools/logo//AgroParisTech.png>
Package pdftex.def Info: /home/donnet/Dropbox/WORK_DROPBOX/ENSEIGNEMENT/2024-Sa
clay-MathsSV/CoursVariablesLatentes/LVM_CoursComplet/tools/logo//AgroParisTech.
png  used on input line 149.
(pdftex.def)             Requested size: 79.43839pt x 29.33017pt.
 [1

{/var/lib/texmf/fonts/map/pdftex/updmap/pdftex.map} </home/donnet/Dropbox/WORK_
DROPBOX/ENSEIGNEMENT/2024-Saclay-MathsSV/CoursVariablesLatentes/LVM_CoursComple
t/tools/logo//Logo-INRAE.jpg> </home/donnet/Dropbox/WORK_DROPBOX/ENSEIGNEMENT/2
024-Saclay-MathsSV/CoursVariablesLatentes/LVM_CoursComplet/tools/logo//UPS.png>
 </home/donnet/Dropbox/WORK_DROPBOX/ENSEIGNEMENT/2024-Saclay-MathsSV/CoursVaria
blesLatentes/LVM_CoursComplet/tools/logo//AgroParisTech.png>] (./chap4_LVM_SBM_
LBM.toc) [2

]
<plots/image_SBM.png, id=108, 115.27065pt x 87.4467pt>
File: plots/image_SBM.png Graphic file (type png)
<use plots/image_SBM.png>
Package pdftex.def Info: plots/image_SBM.png  used on input line 177.
(pdftex.def)             Requested size: 122.91406pt x 93.24812pt.
LaTeX Font Info:    Trying to load font information for TS1+lmss on input line 
177.

(/usr/share/texmf/tex/latex/lm/ts1lmss.fd
File: ts1lmss.fd 2009/10/30 v1.6 Font defs for Latin Modern
) [3

 <./plots/image_SBM.png>]
<plots/cooccurrence_network.png, id=118, 1714.405pt x 1124.2pt>
File: plots/cooccurrence_network.png Graphic file (type png)
<use plots/cooccurrence_network.png>
Package pdftex.def Info: plots/cooccurrence_network.png  used on input line 209
.
(pdftex.def)             Requested size: 153.64493pt x 100.74478pt.
<plots/plantant.png, id=131, 796.47563pt x 597.73312pt>
File: plots/plantant.png Graphic file (type png)
<use plots/plantant.png>
Package pdftex.def Info: plots/plantant.png  used on input line 209.
(pdftex.def)             Requested size: 153.64493pt x 115.30339pt.
 [4

 <./plots/cooccurrence_network.png> <./plots/plantant.png>] [5

]
</home/donnet/Dropbox/WORK_DROPBOX/ENSEIGNEMENT/2024-Saclay-MathsSV/CoursVariab
lesLatentes/LVM_CoursComplet/Chap4_LVM_SBM/Slides_SBM_LBM/slides_SBM_LBM_intro/
plots/graphe_adj.png, id=155, 330.48468pt x 278.54062pt>
File: /home/donnet/Dropbox/WORK_DROPBOX/ENSEIGNEMENT/2024-Saclay-MathsSV/CoursV
ariablesLatentes/LVM_CoursComplet/Chap4_LVM_SBM/Slides_SBM_LBM/slides_SBM_LBM_i
ntro/plots/graphe_adj.png Graphic file (type png)
<use /home/donnet/Dropbox/WORK_DROPBOX/ENSEIGNEMENT/2024-Saclay-MathsSV/CoursVa
riablesLatentes/LVM_CoursComplet/Chap4_LVM_SBM/Slides_SBM_LBM/slides_SBM_LBM_in
tro/plots/graphe_adj.png>
Package pdftex.def Info: /home/donnet/Dropbox/WORK_DROPBOX/ENSEIGNEMENT/2024-Sa
clay-MathsSV/CoursVariablesLatentes/LVM_CoursComplet/Chap4_LVM_SBM/Slides_SBM_L
BM/slides_SBM_LBM_intro/plots/graphe_adj.png  used on input line 265.
(pdftex.def)             Requested size: 165.24193pt x 139.26996pt.
 [6

 </home/donnet/Dropbox/WORK_DROPBOX/ENSEIGNEMENT/2024-Saclay-MathsSV/CoursVaria
blesLatentes/LVM_CoursComplet/Chap4_LVM_SBM/Slides_SBM_LBM/slides_SBM_LBM_intro
/plots/graphe_adj.png (PNG copy)>]
</home/donnet/Dropbox/WORK_DROPBOX/ENSEIGNEMENT/2024-Saclay-MathsSV/CoursVariab
lesLatentes/LVM_CoursComplet/Chap4_LVM_SBM/Slides_SBM_LBM/slides_SBM_LBM_intro/
plots/graphe_adj_dir.png, id=164, 330.48468pt x 278.54062pt>
File: /home/donnet/Dropbox/WORK_DROPBOX/ENSEIGNEMENT/2024-Saclay-MathsSV/CoursV
ariablesLatentes/LVM_CoursComplet/Chap4_LVM_SBM/Slides_SBM_LBM/slides_SBM_LBM_i
ntro/plots/graphe_adj_dir.png Graphic file (type png)
<use /home/donnet/Dropbox/WORK_DROPBOX/ENSEIGNEMENT/2024-Saclay-MathsSV/CoursVa
riablesLatentes/LVM_CoursComplet/Chap4_LVM_SBM/Slides_SBM_LBM/slides_SBM_LBM_in
tro/plots/graphe_adj_dir.png>
Package pdftex.def Info: /home/donnet/Dropbox/WORK_DROPBOX/ENSEIGNEMENT/2024-Sa
clay-MathsSV/CoursVariablesLatentes/LVM_CoursComplet/Chap4_LVM_SBM/Slides_SBM_L
BM/slides_SBM_LBM_intro/plots/graphe_adj_dir.png  used on input line 296.
(pdftex.def)             Requested size: 165.24193pt x 139.26996pt.
 [7

 </home/donnet/Dropbox/WORK_DROPBOX/ENSEIGNEMENT/2024-Saclay-MathsSV/CoursVaria
blesLatentes/LVM_CoursComplet/Chap4_LVM_SBM/Slides_SBM_LBM/slides_SBM_LBM_intro
/plots/graphe_adj_dir.png (PNG copy)>]
</home/donnet/Dropbox/WORK_DROPBOX/ENSEIGNEMENT/2024-Saclay-MathsSV/CoursVariab
lesLatentes/LVM_CoursComplet/Chap4_LVM_SBM/Slides_SBM_LBM/slides_SBM_LBM_intro/
plots/graphe_bipartite.png, id=171, 330.48468pt x 278.54062pt>
File: /home/donnet/Dropbox/WORK_DROPBOX/ENSEIGNEMENT/2024-Saclay-MathsSV/CoursV
ariablesLatentes/LVM_CoursComplet/Chap4_LVM_SBM/Slides_SBM_LBM/slides_SBM_LBM_i
ntro/plots/graphe_bipartite.png Graphic file (type png)
<use /home/donnet/Dropbox/WORK_DROPBOX/ENSEIGNEMENT/2024-Saclay-MathsSV/CoursVa
riablesLatentes/LVM_CoursComplet/Chap4_LVM_SBM/Slides_SBM_LBM/slides_SBM_LBM_in
tro/plots/graphe_bipartite.png>
Package pdftex.def Info: /home/donnet/Dropbox/WORK_DROPBOX/ENSEIGNEMENT/2024-Sa
clay-MathsSV/CoursVariablesLatentes/LVM_CoursComplet/Chap4_LVM_SBM/Slides_SBM_L
BM/slides_SBM_LBM_intro/plots/graphe_bipartite.png  used on input line 323.
(pdftex.def)             Requested size: 165.24193pt x 139.26996pt.
 [8

 </home/donnet/Dropbox/WORK_DROPBOX/ENSEIGNEMENT/2024-Saclay-MathsSV/CoursVaria
blesLatentes/LVM_CoursComplet/Chap4_LVM_SBM/Slides_SBM_LBM/slides_SBM_LBM_intro
/plots/graphe_bipartite.png (PNG copy)>]
File: plots/image_SBM.png Graphic file (type png)
<use plots/image_SBM.png>
Package pdftex.def Info: plots/image_SBM.png  used on input line 347.
(pdftex.def)             Requested size: 115.27036pt x 87.44647pt.
 [9

]
</home/donnet/Dropbox/WORK_DROPBOX/ENSEIGNEMENT/2024-Saclay-MathsSV/CoursVariab
lesLatentes/LVM_CoursComplet/Chap4_LVM_SBM/Slides_SBM_LBM/slides_SBM_LBM_intro/
plots/image_SBM.png, id=183, 115.27065pt x 87.4467pt>
File: /home/donnet/Dropbox/WORK_DROPBOX/ENSEIGNEMENT/2024-Saclay-MathsSV/CoursV
ariablesLatentes/LVM_CoursComplet/Chap4_LVM_SBM/Slides_SBM_LBM/slides_SBM_LBM_i
ntro/plots/image_SBM.png Graphic file (type png)
<use /home/donnet/Dropbox/WORK_DROPBOX/ENSEIGNEMENT/2024-Saclay-MathsSV/CoursVa
riablesLatentes/LVM_CoursComplet/Chap4_LVM_SBM/Slides_SBM_LBM/slides_SBM_LBM_in
tro/plots/image_SBM.png>
Package pdftex.def Info: /home/donnet/Dropbox/WORK_DROPBOX/ENSEIGNEMENT/2024-Sa
clay-MathsSV/CoursVariablesLatentes/LVM_CoursComplet/Chap4_LVM_SBM/Slides_SBM_L
BM/slides_SBM_LBM_intro/plots/image_SBM.png  used on input line 366.
(pdftex.def)             Requested size: 69.1629pt x 52.46841pt.
 [10

 </home/donnet/Dropbox/WORK_DROPBOX/ENSEIGNEMENT/2024-Saclay-MathsSV/CoursVaria
blesLatentes/LVM_CoursComplet/Chap4_LVM_SBM/Slides_SBM_LBM/slides_SBM_LBM_intro
/plots/image_SBM.png>] (./chap4_LVM_SBM_LBM.toc)
[11

] [12

]
<plots/chilean_food_web.pdf, id=206, 505.89pt x 505.89pt>
File: plots/chilean_food_web.pdf Graphic file (type pdf)
<use plots/chilean_food_web.pdf>
Package pdftex.def Info: plots/chilean_food_web.pdf  used on input line 398.
(pdftex.def)             Requested size: 215.10196pt x 215.1046pt.

Overfull \vbox (54.77736pt too high) detected at line 398
 []

[13

 <./plots/chilean_food_web.pdf>] [14

]
</home/donnet/Dropbox/WORK_DROPBOX/ENSEIGNEMENT/2024-Saclay-MathsSV/CoursVariab
lesLatentes/LVM_CoursComplet/Chap4_LVM_SBM/Slides_SBM_LBM/slides_SBM_LBM_intro/
plots/chilean_outdeg.pdf, id=228, 505.89pt x 505.89pt>
File: /home/donnet/Dropbox/WORK_DROPBOX/ENSEIGNEMENT/2024-Saclay-MathsSV/CoursV
ariablesLatentes/LVM_CoursComplet/Chap4_LVM_SBM/Slides_SBM_LBM/slides_SBM_LBM_i
ntro/plots/chilean_outdeg.pdf Graphic file (type pdf)
<use /home/donnet/Dropbox/WORK_DROPBOX/ENSEIGNEMENT/2024-Saclay-MathsSV/CoursVa
riablesLatentes/LVM_CoursComplet/Chap4_LVM_SBM/Slides_SBM_LBM/slides_SBM_LBM_in
tro/plots/chilean_outdeg.pdf>
Package pdftex.def Info: /home/donnet/Dropbox/WORK_DROPBOX/ENSEIGNEMENT/2024-Sa
clay-MathsSV/CoursVariablesLatentes/LVM_CoursComplet/Chap4_LVM_SBM/Slides_SBM_L
BM/slides_SBM_LBM_intro/plots/chilean_outdeg.pdf  used on input line 438.
(pdftex.def)             Requested size: 153.64493pt x 153.64394pt.
</home/donnet/Dropbox/WORK_DROPBOX/ENSEIGNEMENT/2024-Saclay-MathsSV/CoursVariab
lesLatentes/LVM_CoursComplet/Chap4_LVM_SBM/Slides_SBM_LBM/slides_SBM_LBM_intro/
plots/chilean_intdeg.pdf, id=241, 505.89pt x 505.89pt>
File: /home/donnet/Dropbox/WORK_DROPBOX/ENSEIGNEMENT/2024-Saclay-MathsSV/CoursV
ariablesLatentes/LVM_CoursComplet/Chap4_LVM_SBM/Slides_SBM_LBM/slides_SBM_LBM_i
ntro/plots/chilean_intdeg.pdf Graphic file (type pdf)
<use /home/donnet/Dropbox/WORK_DROPBOX/ENSEIGNEMENT/2024-Saclay-MathsSV/CoursVa
riablesLatentes/LVM_CoursComplet/Chap4_LVM_SBM/Slides_SBM_LBM/slides_SBM_LBM_in
tro/plots/chilean_intdeg.pdf>
Package pdftex.def Info: /home/donnet/Dropbox/WORK_DROPBOX/ENSEIGNEMENT/2024-Sa
clay-MathsSV/CoursVariablesLatentes/LVM_CoursComplet/Chap4_LVM_SBM/Slides_SBM_L
BM/slides_SBM_LBM_intro/plots/chilean_intdeg.pdf  used on input line 438.
(pdftex.def)             Requested size: 153.64493pt x 153.64394pt.
 [15

 </home/donnet/Dropbox/WORK_DROPBOX/ENSEIGNEMENT/2024-Saclay-MathsSV/CoursVaria
blesLatentes/LVM_CoursComplet/Chap4_LVM_SBM/Slides_SBM_LBM/slides_SBM_LBM_intro
/plots/chilean_outdeg.pdf> </home/donnet/Dropbox/WORK_DROPBOX/ENSEIGNEMENT/2024
-Saclay-MathsSV/CoursVariablesLatentes/LVM_CoursComplet/Chap4_LVM_SBM/Slides_SB
M_LBM/slides_SBM_LBM_intro/plots/chilean_intdeg.pdf>] [16

]
Overfull \vbox (7.99084pt too high) detected at line 479
 []

[17

]
</home/donnet/Dropbox/WORK_DROPBOX/ENSEIGNEMENT/2024-Saclay-MathsSV/CoursVariab
lesLatentes/LVM_CoursComplet/Chap4_LVM_SBM/Slides_SBM_LBM/slides_SBM_LBM_intro/
plots/chilean_between.pdf, id=305, 505.89pt x 505.89pt>
File: /home/donnet/Dropbox/WORK_DROPBOX/ENSEIGNEMENT/2024-Saclay-MathsSV/CoursV
ariablesLatentes/LVM_CoursComplet/Chap4_LVM_SBM/Slides_SBM_LBM/slides_SBM_LBM_i
ntro/plots/chilean_between.pdf Graphic file (type pdf)
<use /home/donnet/Dropbox/WORK_DROPBOX/ENSEIGNEMENT/2024-Saclay-MathsSV/CoursVa
riablesLatentes/LVM_CoursComplet/Chap4_LVM_SBM/Slides_SBM_LBM/slides_SBM_LBM_in
tro/plots/chilean_between.pdf>
Package pdftex.def Info: /home/donnet/Dropbox/WORK_DROPBOX/ENSEIGNEMENT/2024-Sa
clay-MathsSV/CoursVariablesLatentes/LVM_CoursComplet/Chap4_LVM_SBM/Slides_SBM_L
BM/slides_SBM_LBM_intro/plots/chilean_between.pdf  used on input line 493.
(pdftex.def)             Requested size: 184.3758pt x 184.37427pt.

Overfull \vbox (0.80386pt too high) detected at line 493
 []

[18

 </home/donnet/Dropbox/WORK_DROPBOX/ENSEIGNEMENT/2024-Saclay-MathsSV/CoursVaria
blesLatentes/LVM_CoursComplet/Chap4_LVM_SBM/Slides_SBM_LBM/slides_SBM_LBM_intro
/plots/chilean_between.pdf>] [19

]
</home/donnet/Dropbox/WORK_DROPBOX/ENSEIGNEMENT/2024-Saclay-MathsSV/CoursVariab
lesLatentes/LVM_CoursComplet/Chap4_LVM_SBM/Slides_SBM_LBM/slides_SBM_LBM_intro/
plots/chilean_nested.pdf, id=335, 505.89pt x 505.89pt>
File: /home/donnet/Dropbox/WORK_DROPBOX/ENSEIGNEMENT/2024-Saclay-MathsSV/CoursV
ariablesLatentes/LVM_CoursComplet/Chap4_LVM_SBM/Slides_SBM_LBM/slides_SBM_LBM_i
ntro/plots/chilean_nested.pdf Graphic file (type pdf)
<use /home/donnet/Dropbox/WORK_DROPBOX/ENSEIGNEMENT/2024-Saclay-MathsSV/CoursVa
riablesLatentes/LVM_CoursComplet/Chap4_LVM_SBM/Slides_SBM_LBM/slides_SBM_LBM_in
tro/plots/chilean_nested.pdf>
Package pdftex.def Info: /home/donnet/Dropbox/WORK_DROPBOX/ENSEIGNEMENT/2024-Sa
clay-MathsSV/CoursVariablesLatentes/LVM_CoursComplet/Chap4_LVM_SBM/Slides_SBM_L
BM/slides_SBM_LBM_intro/plots/chilean_nested.pdf  used on input line 524.
(pdftex.def)             Requested size: 153.64493pt x 153.64394pt.

Overfull \vbox (5.67342pt too high) detected at line 524
 []

[20

 </home/donnet/Dropbox/WORK_DROPBOX/ENSEIGNEMENT/2024-Saclay-MathsSV/CoursVaria
blesLatentes/LVM_CoursComplet/Chap4_LVM_SBM/Slides_SBM_LBM/slides_SBM_LBM_intro
/plots/chilean_nested.pdf>] [21

]
</home/donnet/Dropbox/WORK_DROPBOX/ENSEIGNEMENT/2024-Saclay-MathsSV/CoursVariab
lesLatentes/LVM_CoursComplet/Chap4_LVM_SBM/Slides_SBM_LBM/slides_SBM_LBM_intro/
plots/chilean_modularity.pdf, id=361, 505.89pt x 505.89pt>
File: /home/donnet/Dropbox/WORK_DROPBOX/ENSEIGNEMENT/2024-Saclay-MathsSV/CoursV
ariablesLatentes/LVM_CoursComplet/Chap4_LVM_SBM/Slides_SBM_LBM/slides_SBM_LBM_i
ntro/plots/chilean_modularity.pdf Graphic file (type pdf)
<use /home/donnet/Dropbox/WORK_DROPBOX/ENSEIGNEMENT/2024-Saclay-MathsSV/CoursVa
riablesLatentes/LVM_CoursComplet/Chap4_LVM_SBM/Slides_SBM_LBM/slides_SBM_LBM_in
tro/plots/chilean_modularity.pdf>
Package pdftex.def Info: /home/donnet/Dropbox/WORK_DROPBOX/ENSEIGNEMENT/2024-Sa
clay-MathsSV/CoursVariablesLatentes/LVM_CoursComplet/Chap4_LVM_SBM/Slides_SBM_L
BM/slides_SBM_LBM_intro/plots/chilean_modularity.pdf  used on input line 555.
(pdftex.def)             Requested size: 184.3758pt x 184.37427pt.

Overfull \vbox (12.89278pt too high) detected at line 555
 []

[22

 </home/donnet/Dropbox/WORK_DROPBOX/ENSEIGNEMENT/2024-Saclay-MathsSV/CoursVaria
blesLatentes/LVM_CoursComplet/Chap4_LVM_SBM/Slides_SBM_LBM/slides_SBM_LBM_intro
/plots/chilean_modularity.pdf>] (./chap4_LVM_SBM_LBM.toc) [23

] [24

]
</home/donnet/Dropbox/WORK_DROPBOX/ENSEIGNEMENT/2024-Saclay-MathsSV/CoursVariab
lesLatentes/LVM_CoursComplet/Chap4_LVM_SBM/Slides_SBM_LBM/slides_SBM_LBM_intro/
plots/ER.pdf, id=393, 505.89pt x 505.89pt>
File: /home/donnet/Dropbox/WORK_DROPBOX/ENSEIGNEMENT/2024-Saclay-MathsSV/CoursV
ariablesLatentes/LVM_CoursComplet/Chap4_LVM_SBM/Slides_SBM_LBM/slides_SBM_LBM_i
ntro/plots/ER.pdf Graphic file (type pdf)
<use /home/donnet/Dropbox/WORK_DROPBOX/ENSEIGNEMENT/2024-Saclay-MathsSV/CoursVa
riablesLatentes/LVM_CoursComplet/Chap4_LVM_SBM/Slides_SBM_LBM/slides_SBM_LBM_in
tro/plots/ER.pdf>
Package pdftex.def Info: /home/donnet/Dropbox/WORK_DROPBOX/ENSEIGNEMENT/2024-Sa
clay-MathsSV/CoursVariablesLatentes/LVM_CoursComplet/Chap4_LVM_SBM/Slides_SBM_L
BM/slides_SBM_LBM_intro/plots/ER.pdf  used on input line 592.
(pdftex.def)             Requested size: 151.76816pt x 151.76816pt.
</home/donnet/Dropbox/WORK_DROPBOX/ENSEIGNEMENT/2024-Saclay-MathsSV/CoursVariab
lesLatentes/LVM_CoursComplet/Chap4_LVM_SBM/Slides_SBM_LBM/slides_SBM_LBM_intro/
plots/degER.pdf, id=394, 505.89pt x 505.89pt>
File: /home/donnet/Dropbox/WORK_DROPBOX/ENSEIGNEMENT/2024-Saclay-MathsSV/CoursV
ariablesLatentes/LVM_CoursComplet/Chap4_LVM_SBM/Slides_SBM_LBM/slides_SBM_LBM_i
ntro/plots/degER.pdf Graphic file (type pdf)
<use /home/donnet/Dropbox/WORK_DROPBOX/ENSEIGNEMENT/2024-Saclay-MathsSV/CoursVa
riablesLatentes/LVM_CoursComplet/Chap4_LVM_SBM/Slides_SBM_LBM/slides_SBM_LBM_in
tro/plots/degER.pdf>
Package pdftex.def Info: /home/donnet/Dropbox/WORK_DROPBOX/ENSEIGNEMENT/2024-Sa
clay-MathsSV/CoursVariablesLatentes/LVM_CoursComplet/Chap4_LVM_SBM/Slides_SBM_L
BM/slides_SBM_LBM_intro/plots/degER.pdf  used on input line 592.
(pdftex.def)             Requested size: 151.76816pt x 151.76816pt.

Overfull \vbox (28.4963pt too high) detected at line 592
 []

[25

 </home/donnet/Dropbox/WORK_DROPBOX/ENSEIGNEMENT/2024-Saclay-MathsSV/CoursVaria
blesLatentes/LVM_CoursComplet/Chap4_LVM_SBM/Slides_SBM_LBM/slides_SBM_LBM_intro
/plots/ER.pdf> </home/donnet/Dropbox/WORK_DROPBOX/ENSEIGNEMENT/2024-Saclay-Math
sSV/CoursVariablesLatentes/LVM_CoursComplet/Chap4_LVM_SBM/Slides_SBM_LBM/slides
_SBM_LBM_intro/plots/degER.pdf>] [26

] (./chap4_LVM_SBM_LBM.toc) [27

]
[28

]
LaTeX Font Info:    External font `lmex10' loaded for size
(Font)              <9> on input line 740.
LaTeX Font Info:    External font `lmex10' loaded for size
(Font)              <6> on input line 740.
LaTeX Font Info:    Font shape `T1/lmss/m/it' in size <9> not available
(Font)              Font shape `T1/lmss/m/sl' tried instead on input line 740.
LaTeX Font Info:    Font shape `T1/lmss/m/it' in size <6> not available
(Font)              Font shape `T1/lmss/m/sl' tried instead on input line 740.

Overfull \vbox (19.9102pt too high) detected at line 740
 []

LaTeX Font Info:    Font shape `T1/lmss/b/n' in size <10> not available
(Font)              Font shape `T1/lmss/bx/n' tried instead on input line 740.
LaTeX Font Info:    Font shape `T1/lmss/b/n' in size <7> not available
(Font)              Font shape `T1/lmss/bx/n' tried instead on input line 740.
LaTeX Font Info:    Font shape `T1/lmss/b/n' in size <5> not available
(Font)              Font shape `T1/lmss/bx/n' tried instead on input line 740.

Overfull \vbox (3.44717pt too high) detected at line 740
 []

[29

] [30

] [31

]
</home/donnet/Dropbox/WORK_DROPBOX/ENSEIGNEMENT/2024-Saclay-MathsSV/CoursVariab
lesLatentes/LVM_CoursComplet/Chap4_LVM_SBM/Slides_SBM_LBM/slides_SBM_LBM_intro/
plots/sbm/Etoile_reordered_adja_with_groups.png, id=494, 569.0058pt x 569.0058p
t>
File: /home/donnet/Dropbox/WORK_DROPBOX/ENSEIGNEMENT/2024-Saclay-MathsSV/CoursV
ariablesLatentes/LVM_CoursComplet/Chap4_LVM_SBM/Slides_SBM_LBM/slides_SBM_LBM_i
ntro/plots/sbm/Etoile_reordered_adja_with_groups.png Graphic file (type png)
<use /home/donnet/Dropbox/WORK_DROPBOX/ENSEIGNEMENT/2024-Saclay-MathsSV/CoursVa
riablesLatentes/LVM_CoursComplet/Chap4_LVM_SBM/Slides_SBM_LBM/slides_SBM_LBM_in
tro/plots/sbm/Etoile_reordered_adja_with_groups.png>
Package pdftex.def Info: /home/donnet/Dropbox/WORK_DROPBOX/ENSEIGNEMENT/2024-Sa
clay-MathsSV/CoursVariablesLatentes/LVM_CoursComplet/Chap4_LVM_SBM/Slides_SBM_L
BM/slides_SBM_LBM_intro/plots/sbm/Etoile_reordered_adja_with_groups.png  used o
n input line 824.
(pdftex.def)             Requested size: 113.79913pt x 113.79913pt.
</home/donnet/Dropbox/WORK_DROPBOX/ENSEIGNEMENT/2024-Saclay-MathsSV/CoursVariab
lesLatentes/LVM_CoursComplet/Chap4_LVM_SBM/Slides_SBM_LBM/slides_SBM_LBM_intro/
plots/sbm/Etoile_graphe_with_colors.png, id=495, 481.8pt x 481.8pt>
File: /home/donnet/Dropbox/WORK_DROPBOX/ENSEIGNEMENT/2024-Saclay-MathsSV/CoursV
ariablesLatentes/LVM_CoursComplet/Chap4_LVM_SBM/Slides_SBM_LBM/slides_SBM_LBM_i
ntro/plots/sbm/Etoile_graphe_with_colors.png Graphic file (type png)
<use /home/donnet/Dropbox/WORK_DROPBOX/ENSEIGNEMENT/2024-Saclay-MathsSV/CoursVa
riablesLatentes/LVM_CoursComplet/Chap4_LVM_SBM/Slides_SBM_LBM/slides_SBM_LBM_in
tro/plots/sbm/Etoile_graphe_with_colors.png>
Package pdftex.def Info: /home/donnet/Dropbox/WORK_DROPBOX/ENSEIGNEMENT/2024-Sa
clay-MathsSV/CoursVariablesLatentes/LVM_CoursComplet/Chap4_LVM_SBM/Slides_SBM_L
BM/slides_SBM_LBM_intro/plots/sbm/Etoile_graphe_with_colors.png  used on input 
line 824.
(pdftex.def)             Requested size: 96.35829pt x 96.35829pt.
 [32

 </home/donnet/Dropbox/WORK_DROPBOX/ENSEIGNEMENT/2024-Saclay-MathsSV/CoursVaria
blesLatentes/LVM_CoursComplet/Chap4_LVM_SBM/Slides_SBM_LBM/slides_SBM_LBM_intro
/plots/sbm/Etoile_reordered_adja_with_groups.png (PNG copy)> </home/donnet/Drop
box/WORK_DROPBOX/ENSEIGNEMENT/2024-Saclay-MathsSV/CoursVariablesLatentes/LVM_Co
ursComplet/Chap4_LVM_SBM/Slides_SBM_LBM/slides_SBM_LBM_intro/plots/sbm/Etoile_g
raphe_with_colors.png (PNG copy)>]
</home/donnet/Dropbox/WORK_DROPBOX/ENSEIGNEMENT/2024-Saclay-MathsSV/CoursVariab
lesLatentes/LVM_CoursComplet/Chap4_LVM_SBM/Slides_SBM_LBM/slides_SBM_LBM_intro/
plots/sbm/Affiliation_reordered_adja_with_groups.png, id=501, 569.0058pt x 569.
0058pt>
File: /home/donnet/Dropbox/WORK_DROPBOX/ENSEIGNEMENT/2024-Saclay-MathsSV/CoursV
ariablesLatentes/LVM_CoursComplet/Chap4_LVM_SBM/Slides_SBM_LBM/slides_SBM_LBM_i
ntro/plots/sbm/Affiliation_reordered_adja_with_groups.png Graphic file (type pn
g)
<use /home/donnet/Dropbox/WORK_DROPBOX/ENSEIGNEMENT/2024-Saclay-MathsSV/CoursVa
riablesLatentes/LVM_CoursComplet/Chap4_LVM_SBM/Slides_SBM_LBM/slides_SBM_LBM_in
tro/plots/sbm/Affiliation_reordered_adja_with_groups.png>
Package pdftex.def Info: /home/donnet/Dropbox/WORK_DROPBOX/ENSEIGNEMENT/2024-Sa
clay-MathsSV/CoursVariablesLatentes/LVM_CoursComplet/Chap4_LVM_SBM/Slides_SBM_L
BM/slides_SBM_LBM_intro/plots/sbm/Affiliation_reordered_adja_with_groups.png  u
sed on input line 851.
(pdftex.def)             Requested size: 113.79913pt x 113.79913pt.
</home/donnet/Dropbox/WORK_DROPBOX/ENSEIGNEMENT/2024-Saclay-MathsSV/CoursVariab
lesLatentes/LVM_CoursComplet/Chap4_LVM_SBM/Slides_SBM_LBM/slides_SBM_LBM_intro/
plots/sbm/Affiliation_graphe_with_colors.png, id=502, 481.8pt x 481.8pt>
File: /home/donnet/Dropbox/WORK_DROPBOX/ENSEIGNEMENT/2024-Saclay-MathsSV/CoursV
ariablesLatentes/LVM_CoursComplet/Chap4_LVM_SBM/Slides_SBM_LBM/slides_SBM_LBM_i
ntro/plots/sbm/Affiliation_graphe_with_colors.png Graphic file (type png)
<use /home/donnet/Dropbox/WORK_DROPBOX/ENSEIGNEMENT/2024-Saclay-MathsSV/CoursVa
riablesLatentes/LVM_CoursComplet/Chap4_LVM_SBM/Slides_SBM_LBM/slides_SBM_LBM_in
tro/plots/sbm/Affiliation_graphe_with_colors.png>
Package pdftex.def Info: /home/donnet/Dropbox/WORK_DROPBOX/ENSEIGNEMENT/2024-Sa
clay-MathsSV/CoursVariablesLatentes/LVM_CoursComplet/Chap4_LVM_SBM/Slides_SBM_L
BM/slides_SBM_LBM_intro/plots/sbm/Affiliation_graphe_with_colors.png  used on i
nput line 851.
(pdftex.def)             Requested size: 96.35829pt x 96.35829pt.
 [33

 </home/donnet/Dropbox/WORK_DROPBOX/ENSEIGNEMENT/2024-Saclay-MathsSV/CoursVaria
blesLatentes/LVM_CoursComplet/Chap4_LVM_SBM/Slides_SBM_LBM/slides_SBM_LBM_intro
/plots/sbm/Affiliation_reordered_adja_with_groups.png (PNG copy)> </home/donnet
/Dropbox/WORK_DROPBOX/ENSEIGNEMENT/2024-Saclay-MathsSV/CoursVariablesLatentes/L
VM_CoursComplet/Chap4_LVM_SBM/Slides_SBM_LBM/slides_SBM_LBM_intro/plots/sbm/Aff
iliation_graphe_with_colors.png (PNG copy)>]
</home/donnet/Dropbox/WORK_DROPBOX/ENSEIGNEMENT/2024-Saclay-MathsSV/CoursVariab
lesLatentes/LVM_CoursComplet/Chap4_LVM_SBM/Slides_SBM_LBM/slides_SBM_LBM_intro/
plots/sbm/Nested_reordered_adja_with_groups.png, id=508, 569.0058pt x 569.0058p
t>
File: /home/donnet/Dropbox/WORK_DROPBOX/ENSEIGNEMENT/2024-Saclay-MathsSV/CoursV
ariablesLatentes/LVM_CoursComplet/Chap4_LVM_SBM/Slides_SBM_LBM/slides_SBM_LBM_i
ntro/plots/sbm/Nested_reordered_adja_with_groups.png Graphic file (type png)
<use /home/donnet/Dropbox/WORK_DROPBOX/ENSEIGNEMENT/2024-Saclay-MathsSV/CoursVa
riablesLatentes/LVM_CoursComplet/Chap4_LVM_SBM/Slides_SBM_LBM/slides_SBM_LBM_in
tro/plots/sbm/Nested_reordered_adja_with_groups.png>
Package pdftex.def Info: /home/donnet/Dropbox/WORK_DROPBOX/ENSEIGNEMENT/2024-Sa
clay-MathsSV/CoursVariablesLatentes/LVM_CoursComplet/Chap4_LVM_SBM/Slides_SBM_L
BM/slides_SBM_LBM_intro/plots/sbm/Nested_reordered_adja_with_groups.png  used o
n input line 875.
(pdftex.def)             Requested size: 113.79913pt x 113.79913pt.
</home/donnet/Dropbox/WORK_DROPBOX/ENSEIGNEMENT/2024-Saclay-MathsSV/CoursVariab
lesLatentes/LVM_CoursComplet/Chap4_LVM_SBM/Slides_SBM_LBM/slides_SBM_LBM_intro/
plots/sbm/Nested_graphe_with_colors.png, id=509, 481.8pt x 481.8pt>
File: /home/donnet/Dropbox/WORK_DROPBOX/ENSEIGNEMENT/2024-Saclay-MathsSV/CoursV
ariablesLatentes/LVM_CoursComplet/Chap4_LVM_SBM/Slides_SBM_LBM/slides_SBM_LBM_i
ntro/plots/sbm/Nested_graphe_with_colors.png Graphic file (type png)
<use /home/donnet/Dropbox/WORK_DROPBOX/ENSEIGNEMENT/2024-Saclay-MathsSV/CoursVa
riablesLatentes/LVM_CoursComplet/Chap4_LVM_SBM/Slides_SBM_LBM/slides_SBM_LBM_in
tro/plots/sbm/Nested_graphe_with_colors.png>
Package pdftex.def Info: /home/donnet/Dropbox/WORK_DROPBOX/ENSEIGNEMENT/2024-Sa
clay-MathsSV/CoursVariablesLatentes/LVM_CoursComplet/Chap4_LVM_SBM/Slides_SBM_L
BM/slides_SBM_LBM_intro/plots/sbm/Nested_graphe_with_colors.png  used on input 
line 875.
(pdftex.def)             Requested size: 96.35829pt x 96.35829pt.
 [34

 </home/donnet/Dropbox/WORK_DROPBOX/ENSEIGNEMENT/2024-Saclay-MathsSV/CoursVaria
blesLatentes/LVM_CoursComplet/Chap4_LVM_SBM/Slides_SBM_LBM/slides_SBM_LBM_intro
/plots/sbm/Nested_reordered_adja_with_groups.png (PNG copy)> </home/donnet/Drop
box/WORK_DROPBOX/ENSEIGNEMENT/2024-Saclay-MathsSV/CoursVariablesLatentes/LVM_Co
ursComplet/Chap4_LVM_SBM/Slides_SBM_LBM/slides_SBM_LBM_intro/plots/sbm/Nested_g
raphe_with_colors.png (PNG copy)>]
LaTeX Font Info:    Font shape `T1/lmss/b/n' in size <9> not available
(Font)              Font shape `T1/lmss/bx/n' tried instead on input line 973.
LaTeX Font Info:    Font shape `T1/lmss/b/n' in size <6> not available
(Font)              Font shape `T1/lmss/bx/n' tried instead on input line 973.

Overfull \vbox (9.04167pt too high) detected at line 973
 []

[35

]
</home/donnet/Dropbox/WORK_DROPBOX/ENSEIGNEMENT/2024-Saclay-MathsSV/CoursVariab
lesLatentes/LVM_CoursComplet/Chap4_LVM_SBM/Slides_SBM_LBM/slides_SBM_LBM_intro/
plots/sbm/Nested_adja.png, id=536, 569.0058pt x 569.0058pt>
File: /home/donnet/Dropbox/WORK_DROPBOX/ENSEIGNEMENT/2024-Saclay-MathsSV/CoursV
ariablesLatentes/LVM_CoursComplet/Chap4_LVM_SBM/Slides_SBM_LBM/slides_SBM_LBM_i
ntro/plots/sbm/Nested_adja.png Graphic file (type png)
<use /home/donnet/Dropbox/WORK_DROPBOX/ENSEIGNEMENT/2024-Saclay-MathsSV/CoursVa
riablesLatentes/LVM_CoursComplet/Chap4_LVM_SBM/Slides_SBM_LBM/slides_SBM_LBM_in
tro/plots/sbm/Nested_adja.png>
Package pdftex.def Info: /home/donnet/Dropbox/WORK_DROPBOX/ENSEIGNEMENT/2024-Sa
clay-MathsSV/CoursVariablesLatentes/LVM_CoursComplet/Chap4_LVM_SBM/Slides_SBM_L
BM/slides_SBM_LBM_intro/plots/sbm/Nested_adja.png  used on input line 986.
(pdftex.def)             Requested size: 113.79913pt x 113.79913pt.
</home/donnet/Dropbox/WORK_DROPBOX/ENSEIGNEMENT/2024-Saclay-MathsSV/CoursVariab
lesLatentes/LVM_CoursComplet/Chap4_LVM_SBM/Slides_SBM_LBM/slides_SBM_LBM_intro/
plots/sbm/Nested_graphe_without_colors.png, id=537, 481.8pt x 481.8pt>
File: /home/donnet/Dropbox/WORK_DROPBOX/ENSEIGNEMENT/2024-Saclay-MathsSV/CoursV
ariablesLatentes/LVM_CoursComplet/Chap4_LVM_SBM/Slides_SBM_LBM/slides_SBM_LBM_i
ntro/plots/sbm/Nested_graphe_without_colors.png Graphic file (type png)
<use /home/donnet/Dropbox/WORK_DROPBOX/ENSEIGNEMENT/2024-Saclay-MathsSV/CoursVa
riablesLatentes/LVM_CoursComplet/Chap4_LVM_SBM/Slides_SBM_LBM/slides_SBM_LBM_in
tro/plots/sbm/Nested_graphe_without_colors.png>
Package pdftex.def Info: /home/donnet/Dropbox/WORK_DROPBOX/ENSEIGNEMENT/2024-Sa
clay-MathsSV/CoursVariablesLatentes/LVM_CoursComplet/Chap4_LVM_SBM/Slides_SBM_L
BM/slides_SBM_LBM_intro/plots/sbm/Nested_graphe_without_colors.png  used on inp
ut line 986.
(pdftex.def)             Requested size: 96.35829pt x 96.35829pt.
 [36

 </home/donnet/Dropbox/WORK_DROPBOX/ENSEIGNEMENT/2024-Saclay-MathsSV/CoursVaria
blesLatentes/LVM_CoursComplet/Chap4_LVM_SBM/Slides_SBM_LBM/slides_SBM_LBM_intro
/plots/sbm/Nested_adja.png (PNG copy)> </home/donnet/Dropbox/WORK_DROPBOX/ENSEI
GNEMENT/2024-Saclay-MathsSV/CoursVariablesLatentes/LVM_CoursComplet/Chap4_LVM_S
BM/Slides_SBM_LBM/slides_SBM_LBM_intro/plots/sbm/Nested_graphe_without_colors.p
ng (PNG copy)>]
File: /home/donnet/Dropbox/WORK_DROPBOX/ENSEIGNEMENT/2024-Saclay-MathsSV/CoursV
ariablesLatentes/LVM_CoursComplet/Chap4_LVM_SBM/Slides_SBM_LBM/slides_SBM_LBM_i
ntro/plots/sbm/Nested_reordered_adja_with_groups.png Graphic file (type png)
<use /home/donnet/Dropbox/WORK_DROPBOX/ENSEIGNEMENT/2024-Saclay-MathsSV/CoursVa
riablesLatentes/LVM_CoursComplet/Chap4_LVM_SBM/Slides_SBM_LBM/slides_SBM_LBM_in
tro/plots/sbm/Nested_reordered_adja_with_groups.png>
Package pdftex.def Info: /home/donnet/Dropbox/WORK_DROPBOX/ENSEIGNEMENT/2024-Sa
clay-MathsSV/CoursVariablesLatentes/LVM_CoursComplet/Chap4_LVM_SBM/Slides_SBM_L
BM/slides_SBM_LBM_intro/plots/sbm/Nested_reordered_adja_with_groups.png  used o
n input line 1011.
(pdftex.def)             Requested size: 113.79913pt x 113.79913pt.
File: /home/donnet/Dropbox/WORK_DROPBOX/ENSEIGNEMENT/2024-Saclay-MathsSV/CoursV
ariablesLatentes/LVM_CoursComplet/Chap4_LVM_SBM/Slides_SBM_LBM/slides_SBM_LBM_i
ntro/plots/sbm/Nested_graphe_with_colors.png Graphic file (type png)
<use /home/donnet/Dropbox/WORK_DROPBOX/ENSEIGNEMENT/2024-Saclay-MathsSV/CoursVa
riablesLatentes/LVM_CoursComplet/Chap4_LVM_SBM/Slides_SBM_LBM/slides_SBM_LBM_in
tro/plots/sbm/Nested_graphe_with_colors.png>
Package pdftex.def Info: /home/donnet/Dropbox/WORK_DROPBOX/ENSEIGNEMENT/2024-Sa
clay-MathsSV/CoursVariablesLatentes/LVM_CoursComplet/Chap4_LVM_SBM/Slides_SBM_L
BM/slides_SBM_LBM_intro/plots/sbm/Nested_graphe_with_colors.png  used on input 
line 1011.
(pdftex.def)             Requested size: 96.35829pt x 96.35829pt.

Overfull \vbox (7.38763pt too high) detected at line 1011
 []

[37

] (./chap4_LVM_SBM_LBM.toc) [38

] [39

] [40

]
</home/donnet/Dropbox/WORK_DROPBOX/ENSEIGNEMENT/2024-Saclay-MathsSV/CoursVariab
lesLatentes/LVM_CoursComplet/Chap4_LVM_SBM/Slides_SBM_LBM/slides_SBM_LBM_intro/
plots/LBM_exemple.pdf, id=609, 505.89pt x 505.89pt>
File: /home/donnet/Dropbox/WORK_DROPBOX/ENSEIGNEMENT/2024-Saclay-MathsSV/CoursV
ariablesLatentes/LVM_CoursComplet/Chap4_LVM_SBM/Slides_SBM_LBM/slides_SBM_LBM_i
ntro/plots/LBM_exemple.pdf Graphic file (type pdf)
<use /home/donnet/Dropbox/WORK_DROPBOX/ENSEIGNEMENT/2024-Saclay-MathsSV/CoursVa
riablesLatentes/LVM_CoursComplet/Chap4_LVM_SBM/Slides_SBM_LBM/slides_SBM_LBM_in
tro/plots/LBM_exemple.pdf>
Package pdftex.def Info: /home/donnet/Dropbox/WORK_DROPBOX/ENSEIGNEMENT/2024-Sa
clay-MathsSV/CoursVariablesLatentes/LVM_CoursComplet/Chap4_LVM_SBM/Slides_SBM_L
BM/slides_SBM_LBM_intro/plots/LBM_exemple.pdf  used on input line 1105.
(pdftex.def)             Requested size: 151.76816pt x 151.76816pt.

Overfull \vbox (37.15147pt too high) detected at line 1105
 []

LaTeX Font Info:    Font shape `OT1/lmss/b/n' in size <10> not available
(Font)              Font shape `OT1/lmss/bx/n' tried instead on input line 1105
.
LaTeX Font Info:    Font shape `OT1/lmss/b/n' in size <7> not available
(Font)              Font shape `OT1/lmss/bx/n' tried instead on input line 1105
.
LaTeX Font Info:    Font shape `OT1/lmss/b/n' in size <5> not available
(Font)              Font shape `OT1/lmss/bx/n' tried instead on input line 1105
.
LaTeX Font Info:    Font shape `T1/lmss/b/it' in size <10> not available
(Font)              Font shape `T1/lmss/bx/it' tried instead on input line 1105
.
LaTeX Font Info:    Font shape `T1/lmss/bx/it' in size <10> not available
(Font)              Font shape `T1/lmss/bx/sl' tried instead on input line 1105
.
LaTeX Font Info:    Font shape `T1/lmss/b/it' in size <7> not available
(Font)              Font shape `T1/lmss/bx/it' tried instead on input line 1105
.
LaTeX Font Info:    Font shape `T1/lmss/bx/it' in size <7> not available
(Font)              Font shape `T1/lmss/bx/sl' tried instead on input line 1105
.
LaTeX Font Info:    Font shape `T1/lmss/b/it' in size <5> not available
(Font)              Font shape `T1/lmss/bx/it' tried instead on input line 1105
.
LaTeX Font Info:    Font shape `T1/lmss/bx/it' in size <5> not available
(Font)              Font shape `T1/lmss/bx/sl' tried instead on input line 1105
.

Overfull \vbox (37.40579pt too high) detected at line 1105
 []

[41

 </home/donnet/Dropbox/WORK_DROPBOX/ENSEIGNEMENT/2024-Saclay-MathsSV/CoursVaria
blesLatentes/LVM_CoursComplet/Chap4_LVM_SBM/Slides_SBM_LBM/slides_SBM_LBM_intro
/plots/LBM_exemple.pdf>] (./chap4_LVM_SBM_LBM.toc) [42

] [43

] [44

] [45

]
Overfull \vbox (1.15585pt too high) detected at line 1233
 []

[46

] (./chap4_LVM_SBM_LBM.toc) [47

] [48

] (./chap4_LVM_SBM_LBM.toc) [49

]
[50

] [51

] [52

]
Overfull \vbox (107.93776pt too high) detected at line 1369
 []

[53

] [54

] [55

] [56


] [57

] [58

] [59

] [60

] [61


] [62


] [63


] [64

] [65


] [66

]
(./chap4_LVM_SBM_LBM.toc) [67

]
LaTeX Font Info:    Trying to load font information for T1+lmr on input line 16
00.
 (/usr/share/texmf/tex/latex/lm/t1lmr.fd
File: t1lmr.fd 2009/10/30 v1.6 Font defs for Latin Modern
)
[68

pdfTeX warning (ext4): destination with the same identifier (name{eq:ICL}) has 
been already used, duplicate ignored
<argument> ...shipout:D \box_use:N \l_shipout_box 
                                                  \__shipout_drop_firstpage_...
l.1600 \end{frame}
                  ]
Overfull \hbox (35.1879pt too wide) detected at line 1625
\T1/lmss/m/sl/10 pen[] \OT1/lmss/m/n/10 = []
 []


Overfull \vbox (21.6066pt too high) detected at line 1625
 []

[69

] [70

]
Overfull \hbox (3.57959pt too wide) detected at line 1672
[]\OT1/lmss/m/n/10 (\OMS/lmsy/m/n/10 M\OT1/lmss/m/n/10 ) = \T1/lmss/m/sl/10 BIC
\OT1/lmss/m/n/10 (\OMS/lmsy/m/n/10 M\OT1/lmss/m/n/10 ) + [] \OMS/lmsy/m/n/10 R[
]\OT1/lmss/m/n/10 (\T1/lmss/bx/n/10 Z\OML/lmm/m/it/10 ; []\OT1/lmss/m/n/10 ) []
 \OMS/lmsy/m/n/10 R[]\OT1/lmss/m/n/10 (\T1/lmss/bx/n/10 Z\OT1/lmss/m/n/10 ) \OM
S/lmsy/m/n/10 ^^@ []\OT1/lmss/m/n/10 [\OMS/lmsy/m/n/10 R[]\OML/lmm/m/it/10 ; \T
1/lmss/m/sl/10 p\OT1/lmss/m/n/10 (\OMS/lmsy/m/n/10 ^^Aj\T1/lmss/bx/n/10 Y\OT1/l
mss/m/n/10 ; [])] \OML/lmm/m/it/10 :
 []


Overfull \vbox (27.15034pt too high) detected at line 1672
 []

[71

] [72

] [73

] [74

] [75

] (./chap4_LVM_SBM_LBM.bbl) [76

 </usr/share/texlive/texmf-dist/tex/latex/beamer/beamericonarticle.pdf>] [77


]
\tf@nav=\write6
\openout6 = `chap4_LVM_SBM_LBM.nav'.

\tf@toc=\write7
\openout7 = `chap4_LVM_SBM_LBM.toc'.

\tf@snm=\write8
\openout8 = `chap4_LVM_SBM_LBM.snm'.

 (./chap4_LVM_SBM_LBM.aux)

LaTeX Warning: There were multiply-defined labels.


Package rerunfilecheck Warning: File `chap4_LVM_SBM_LBM.out' has changed.
(rerunfilecheck)                Rerun to get outlines right
(rerunfilecheck)                or use package `bookmark'.

Package rerunfilecheck Info: Checksums for `chap4_LVM_SBM_LBM.out':
(rerunfilecheck)             Before: DEF1C97CFE6E38BA1415BB88BB308588;1422
(rerunfilecheck)             After:  1981A5F7D1690AC73CD88666831E2E94;1307.
 ) 
Here is how much of TeX's memory you used:
 33396 strings out of 478287
 722922 string characters out of 5849289
 969477 words of memory out of 5000000
 50638 multiletter control sequences out of 15000+600000
 579337 words of font info for 95 fonts, out of 8000000 for 9000
 1141 hyphenation exceptions out of 8191
 128i,17n,122p,1816b,1376s stack positions out of 5000i,500n,10000p,200000b,80000s
pdfTeX warning (dest): name{Outline0.5} has been referenced but does not exis
t, replaced by a fixed one

{/usr/share/texmf/fonts/enc/dvips/lm/lm-ec.enc}{/usr/share/texmf/fonts/enc/dvip
s/lm/lm-mathsy.enc}{/usr/share/texmf/fonts/enc/dvips/lm/lm-mathit.enc}{/usr/sha
re/texmf/fonts/enc/dvips/lm/lm-rm.enc}{/usr/share/texmf/fonts/enc/dvips/lm/lm-t
s1.enc}{/usr/share/texmf/fonts/enc/dvips/lm/lm-mathex.enc}</usr/share/texmf/fon
ts/type1/public/lm/lmbsy10.pfb></usr/share/texmf/fonts/type1/public/lm/lmbsy7.p
fb></usr/share/texmf/fonts/type1/public/lm/lmex10.pfb></usr/share/texmf/fonts/t
ype1/public/lm/lmmi10.pfb></usr/share/texmf/fonts/type1/public/lm/lmmi5.pfb></u
sr/share/texmf/fonts/type1/public/lm/lmmi7.pfb></usr/share/texmf/fonts/type1/pu
blic/lm/lmmi9.pfb></usr/share/texmf/fonts/type1/public/lm/lmmib10.pfb></usr/sha
re/texmf/fonts/type1/public/lm/lmr10.pfb></usr/share/texmf/fonts/type1/public/l
m/lmss10.pfb></usr/share/texmf/fonts/type1/public/lm/lmss12.pfb></usr/share/tex
mf/fonts/type1/public/lm/lmss8.pfb></usr/share/texmf/fonts/type1/public/lm/lmss
9.pfb></usr/share/texmf/fonts/type1/public/lm/lmssbx10.pfb></usr/share/texmf/fo
nts/type1/public/lm/lmsso10.pfb></usr/share/texmf/fonts/type1/public/lm/lmsso8.
pfb></usr/share/texmf/fonts/type1/public/lm/lmsso9.pfb></usr/share/texmf/fonts/
type1/public/lm/lmsy10.pfb></usr/share/texmf/fonts/type1/public/lm/lmsy5.pfb></
usr/share/texmf/fonts/type1/public/lm/lmsy6.pfb></usr/share/texmf/fonts/type1/p
ublic/lm/lmsy7.pfb></usr/share/texmf/fonts/type1/public/lm/lmsy9.pfb></usr/shar
e/texlive/texmf-dist/fonts/type1/public/amsfonts/symbols/msbm10.pfb>
Output written on chap4_LVM_SBM_LBM.pdf (77 pages, 4119039 bytes).
PDF statistics:
 1200 PDF objects out of 1200 (max. 8388607)
 815 compressed objects within 9 object streams
 181 named destinations out of 1000 (max. 500000)
 1434 words of extra memory for PDF output out of 10000 (max. 10000000)

