This is pdfTeX, Version 3.141592653-2.6-1.40.25 (TeX Live 2023) (preloaded format=pdflatex 2023.6.19)  5 MAR 2024 19:47
entering extended mode
 restricted \write18 enabled.
 %&-line parsing enabled.
**chap6_LVM_bayesian_main.tex
(./chap6_LVM_bayesian_main.tex
LaTeX2e <2023-06-01>
L3 programming layer <2023-06-16>
(/usr/local/texlive/2023/texmf-dist/tex/latex/beamer/beamer.cls
Document Class: beamer 2023/05/15 v3.70 A class for typesetting presentations
(/usr/local/texlive/2023/texmf-dist/tex/latex/beamer/beamerbasemodes.sty
(/usr/local/texlive/2023/texmf-dist/tex/latex/etoolbox/etoolbox.sty
Package: etoolbox 2020/10/05 v2.5k e-TeX tools for LaTeX (JAW)
\etb@tempcnta=\count185
)
\beamer@tempbox=\box51
\beamer@tempcount=\count186
\c@beamerpauses=\count187

(/usr/local/texlive/2023/texmf-dist/tex/latex/beamer/beamerbasedecode.sty
\beamer@slideinframe=\count188
\beamer@minimum=\count189
\beamer@decode@box=\box52
)
\beamer@commentbox=\box53
\beamer@modecount=\count190
)
(/usr/local/texlive/2023/texmf-dist/tex/generic/iftex/iftex.sty
Package: iftex 2022/02/03 v1.0f TeX engine tests
)
\headdp=\dimen140
\footheight=\dimen141
\sidebarheight=\dimen142
\beamer@tempdim=\dimen143
\beamer@finalheight=\dimen144
\beamer@animht=\dimen145
\beamer@animdp=\dimen146
\beamer@animwd=\dimen147
\beamer@leftmargin=\dimen148
\beamer@rightmargin=\dimen149
\beamer@leftsidebar=\dimen150
\beamer@rightsidebar=\dimen151
\beamer@boxsize=\dimen152
\beamer@vboxoffset=\dimen153
\beamer@descdefault=\dimen154
\beamer@descriptionwidth=\dimen155
\beamer@lastskip=\skip48
\beamer@areabox=\box54
\beamer@animcurrent=\box55
\beamer@animshowbox=\box56
\beamer@sectionbox=\box57
\beamer@logobox=\box58
\beamer@linebox=\box59
\beamer@sectioncount=\count191
\beamer@subsubsectionmax=\count192
\beamer@subsectionmax=\count193
\beamer@sectionmax=\count194
\beamer@totalheads=\count195
\beamer@headcounter=\count196
\beamer@partstartpage=\count197
\beamer@sectionstartpage=\count198
\beamer@subsectionstartpage=\count199
\beamer@animationtempa=\count266
\beamer@animationtempb=\count267
\beamer@xpos=\count268
\beamer@ypos=\count269
\beamer@ypos@offset=\count270
\beamer@showpartnumber=\count271
\beamer@currentsubsection=\count272
\beamer@coveringdepth=\count273
\beamer@sectionadjust=\count274
\beamer@toclastsection=\count275
\beamer@tocsectionnumber=\count276

(/usr/local/texlive/2023/texmf-dist/tex/latex/beamer/beamerbaseoptions.sty
(/usr/local/texlive/2023/texmf-dist/tex/latex/graphics/keyval.sty
Package: keyval 2022/05/29 v1.15 key=value parser (DPC)
\KV@toks@=\toks17
))
\beamer@paperwidth=\skip49
\beamer@paperheight=\skip50

(/usr/local/texlive/2023/texmf-dist/tex/latex/geometry/geometry.sty
Package: geometry 2020/01/02 v5.9 Page Geometry

(/usr/local/texlive/2023/texmf-dist/tex/generic/iftex/ifvtex.sty
Package: ifvtex 2019/10/25 v1.7 ifvtex legacy package. Use iftex instead.
)
\Gm@cnth=\count277
\Gm@cntv=\count278
\c@Gm@tempcnt=\count279
\Gm@bindingoffset=\dimen156
\Gm@wd@mp=\dimen157
\Gm@odd@mp=\dimen158
\Gm@even@mp=\dimen159
\Gm@layoutwidth=\dimen160
\Gm@layoutheight=\dimen161
\Gm@layouthoffset=\dimen162
\Gm@layoutvoffset=\dimen163
\Gm@dimlist=\toks18
)
(/usr/local/texlive/2023/texmf-dist/tex/latex/pgf/math/pgfmath.sty
(/usr/local/texlive/2023/texmf-dist/tex/latex/pgf/utilities/pgfrcs.sty
(/usr/local/texlive/2023/texmf-dist/tex/generic/pgf/utilities/pgfutil-common.te
x
\pgfutil@everybye=\toks19
\pgfutil@tempdima=\dimen164
\pgfutil@tempdimb=\dimen165
)
(/usr/local/texlive/2023/texmf-dist/tex/generic/pgf/utilities/pgfutil-latex.def
\pgfutil@abb=\box60
) (/usr/local/texlive/2023/texmf-dist/tex/generic/pgf/utilities/pgfrcs.code.tex
(/usr/local/texlive/2023/texmf-dist/tex/generic/pgf/pgf.revision.tex)
Package: pgfrcs 2023-01-15 v3.1.10 (3.1.10)
))
(/usr/local/texlive/2023/texmf-dist/tex/latex/pgf/utilities/pgfkeys.sty
(/usr/local/texlive/2023/texmf-dist/tex/generic/pgf/utilities/pgfkeys.code.tex
\pgfkeys@pathtoks=\toks20
\pgfkeys@temptoks=\toks21

(/usr/local/texlive/2023/texmf-dist/tex/generic/pgf/utilities/pgfkeyslibraryfil
tered.code.tex
\pgfkeys@tmptoks=\toks22
)))
(/usr/local/texlive/2023/texmf-dist/tex/generic/pgf/math/pgfmath.code.tex
(/usr/local/texlive/2023/texmf-dist/tex/generic/pgf/math/pgfmathutil.code.tex
\pgf@x=\dimen166
\pgf@xa=\dimen167
\pgf@xb=\dimen168
\pgf@xc=\dimen169
\pgf@y=\dimen170
\pgf@ya=\dimen171
\pgf@yb=\dimen172
\pgf@yc=\dimen173
\c@pgf@counta=\count280
\c@pgf@countb=\count281
\c@pgf@countc=\count282
\c@pgf@countd=\count283
)
(/usr/local/texlive/2023/texmf-dist/tex/generic/pgf/math/pgfmathparser.code.tex
\pgfmath@dimen=\dimen174
\pgfmath@count=\count284
\pgfmath@box=\box61
\pgfmath@toks=\toks23
\pgfmath@stack@operand=\toks24
\pgfmath@stack@operation=\toks25
)
(/usr/local/texlive/2023/texmf-dist/tex/generic/pgf/math/pgfmathfunctions.code.
tex)
(/usr/local/texlive/2023/texmf-dist/tex/generic/pgf/math/pgfmathfunctions.basic
.code.tex)
(/usr/local/texlive/2023/texmf-dist/tex/generic/pgf/math/pgfmathfunctions.trigo
nometric.code.tex)
(/usr/local/texlive/2023/texmf-dist/tex/generic/pgf/math/pgfmathfunctions.rando
m.code.tex)
(/usr/local/texlive/2023/texmf-dist/tex/generic/pgf/math/pgfmathfunctions.compa
rison.code.tex)
(/usr/local/texlive/2023/texmf-dist/tex/generic/pgf/math/pgfmathfunctions.base.
code.tex)
(/usr/local/texlive/2023/texmf-dist/tex/generic/pgf/math/pgfmathfunctions.round
.code.tex)
(/usr/local/texlive/2023/texmf-dist/tex/generic/pgf/math/pgfmathfunctions.misc.
code.tex)
(/usr/local/texlive/2023/texmf-dist/tex/generic/pgf/math/pgfmathfunctions.integ
erarithmetics.code.tex)
(/usr/local/texlive/2023/texmf-dist/tex/generic/pgf/math/pgfmathcalc.code.tex)
(/usr/local/texlive/2023/texmf-dist/tex/generic/pgf/math/pgfmathfloat.code.tex
\c@pgfmathroundto@lastzeros=\count285
))) (/usr/local/texlive/2023/texmf-dist/tex/latex/base/size10.clo
File: size10.clo 2023/05/17 v1.4n Standard LaTeX file (size option)
)
(/usr/local/texlive/2023/texmf-dist/tex/latex/pgf/basiclayer/pgfcore.sty
(/usr/local/texlive/2023/texmf-dist/tex/latex/graphics/graphicx.sty
Package: graphicx 2021/09/16 v1.2d Enhanced LaTeX Graphics (DPC,SPQR)

(/usr/local/texlive/2023/texmf-dist/tex/latex/graphics/graphics.sty
Package: graphics 2022/03/10 v1.4e Standard LaTeX Graphics (DPC,SPQR)

(/usr/local/texlive/2023/texmf-dist/tex/latex/graphics/trig.sty
Package: trig 2021/08/11 v1.11 sin cos tan (DPC)
)
(/usr/local/texlive/2023/texmf-dist/tex/latex/graphics-cfg/graphics.cfg
File: graphics.cfg 2016/06/04 v1.11 sample graphics configuration
)
Package graphics Info: Driver file: pdftex.def on input line 107.

(/usr/local/texlive/2023/texmf-dist/tex/latex/graphics-def/pdftex.def
File: pdftex.def 2022/09/22 v1.2b Graphics/color driver for pdftex
))
\Gin@req@height=\dimen175
\Gin@req@width=\dimen176
)
(/usr/local/texlive/2023/texmf-dist/tex/latex/pgf/systemlayer/pgfsys.sty
(/usr/local/texlive/2023/texmf-dist/tex/generic/pgf/systemlayer/pgfsys.code.tex
Package: pgfsys 2023-01-15 v3.1.10 (3.1.10)
\pgf@x=\dimen177
\pgf@y=\dimen178
\pgf@xa=\dimen179
\pgf@ya=\dimen180
\pgf@xb=\dimen181
\pgf@yb=\dimen182
\pgf@xc=\dimen183
\pgf@yc=\dimen184
\pgf@xd=\dimen185
\pgf@yd=\dimen186
\w@pgf@writea=\write3
\r@pgf@reada=\read2
\c@pgf@counta=\count286
\c@pgf@countb=\count287
\c@pgf@countc=\count288
\c@pgf@countd=\count289
\t@pgf@toka=\toks26
\t@pgf@tokb=\toks27
\t@pgf@tokc=\toks28
\pgf@sys@id@count=\count290
(/usr/local/texlive/2023/texmf-dist/tex/generic/pgf/systemlayer/pgf.cfg
File: pgf.cfg 2023-01-15 v3.1.10 (3.1.10)
)
Driver file for pgf: pgfsys-pdftex.def

(/usr/local/texlive/2023/texmf-dist/tex/generic/pgf/systemlayer/pgfsys-pdftex.d
ef
File: pgfsys-pdftex.def 2023-01-15 v3.1.10 (3.1.10)

(/usr/local/texlive/2023/texmf-dist/tex/generic/pgf/systemlayer/pgfsys-common-p
df.def
File: pgfsys-common-pdf.def 2023-01-15 v3.1.10 (3.1.10)
)))
(/usr/local/texlive/2023/texmf-dist/tex/generic/pgf/systemlayer/pgfsyssoftpath.
code.tex
File: pgfsyssoftpath.code.tex 2023-01-15 v3.1.10 (3.1.10)
\pgfsyssoftpath@smallbuffer@items=\count291
\pgfsyssoftpath@bigbuffer@items=\count292
)
(/usr/local/texlive/2023/texmf-dist/tex/generic/pgf/systemlayer/pgfsysprotocol.
code.tex
File: pgfsysprotocol.code.tex 2023-01-15 v3.1.10 (3.1.10)
)) (/usr/local/texlive/2023/texmf-dist/tex/latex/xcolor/xcolor.sty
Package: xcolor 2022/06/12 v2.14 LaTeX color extensions (UK)

(/usr/local/texlive/2023/texmf-dist/tex/latex/graphics-cfg/color.cfg
File: color.cfg 2016/01/02 v1.6 sample color configuration
)
Package xcolor Info: Driver file: pdftex.def on input line 227.

(/usr/local/texlive/2023/texmf-dist/tex/latex/graphics/mathcolor.ltx)
Package xcolor Info: Model `cmy' substituted by `cmy0' on input line 1353.
Package xcolor Info: Model `hsb' substituted by `rgb' on input line 1357.
Package xcolor Info: Model `RGB' extended on input line 1369.
Package xcolor Info: Model `HTML' substituted by `rgb' on input line 1371.
Package xcolor Info: Model `Hsb' substituted by `hsb' on input line 1372.
Package xcolor Info: Model `tHsb' substituted by `hsb' on input line 1373.
Package xcolor Info: Model `HSB' substituted by `hsb' on input line 1374.
Package xcolor Info: Model `Gray' substituted by `gray' on input line 1375.
Package xcolor Info: Model `wave' substituted by `hsb' on input line 1376.
)
(/usr/local/texlive/2023/texmf-dist/tex/generic/pgf/basiclayer/pgfcore.code.tex
Package: pgfcore 2023-01-15 v3.1.10 (3.1.10)
(/usr/local/texlive/2023/texmf-dist/tex/generic/pgf/math/pgfint.code.tex)
(/usr/local/texlive/2023/texmf-dist/tex/generic/pgf/basiclayer/pgfcorepoints.co
de.tex
File: pgfcorepoints.code.tex 2023-01-15 v3.1.10 (3.1.10)
\pgf@picminx=\dimen187
\pgf@picmaxx=\dimen188
\pgf@picminy=\dimen189
\pgf@picmaxy=\dimen190
\pgf@pathminx=\dimen191
\pgf@pathmaxx=\dimen192
\pgf@pathminy=\dimen193
\pgf@pathmaxy=\dimen194
\pgf@xx=\dimen195
\pgf@xy=\dimen196
\pgf@yx=\dimen197
\pgf@yy=\dimen198
\pgf@zx=\dimen199
\pgf@zy=\dimen256
)
(/usr/local/texlive/2023/texmf-dist/tex/generic/pgf/basiclayer/pgfcorepathconst
ruct.code.tex
File: pgfcorepathconstruct.code.tex 2023-01-15 v3.1.10 (3.1.10)
\pgf@path@lastx=\dimen257
\pgf@path@lasty=\dimen258
)
(/usr/local/texlive/2023/texmf-dist/tex/generic/pgf/basiclayer/pgfcorepathusage
.code.tex
File: pgfcorepathusage.code.tex 2023-01-15 v3.1.10 (3.1.10)
\pgf@shorten@end@additional=\dimen259
\pgf@shorten@start@additional=\dimen260
)
(/usr/local/texlive/2023/texmf-dist/tex/generic/pgf/basiclayer/pgfcorescopes.co
de.tex
File: pgfcorescopes.code.tex 2023-01-15 v3.1.10 (3.1.10)
\pgfpic=\box62
\pgf@hbox=\box63
\pgf@layerbox@main=\box64
\pgf@picture@serial@count=\count293
)
(/usr/local/texlive/2023/texmf-dist/tex/generic/pgf/basiclayer/pgfcoregraphicst
ate.code.tex
File: pgfcoregraphicstate.code.tex 2023-01-15 v3.1.10 (3.1.10)
\pgflinewidth=\dimen261
)
(/usr/local/texlive/2023/texmf-dist/tex/generic/pgf/basiclayer/pgfcoretransform
ations.code.tex
File: pgfcoretransformations.code.tex 2023-01-15 v3.1.10 (3.1.10)
\pgf@pt@x=\dimen262
\pgf@pt@y=\dimen263
\pgf@pt@temp=\dimen264
)
(/usr/local/texlive/2023/texmf-dist/tex/generic/pgf/basiclayer/pgfcorequick.cod
e.tex
File: pgfcorequick.code.tex 2023-01-15 v3.1.10 (3.1.10)
)
(/usr/local/texlive/2023/texmf-dist/tex/generic/pgf/basiclayer/pgfcoreobjects.c
ode.tex
File: pgfcoreobjects.code.tex 2023-01-15 v3.1.10 (3.1.10)
)
(/usr/local/texlive/2023/texmf-dist/tex/generic/pgf/basiclayer/pgfcorepathproce
ssing.code.tex
File: pgfcorepathprocessing.code.tex 2023-01-15 v3.1.10 (3.1.10)
)
(/usr/local/texlive/2023/texmf-dist/tex/generic/pgf/basiclayer/pgfcorearrows.co
de.tex
File: pgfcorearrows.code.tex 2023-01-15 v3.1.10 (3.1.10)
\pgfarrowsep=\dimen265
)
(/usr/local/texlive/2023/texmf-dist/tex/generic/pgf/basiclayer/pgfcoreshade.cod
e.tex
File: pgfcoreshade.code.tex 2023-01-15 v3.1.10 (3.1.10)
\pgf@max=\dimen266
\pgf@sys@shading@range@num=\count294
\pgf@shadingcount=\count295
)
(/usr/local/texlive/2023/texmf-dist/tex/generic/pgf/basiclayer/pgfcoreimage.cod
e.tex
File: pgfcoreimage.code.tex 2023-01-15 v3.1.10 (3.1.10)
)
(/usr/local/texlive/2023/texmf-dist/tex/generic/pgf/basiclayer/pgfcoreexternal.
code.tex
File: pgfcoreexternal.code.tex 2023-01-15 v3.1.10 (3.1.10)
\pgfexternal@startupbox=\box65
)
(/usr/local/texlive/2023/texmf-dist/tex/generic/pgf/basiclayer/pgfcorelayers.co
de.tex
File: pgfcorelayers.code.tex 2023-01-15 v3.1.10 (3.1.10)
)
(/usr/local/texlive/2023/texmf-dist/tex/generic/pgf/basiclayer/pgfcoretranspare
ncy.code.tex
File: pgfcoretransparency.code.tex 2023-01-15 v3.1.10 (3.1.10)
)
(/usr/local/texlive/2023/texmf-dist/tex/generic/pgf/basiclayer/pgfcorepatterns.
code.tex
File: pgfcorepatterns.code.tex 2023-01-15 v3.1.10 (3.1.10)
)
(/usr/local/texlive/2023/texmf-dist/tex/generic/pgf/basiclayer/pgfcorerdf.code.
tex
File: pgfcorerdf.code.tex 2023-01-15 v3.1.10 (3.1.10)
))) (/usr/local/texlive/2023/texmf-dist/tex/latex/pgf/utilities/xxcolor.sty
Package: xxcolor 2003/10/24 ver 0.1
\XC@nummixins=\count296
\XC@countmixins=\count297
) (/usr/local/texlive/2023/texmf-dist/tex/latex/base/atbegshi-ltx.sty
Package: atbegshi-ltx 2021/01/10 v1.0c Emulation of the original atbegshi
package with kernel methods
)
(/usr/local/texlive/2023/texmf-dist/tex/latex/hyperref/hyperref.sty
Package: hyperref 2023-05-16 v7.00y Hypertext links for LaTeX

(/usr/local/texlive/2023/texmf-dist/tex/generic/ltxcmds/ltxcmds.sty
Package: ltxcmds 2020-05-10 v1.25 LaTeX kernel commands for general use (HO)
)
(/usr/local/texlive/2023/texmf-dist/tex/generic/pdftexcmds/pdftexcmds.sty
Package: pdftexcmds 2020-06-27 v0.33 Utility functions of pdfTeX for LuaTeX (HO
)

(/usr/local/texlive/2023/texmf-dist/tex/generic/infwarerr/infwarerr.sty
Package: infwarerr 2019/12/03 v1.5 Providing info/warning/error messages (HO)
)
Package pdftexcmds Info: \pdf@primitive is available.
Package pdftexcmds Info: \pdf@ifprimitive is available.
Package pdftexcmds Info: \pdfdraftmode found.
)
(/usr/local/texlive/2023/texmf-dist/tex/latex/kvsetkeys/kvsetkeys.sty
Package: kvsetkeys 2022-10-05 v1.19 Key value parser (HO)
)
(/usr/local/texlive/2023/texmf-dist/tex/generic/kvdefinekeys/kvdefinekeys.sty
Package: kvdefinekeys 2019-12-19 v1.6 Define keys (HO)
)
(/usr/local/texlive/2023/texmf-dist/tex/generic/pdfescape/pdfescape.sty
Package: pdfescape 2019/12/09 v1.15 Implements pdfTeX's escape features (HO)
)
(/usr/local/texlive/2023/texmf-dist/tex/latex/hycolor/hycolor.sty
Package: hycolor 2020-01-27 v1.10 Color options for hyperref/bookmark (HO)
)
(/usr/local/texlive/2023/texmf-dist/tex/latex/letltxmacro/letltxmacro.sty
Package: letltxmacro 2019/12/03 v1.6 Let assignment for LaTeX macros (HO)
)
(/usr/local/texlive/2023/texmf-dist/tex/latex/auxhook/auxhook.sty
Package: auxhook 2019-12-17 v1.6 Hooks for auxiliary files (HO)
)
(/usr/local/texlive/2023/texmf-dist/tex/latex/hyperref/nameref.sty
Package: nameref 2023-05-16 v2.51 Cross-referencing by name of section

(/usr/local/texlive/2023/texmf-dist/tex/latex/refcount/refcount.sty
Package: refcount 2019/12/15 v3.6 Data extraction from label references (HO)
)
(/usr/local/texlive/2023/texmf-dist/tex/generic/gettitlestring/gettitlestring.s
ty
Package: gettitlestring 2019/12/15 v1.6 Cleanup title references (HO)
 (/usr/local/texlive/2023/texmf-dist/tex/latex/kvoptions/kvoptions.sty
Package: kvoptions 2022-06-15 v3.15 Key value format for package options (HO)
))
\c@section@level=\count298
)
\@linkdim=\dimen267
\Hy@linkcounter=\count299
\Hy@pagecounter=\count300

(/usr/local/texlive/2023/texmf-dist/tex/latex/hyperref/pd1enc.def
File: pd1enc.def 2023-05-16 v7.00y Hyperref: PDFDocEncoding definition (HO)
Now handling font encoding PD1 ...
... no UTF-8 mapping file for font encoding PD1
)
(/usr/local/texlive/2023/texmf-dist/tex/generic/intcalc/intcalc.sty
Package: intcalc 2019/12/15 v1.3 Expandable calculations with integers (HO)
)
\Hy@SavedSpaceFactor=\count301

(/usr/local/texlive/2023/texmf-dist/tex/latex/hyperref/puenc.def
File: puenc.def 2023-05-16 v7.00y Hyperref: PDF Unicode definition (HO)
Now handling font encoding PU ...
... no UTF-8 mapping file for font encoding PU
)
Package hyperref Info: Option `bookmarks' set `true' on input line 4050.
Package hyperref Info: Option `bookmarksopen' set `true' on input line 4050.
Package hyperref Info: Option `implicit' set `false' on input line 4050.
Package hyperref Info: Hyper figures OFF on input line 4167.
Package hyperref Info: Link nesting OFF on input line 4172.
Package hyperref Info: Hyper index ON on input line 4175.
Package hyperref Info: Plain pages OFF on input line 4182.
Package hyperref Info: Backreferencing OFF on input line 4187.
Package hyperref Info: Implicit mode OFF; no redefinition of LaTeX internals.
Package hyperref Info: Bookmarks ON on input line 4434.
\c@Hy@tempcnt=\count302

(/usr/local/texlive/2023/texmf-dist/tex/latex/url/url.sty
\Urlmuskip=\muskip16
Package: url 2013/09/16  ver 3.4  Verb mode for urls, etc.
)
LaTeX Info: Redefining \url on input line 4772.
\XeTeXLinkMargin=\dimen268

(/usr/local/texlive/2023/texmf-dist/tex/generic/bitset/bitset.sty
Package: bitset 2019/12/09 v1.3 Handle bit-vector datatype (HO)

(/usr/local/texlive/2023/texmf-dist/tex/generic/bigintcalc/bigintcalc.sty
Package: bigintcalc 2019/12/15 v1.5 Expandable calculations on big integers (HO
)
))
\Fld@menulength=\count303
\Field@Width=\dimen269
\Fld@charsize=\dimen270
Package hyperref Info: Hyper figures OFF on input line 6051.
Package hyperref Info: Link nesting OFF on input line 6056.
Package hyperref Info: Hyper index ON on input line 6059.
Package hyperref Info: backreferencing OFF on input line 6066.
Package hyperref Info: Link coloring OFF on input line 6071.
Package hyperref Info: Link coloring with OCG OFF on input line 6076.
Package hyperref Info: PDF/A mode OFF on input line 6081.
\Hy@abspage=\count304


Package hyperref Message: Stopped early.

)
Package hyperref Info: Driver (autodetected): hpdftex.
 (/usr/local/texlive/2023/texmf-dist/tex/latex/hyperref/hpdftex.def
File: hpdftex.def 2023-05-16 v7.00y Hyperref driver for pdfTeX

(/usr/local/texlive/2023/texmf-dist/tex/latex/base/atveryend-ltx.sty
Package: atveryend-ltx 2020/08/19 v1.0a Emulation of the original atveryend pac
kage
with kernel methods
)
\Fld@listcount=\count305
\c@bookmark@seq@number=\count306

(/usr/local/texlive/2023/texmf-dist/tex/latex/rerunfilecheck/rerunfilecheck.sty
Package: rerunfilecheck 2022-07-10 v1.10 Rerun checks for auxiliary files (HO)

(/usr/local/texlive/2023/texmf-dist/tex/generic/uniquecounter/uniquecounter.sty
Package: uniquecounter 2019/12/15 v1.4 Provide unlimited unique counter (HO)
)
Package uniquecounter Info: New unique counter `rerunfilecheck' on input line 2
85.
)) (/usr/local/texlive/2023/texmf-dist/tex/latex/beamer/beamerbaserequires.sty
(/usr/local/texlive/2023/texmf-dist/tex/latex/beamer/beamerbasecompatibility.st
y) (/usr/local/texlive/2023/texmf-dist/tex/latex/beamer/beamerbasefont.sty
(/usr/local/texlive/2023/texmf-dist/tex/latex/amsfonts/amssymb.sty
Package: amssymb 2013/01/14 v3.01 AMS font symbols

(/usr/local/texlive/2023/texmf-dist/tex/latex/amsfonts/amsfonts.sty
Package: amsfonts 2013/01/14 v3.01 Basic AMSFonts support
\@emptytoks=\toks29
\symAMSa=\mathgroup4
\symAMSb=\mathgroup5
LaTeX Font Info:    Redeclaring math symbol \hbar on input line 98.
LaTeX Font Info:    Overwriting math alphabet `\mathfrak' in version `bold'
(Font)                  U/euf/m/n --> U/euf/b/n on input line 106.
))
(/usr/local/texlive/2023/texmf-dist/tex/latex/sansmathaccent/sansmathaccent.sty
Package: sansmathaccent 2020/01/31
(/usr/local/texlive/2023/texmf-dist/tex/latex/koma-script/scrlfile.sty
Package: scrlfile 2023/04/24 v3.40 KOMA-Script package (file load hooks)

(/usr/local/texlive/2023/texmf-dist/tex/latex/koma-script/scrlfile-hook.sty
Package: scrlfile-hook 2023/04/24 v3.40 KOMA-Script package (using LaTeX hooks)


(/usr/local/texlive/2023/texmf-dist/tex/latex/koma-script/scrlogo.sty
Package: scrlogo 2023/04/24 v3.40 KOMA-Script package (logo)
)))))
(/usr/local/texlive/2023/texmf-dist/tex/latex/beamer/beamerbasetranslator.sty
(/usr/local/texlive/2023/texmf-dist/tex/latex/translator/translator.sty
Package: translator 2021-05-31 v1.12d Easy translation of strings in LaTeX
))
(/usr/local/texlive/2023/texmf-dist/tex/latex/beamer/beamerbasemisc.sty)
(/usr/local/texlive/2023/texmf-dist/tex/latex/beamer/beamerbasetwoscreens.sty)
(/usr/local/texlive/2023/texmf-dist/tex/latex/beamer/beamerbaseoverlay.sty
\beamer@argscount=\count307
\beamer@lastskipcover=\skip51
\beamer@trivlistdepth=\count308
)
(/usr/local/texlive/2023/texmf-dist/tex/latex/beamer/beamerbasetitle.sty)
(/usr/local/texlive/2023/texmf-dist/tex/latex/beamer/beamerbasesection.sty
\c@lecture=\count309
\c@part=\count310
\c@section=\count311
\c@subsection=\count312
\c@subsubsection=\count313
)
(/usr/local/texlive/2023/texmf-dist/tex/latex/beamer/beamerbaseframe.sty
\beamer@framebox=\box66
\beamer@frametitlebox=\box67
\beamer@zoombox=\box68
\beamer@zoomcount=\count314
\beamer@zoomframecount=\count315
\beamer@frametextheight=\dimen271
\c@subsectionslide=\count316
\beamer@frametopskip=\skip52
\beamer@framebottomskip=\skip53
\beamer@frametopskipautobreak=\skip54
\beamer@framebottomskipautobreak=\skip55
\beamer@envbody=\toks30
\framewidth=\dimen272
\c@framenumber=\count317
)
(/usr/local/texlive/2023/texmf-dist/tex/latex/beamer/beamerbaseverbatim.sty
\beamer@verbatimfileout=\write4
)
(/usr/local/texlive/2023/texmf-dist/tex/latex/beamer/beamerbaseframesize.sty
\beamer@splitbox=\box69
\beamer@autobreakcount=\count318
\beamer@autobreaklastheight=\dimen273
\beamer@frametitletoks=\toks31
\beamer@framesubtitletoks=\toks32
)
(/usr/local/texlive/2023/texmf-dist/tex/latex/beamer/beamerbaseframecomponents.
sty
\beamer@footins=\box70
) (/usr/local/texlive/2023/texmf-dist/tex/latex/beamer/beamerbasecolor.sty)
(/usr/local/texlive/2023/texmf-dist/tex/latex/beamer/beamerbasenotes.sty
\beamer@frameboxcopy=\box71
)
(/usr/local/texlive/2023/texmf-dist/tex/latex/beamer/beamerbasetoc.sty)
(/usr/local/texlive/2023/texmf-dist/tex/latex/beamer/beamerbasetemplates.sty
\beamer@sbttoks=\toks33

(/usr/local/texlive/2023/texmf-dist/tex/latex/beamer/beamerbaseauxtemplates.sty
(/usr/local/texlive/2023/texmf-dist/tex/latex/beamer/beamerbaseboxes.sty
\bmb@box=\box72
\bmb@colorbox=\box73
\bmb@boxwidth=\dimen274
\bmb@boxheight=\dimen275
\bmb@prevheight=\dimen276
\bmb@temp=\dimen277
\bmb@dima=\dimen278
\bmb@dimb=\dimen279
\bmb@prevheight=\dimen280
)
\beamer@blockheadheight=\dimen281
))
(/usr/local/texlive/2023/texmf-dist/tex/latex/beamer/beamerbaselocalstructure.s
ty (/usr/local/texlive/2023/texmf-dist/tex/latex/tools/enumerate.sty
Package: enumerate 2015/07/23 v3.00 enumerate extensions (DPC)
\@enLab=\toks34
)
\beamer@bibiconwidth=\skip56
\c@figure=\count319
\c@table=\count320
\abovecaptionskip=\skip57
\belowcaptionskip=\skip58
)
(/usr/local/texlive/2023/texmf-dist/tex/latex/beamer/beamerbasenavigation.sty
(/usr/local/texlive/2023/texmf-dist/tex/latex/beamer/beamerbasenavigationsymbol
s.tex)
\beamer@section@min@dim=\dimen282
)
(/usr/local/texlive/2023/texmf-dist/tex/latex/beamer/beamerbasetheorems.sty
(/usr/local/texlive/2023/texmf-dist/tex/latex/amsmath/amsmath.sty
Package: amsmath 2023/05/13 v2.17o AMS math features
\@mathmargin=\skip59

For additional information on amsmath, use the `?' option.
(/usr/local/texlive/2023/texmf-dist/tex/latex/amsmath/amstext.sty
Package: amstext 2021/08/26 v2.01 AMS text

(/usr/local/texlive/2023/texmf-dist/tex/latex/amsmath/amsgen.sty
File: amsgen.sty 1999/11/30 v2.0 generic functions
\@emptytoks=\toks35
\ex@=\dimen283
))
(/usr/local/texlive/2023/texmf-dist/tex/latex/amsmath/amsbsy.sty
Package: amsbsy 1999/11/29 v1.2d Bold Symbols
\pmbraise@=\dimen284
)
(/usr/local/texlive/2023/texmf-dist/tex/latex/amsmath/amsopn.sty
Package: amsopn 2022/04/08 v2.04 operator names
)
\inf@bad=\count321
LaTeX Info: Redefining \frac on input line 234.
\uproot@=\count322
\leftroot@=\count323
LaTeX Info: Redefining \overline on input line 399.
LaTeX Info: Redefining \colon on input line 410.
\classnum@=\count324
\DOTSCASE@=\count325
LaTeX Info: Redefining \ldots on input line 496.
LaTeX Info: Redefining \dots on input line 499.
LaTeX Info: Redefining \cdots on input line 620.
\Mathstrutbox@=\box74
\strutbox@=\box75
LaTeX Info: Redefining \big on input line 722.
LaTeX Info: Redefining \Big on input line 723.
LaTeX Info: Redefining \bigg on input line 724.
LaTeX Info: Redefining \Bigg on input line 725.
\big@size=\dimen285
LaTeX Font Info:    Redeclaring font encoding OML on input line 743.
LaTeX Font Info:    Redeclaring font encoding OMS on input line 744.
\macc@depth=\count326
LaTeX Info: Redefining \bmod on input line 905.
LaTeX Info: Redefining \pmod on input line 910.
LaTeX Info: Redefining \smash on input line 940.
LaTeX Info: Redefining \relbar on input line 970.
LaTeX Info: Redefining \Relbar on input line 971.
\c@MaxMatrixCols=\count327
\dotsspace@=\muskip17
\c@parentequation=\count328
\dspbrk@lvl=\count329
\tag@help=\toks36
\row@=\count330
\column@=\count331
\maxfields@=\count332
\andhelp@=\toks37
\eqnshift@=\dimen286
\alignsep@=\dimen287
\tagshift@=\dimen288
\tagwidth@=\dimen289
\totwidth@=\dimen290
\lineht@=\dimen291
\@envbody=\toks38
\multlinegap=\skip60
\multlinetaggap=\skip61
\mathdisplay@stack=\toks39
LaTeX Info: Redefining \[ on input line 2953.
LaTeX Info: Redefining \] on input line 2954.
)
(/usr/local/texlive/2023/texmf-dist/tex/latex/amscls/amsthm.sty
Package: amsthm 2020/05/29 v2.20.6
\thm@style=\toks40
\thm@bodyfont=\toks41
\thm@headfont=\toks42
\thm@notefont=\toks43
\thm@headpunct=\toks44
\thm@preskip=\skip62
\thm@postskip=\skip63
\thm@headsep=\skip64
\dth@everypar=\toks45
)
\c@theorem=\count333
)
(/usr/local/texlive/2023/texmf-dist/tex/latex/beamer/beamerbasethemes.sty))
(/usr/local/texlive/2023/texmf-dist/tex/latex/beamer/beamerthemedefault.sty
(/usr/local/texlive/2023/texmf-dist/tex/latex/beamer/beamerfontthemedefault.sty
)
(/usr/local/texlive/2023/texmf-dist/tex/latex/beamer/beamercolorthemedefault.st
y)
(/usr/local/texlive/2023/texmf-dist/tex/latex/beamer/beamerinnerthemedefault.st
y
\beamer@dima=\dimen292
\beamer@dimb=\dimen293
)
(/usr/local/texlive/2023/texmf-dist/tex/latex/beamer/beamerouterthemedefault.st
y))) (/usr/local/texlive/2023/texmf-dist/tex/latex/base/fontenc.sty
Package: fontenc 2021/04/29 v2.0v Standard LaTeX package
)
(/usr/local/texlive/2023/texmf-dist/tex/latex/base/inputenc.sty
Package: inputenc 2021/02/14 v1.3d Input encoding file
\inpenc@prehook=\toks46
\inpenc@posthook=\toks47
)
(/usr/local/texlive/2023/texmf-dist/tex/generic/babel/babel.sty
Package: babel 2023/05/11 v3.89 The Babel package
\babel@savecnt=\count334
\U@D=\dimen294
\l@unhyphenated=\language87

(/usr/local/texlive/2023/texmf-dist/tex/generic/babel/txtbabel.def)
\bbl@readstream=\read3
LaTeX Info: Redefining \textlatin on input line 3921.
\bbl@dirlevel=\count335

(/usr/local/texlive/2023/texmf-dist/tex/generic/babel-english/english.ldf
Language: english 2017/06/06 v3.3r English support from the babel system
Package babel Info: Hyphen rules for 'canadian' set to \l@english
(babel)             (\language0). Reported on input line 102.
Package babel Info: Hyphen rules for 'australian' set to \l@ukenglish
(babel)             (\language21). Reported on input line 105.
Package babel Info: Hyphen rules for 'newzealand' set to \l@ukenglish
(babel)             (\language21). Reported on input line 108.
))
(/usr/local/texlive/2023/texmf-dist/tex/generic/babel/locale/en/babel-english.t
ex
Package babel Info: Importing font and identification data for english
(babel)             from babel-en.ini. Reported on input line 11.
) (/usr/local/texlive/2023/texmf-dist/tex/latex/graphics/rotating.sty
Package: rotating 2016/08/11 v2.16d rotated objects in LaTeX

(/usr/local/texlive/2023/texmf-dist/tex/latex/base/ifthen.sty
Package: ifthen 2022/04/13 v1.1d Standard LaTeX ifthen package (DPC)
)
\c@r@tfl@t=\count336
\rotFPtop=\skip65
\rotFPbot=\skip66
\rot@float@box=\box76
\rot@mess@toks=\toks48
)
(/usr/local/texlive/2023/texmf-dist/tex/latex/cancel/cancel.sty
Package: cancel 2013/04/12 v2.2 Cancel math terms
)
(/usr/local/texlive/2023/texmf-dist/tex/latex/beamertheme-metropolis/beamerthem
emetropolis.sty
Package: beamerthememetropolis 2017/01/23 v1.2 Metropolis Beamer theme

(/usr/local/texlive/2023/texmf-dist/tex/latex/pgfopts/pgfopts.sty
Package: pgfopts 2014/07/10 v2.1a LaTeX package options with pgfkeys
\pgfopts@list@add@a@toks=\toks49
\pgfopts@list@add@b@toks=\toks50
)
(/usr/local/texlive/2023/texmf-dist/tex/latex/beamertheme-metropolis/beamerinne
rthememetropolis.sty
Package: beamerinnerthememetropolis 2017/01/23 Metropolis inner theme

(/usr/local/texlive/2023/texmf-dist/tex/latex/tools/calc.sty
Package: calc 2017/05/25 v4.3 Infix arithmetic (KKT,FJ)
\calc@Acount=\count337
\calc@Bcount=\count338
\calc@Adimen=\dimen295
\calc@Bdimen=\dimen296
\calc@Askip=\skip67
\calc@Bskip=\skip68
LaTeX Info: Redefining \setlength on input line 80.
LaTeX Info: Redefining \addtolength on input line 81.
\calc@Ccount=\count339
\calc@Cskip=\skip69
)
(/usr/local/texlive/2023/texmf-dist/tex/latex/pgf/frontendlayer/tikz.sty
(/usr/local/texlive/2023/texmf-dist/tex/latex/pgf/basiclayer/pgf.sty
Package: pgf 2023-01-15 v3.1.10 (3.1.10)

(/usr/local/texlive/2023/texmf-dist/tex/generic/pgf/modules/pgfmoduleshapes.cod
e.tex
File: pgfmoduleshapes.code.tex 2023-01-15 v3.1.10 (3.1.10)
\pgfnodeparttextbox=\box77
)
(/usr/local/texlive/2023/texmf-dist/tex/generic/pgf/modules/pgfmoduleplot.code.
tex
File: pgfmoduleplot.code.tex 2023-01-15 v3.1.10 (3.1.10)
)
(/usr/local/texlive/2023/texmf-dist/tex/latex/pgf/compatibility/pgfcomp-version
-0-65.sty
Package: pgfcomp-version-0-65 2023-01-15 v3.1.10 (3.1.10)
\pgf@nodesepstart=\dimen297
\pgf@nodesepend=\dimen298
)
(/usr/local/texlive/2023/texmf-dist/tex/latex/pgf/compatibility/pgfcomp-version
-1-18.sty
Package: pgfcomp-version-1-18 2023-01-15 v3.1.10 (3.1.10)
))
(/usr/local/texlive/2023/texmf-dist/tex/latex/pgf/utilities/pgffor.sty
(/usr/local/texlive/2023/texmf-dist/tex/generic/pgf/utilities/pgffor.code.tex
Package: pgffor 2023-01-15 v3.1.10 (3.1.10)
\pgffor@iter=\dimen299
\pgffor@skip=\dimen300
\pgffor@stack=\toks51
\pgffor@toks=\toks52
))
(/usr/local/texlive/2023/texmf-dist/tex/generic/pgf/frontendlayer/tikz/tikz.cod
e.tex
Package: tikz 2023-01-15 v3.1.10 (3.1.10)

(/usr/local/texlive/2023/texmf-dist/tex/generic/pgf/libraries/pgflibraryplothan
dlers.code.tex
File: pgflibraryplothandlers.code.tex 2023-01-15 v3.1.10 (3.1.10)
\pgf@plot@mark@count=\count340
\pgfplotmarksize=\dimen301
)
\tikz@lastx=\dimen302
\tikz@lasty=\dimen303
\tikz@lastxsaved=\dimen304
\tikz@lastysaved=\dimen305
\tikz@lastmovetox=\dimen306
\tikz@lastmovetoy=\dimen307
\tikzleveldistance=\dimen308
\tikzsiblingdistance=\dimen309
\tikz@figbox=\box78
\tikz@figbox@bg=\box79
\tikz@tempbox=\box80
\tikz@tempbox@bg=\box81
\tikztreelevel=\count341
\tikznumberofchildren=\count342
\tikznumberofcurrentchild=\count343
\tikz@fig@count=\count344

(/usr/local/texlive/2023/texmf-dist/tex/generic/pgf/modules/pgfmodulematrix.cod
e.tex
File: pgfmodulematrix.code.tex 2023-01-15 v3.1.10 (3.1.10)
\pgfmatrixcurrentrow=\count345
\pgfmatrixcurrentcolumn=\count346
\pgf@matrix@numberofcolumns=\count347
)
\tikz@expandcount=\count348

(/usr/local/texlive/2023/texmf-dist/tex/generic/pgf/frontendlayer/tikz/librarie
s/tikzlibrarytopaths.code.tex
File: tikzlibrarytopaths.code.tex 2023-01-15 v3.1.10 (3.1.10)
)))
\metropolis@titleseparator@linewidth=\skip70
\metropolis@progressonsectionpage=\skip71
\metropolis@progressonsectionpage@linewidth=\skip72
\metropolis@blocksep=\skip73
\metropolis@blockadjust=\skip74
\metropolis@parskip=\skip75
)
(/usr/local/texlive/2023/texmf-dist/tex/latex/beamertheme-metropolis/beameroute
rthememetropolis.sty
Package: beamerouterthememetropolis 2017/01/23 Metropolis outer theme
\metropolis@frametitle@padding=\skip76
\metropolis@progressinheadfoot=\skip77
\metropolis@progressinheadfoot@linewidth=\skip78
)
(/usr/local/texlive/2023/texmf-dist/tex/latex/beamertheme-metropolis/beamercolo
rthememetropolis.sty
Package: beamercolorthememetropolis 2017/01/23 Metropolis color theme
)
(/usr/local/texlive/2023/texmf-dist/tex/latex/beamertheme-metropolis/beamerfont
thememetropolis.sty
Package: beamerfontthememetropolis 2017/01/23 Metropolis font theme

(/usr/local/texlive/2023/texmf-dist/tex/generic/iftex/ifxetex.sty
Package: ifxetex 2019/10/25 v0.7 ifxetex legacy package. Use iftex instead.
)
(/usr/local/texlive/2023/texmf-dist/tex/generic/iftex/ifluatex.sty
Package: ifluatex 2019/10/25 v1.5 ifluatex legacy package. Use iftex instead.
)

Package beamerthememetropolis Warning: You need to compile with XeLaTeX or LuaL
aTeX to use the Fira fonts on input line 95.

)) (/usr/local/texlive/2023/texmf-dist/tex/latex/colortbl/colortbl.sty
Package: colortbl 2022/06/20 v1.0f Color table columns (DPC)

(/usr/local/texlive/2023/texmf-dist/tex/latex/tools/array.sty
Package: array 2022/09/04 v2.5g Tabular extension package (FMi)
\col@sep=\dimen310
\ar@mcellbox=\box82
\extrarowheight=\dimen311
\NC@list=\toks53
\extratabsurround=\skip79
\backup@length=\skip80
\ar@cellbox=\box83
)
\everycr=\toks54
\minrowclearance=\skip81
\rownum=\count349
)
(/usr/local/texlive/2023/texmf-dist/tex/latex/mdframed/mdframed.sty
Package: mdframed 2013/07/01 1.9b: mdframed

(/usr/local/texlive/2023/texmf-dist/tex/latex/l3packages/xparse/xparse.sty
(/usr/local/texlive/2023/texmf-dist/tex/latex/l3kernel/expl3.sty
Package: expl3 2023-06-16 L3 programming layer (loader) 

(/usr/local/texlive/2023/texmf-dist/tex/latex/l3backend/l3backend-pdftex.def
File: l3backend-pdftex.def 2023-04-19 L3 backend support: PDF output (pdfTeX)
\l__color_backend_stack_int=\count350
\l__pdf_internal_box=\box84
))
Package: xparse 2023-02-02 L3 Experimental document command parser
) (/usr/local/texlive/2023/texmf-dist/tex/latex/zref/zref-abspage.sty
Package: zref-abspage 2022-04-07 v2.34 Module abspage for zref (HO)

(/usr/local/texlive/2023/texmf-dist/tex/latex/zref/zref-base.sty
Package: zref-base 2022-04-07 v2.34 Module base for zref (HO)

(/usr/local/texlive/2023/texmf-dist/tex/generic/etexcmds/etexcmds.sty
Package: etexcmds 2019/12/15 v1.7 Avoid name clashes with e-TeX commands (HO)
)
Package zref Info: New property list: main on input line 767.
Package zref Info: New property: default on input line 768.
Package zref Info: New property: page on input line 769.
)
\c@abspage=\count351
Package zref Info: New property: abspage on input line 65.
)
(/usr/local/texlive/2023/texmf-dist/tex/latex/needspace/needspace.sty
Package: needspace 2010/09/12 v1.3d reserve vertical space
)
\mdf@templength=\skip82
\c@mdf@globalstyle@cnt=\count352
\mdf@skipabove@length=\skip83
\mdf@skipbelow@length=\skip84
\mdf@leftmargin@length=\skip85
\mdf@rightmargin@length=\skip86
\mdf@innerleftmargin@length=\skip87
\mdf@innerrightmargin@length=\skip88
\mdf@innertopmargin@length=\skip89
\mdf@innerbottommargin@length=\skip90
\mdf@splittopskip@length=\skip91
\mdf@splitbottomskip@length=\skip92
\mdf@outermargin@length=\skip93
\mdf@innermargin@length=\skip94
\mdf@linewidth@length=\skip95
\mdf@innerlinewidth@length=\skip96
\mdf@middlelinewidth@length=\skip97
\mdf@outerlinewidth@length=\skip98
\mdf@roundcorner@length=\skip99
\mdf@footenotedistance@length=\skip100
\mdf@userdefinedwidth@length=\skip101
\mdf@needspace@length=\skip102
\mdf@frametitleaboveskip@length=\skip103
\mdf@frametitlebelowskip@length=\skip104
\mdf@frametitlerulewidth@length=\skip105
\mdf@frametitleleftmargin@length=\skip106
\mdf@frametitlerightmargin@length=\skip107
\mdf@shadowsize@length=\skip108
\mdf@extratopheight@length=\skip109
\mdf@subtitleabovelinewidth@length=\skip110
\mdf@subtitlebelowlinewidth@length=\skip111
\mdf@subtitleaboveskip@length=\skip112
\mdf@subtitlebelowskip@length=\skip113
\mdf@subtitleinneraboveskip@length=\skip114
\mdf@subtitleinnerbelowskip@length=\skip115
\mdf@subsubtitleabovelinewidth@length=\skip116
\mdf@subsubtitlebelowlinewidth@length=\skip117
\mdf@subsubtitleaboveskip@length=\skip118
\mdf@subsubtitlebelowskip@length=\skip119
\mdf@subsubtitleinneraboveskip@length=\skip120
\mdf@subsubtitleinnerbelowskip@length=\skip121

(/usr/local/texlive/2023/texmf-dist/tex/latex/mdframed/md-frame-0.mdf
File: md-frame-0.mdf 2013/07/01\ 1.9b: md-frame-0
)
\mdf@frametitlebox=\box85
\mdf@footnotebox=\box86
\mdf@splitbox@one=\box87
\mdf@splitbox@two=\box88
\mdf@splitbox@save=\box89
\mdfsplitboxwidth=\skip122
\mdfsplitboxtotalwidth=\skip123
\mdfsplitboxheight=\skip124
\mdfsplitboxdepth=\skip125
\mdfsplitboxtotalheight=\skip126
\mdfframetitleboxwidth=\skip127
\mdfframetitleboxtotalwidth=\skip128
\mdfframetitleboxheight=\skip129
\mdfframetitleboxdepth=\skip130
\mdfframetitleboxtotalheight=\skip131
\mdffootnoteboxwidth=\skip132
\mdffootnoteboxtotalwidth=\skip133
\mdffootnoteboxheight=\skip134
\mdffootnoteboxdepth=\skip135
\mdffootnoteboxtotalheight=\skip136
\mdftotallinewidth=\skip137
\mdfboundingboxwidth=\skip138
\mdfboundingboxtotalwidth=\skip139
\mdfboundingboxheight=\skip140
\mdfboundingboxdepth=\skip141
\mdfboundingboxtotalheight=\skip142
\mdf@freevspace@length=\skip143
\mdf@horizontalwidthofbox@length=\skip144
\mdf@verticalmarginwhole@length=\skip145
\mdf@horizontalspaceofbox=\skip146
\mdfsubtitleheight=\skip147
\mdfsubsubtitleheight=\skip148
\c@mdfcountframes=\count353

****** mdframed patching \endmdf@trivlist

****** -- failed******

\mdf@envdepth=\count354
\c@mdf@env@i=\count355
\c@mdf@env@ii=\count356
\c@mdf@zref@counter=\count357
Package zref Info: New property: mdf@pagevalue on input line 895.
)
(/usr/local/texlive/2023/texmf-dist/tex/latex/lm/lmodern.sty
Package: lmodern 2015/05/01 v1.6.1 Latin Modern Fonts
LaTeX Font Info:    Overwriting symbol font `operators' in version `normal'
(Font)                  OT1/cmr/m/n --> OT1/lmr/m/n on input line 22.
LaTeX Font Info:    Overwriting symbol font `letters' in version `normal'
(Font)                  OML/cmm/m/it --> OML/lmm/m/it on input line 23.
LaTeX Font Info:    Overwriting symbol font `symbols' in version `normal'
(Font)                  OMS/cmsy/m/n --> OMS/lmsy/m/n on input line 24.
LaTeX Font Info:    Overwriting symbol font `largesymbols' in version `normal'
(Font)                  OMX/cmex/m/n --> OMX/lmex/m/n on input line 25.
LaTeX Font Info:    Overwriting symbol font `operators' in version `bold'
(Font)                  OT1/cmr/bx/n --> OT1/lmr/bx/n on input line 26.
LaTeX Font Info:    Overwriting symbol font `letters' in version `bold'
(Font)                  OML/cmm/b/it --> OML/lmm/b/it on input line 27.
LaTeX Font Info:    Overwriting symbol font `symbols' in version `bold'
(Font)                  OMS/cmsy/b/n --> OMS/lmsy/b/n on input line 28.
LaTeX Font Info:    Overwriting symbol font `largesymbols' in version `bold'
(Font)                  OMX/cmex/m/n --> OMX/lmex/m/n on input line 29.
LaTeX Font Info:    Overwriting math alphabet `\mathbf' in version `normal'
(Font)                  OT1/cmr/bx/n --> OT1/lmr/bx/n on input line 31.
LaTeX Font Info:    Overwriting math alphabet `\mathsf' in version `normal'
(Font)                  OT1/cmss/m/n --> OT1/lmss/m/n on input line 32.
LaTeX Font Info:    Overwriting math alphabet `\mathit' in version `normal'
(Font)                  OT1/cmr/m/it --> OT1/lmr/m/it on input line 33.
LaTeX Font Info:    Overwriting math alphabet `\mathtt' in version `normal'
(Font)                  OT1/cmtt/m/n --> OT1/lmtt/m/n on input line 34.
LaTeX Font Info:    Overwriting math alphabet `\mathbf' in version `bold'
(Font)                  OT1/cmr/bx/n --> OT1/lmr/bx/n on input line 35.
LaTeX Font Info:    Overwriting math alphabet `\mathsf' in version `bold'
(Font)                  OT1/cmss/bx/n --> OT1/lmss/bx/n on input line 36.
LaTeX Font Info:    Overwriting math alphabet `\mathit' in version `bold'
(Font)                  OT1/cmr/bx/it --> OT1/lmr/bx/it on input line 37.
LaTeX Font Info:    Overwriting math alphabet `\mathtt' in version `bold'
(Font)                  OT1/cmtt/m/n --> OT1/lmtt/m/n on input line 38.
)
(/usr/local/texlive/2023/texmf-dist/tex/generic/pgf/frontendlayer/tikz/librarie
s/tikzlibrarycalc.code.tex
File: tikzlibrarycalc.code.tex 2023-01-15 v3.1.10 (3.1.10)
)
(/usr/local/texlive/2023/texmf-dist/tex/generic/pgf/frontendlayer/tikz/librarie
s/tikzlibraryshapes.code.tex
File: tikzlibraryshapes.code.tex 2023-01-15 v3.1.10 (3.1.10)

(/usr/local/texlive/2023/texmf-dist/tex/generic/pgf/frontendlayer/tikz/librarie
s/tikzlibraryshapes.geometric.code.tex
File: tikzlibraryshapes.geometric.code.tex 2023-01-15 v3.1.10 (3.1.10)

(/usr/local/texlive/2023/texmf-dist/tex/generic/pgf/libraries/shapes/pgflibrary
shapes.geometric.code.tex
File: pgflibraryshapes.geometric.code.tex 2023-01-15 v3.1.10 (3.1.10)
))
(/usr/local/texlive/2023/texmf-dist/tex/generic/pgf/frontendlayer/tikz/librarie
s/tikzlibraryshapes.misc.code.tex
File: tikzlibraryshapes.misc.code.tex 2023-01-15 v3.1.10 (3.1.10)

(/usr/local/texlive/2023/texmf-dist/tex/generic/pgf/libraries/shapes/pgflibrary
shapes.misc.code.tex
File: pgflibraryshapes.misc.code.tex 2023-01-15 v3.1.10 (3.1.10)
))
(/usr/local/texlive/2023/texmf-dist/tex/generic/pgf/frontendlayer/tikz/librarie
s/tikzlibraryshapes.symbols.code.tex
File: tikzlibraryshapes.symbols.code.tex 2023-01-15 v3.1.10 (3.1.10)

(/usr/local/texlive/2023/texmf-dist/tex/generic/pgf/libraries/shapes/pgflibrary
shapes.symbols.code.tex
File: pgflibraryshapes.symbols.code.tex 2023-01-15 v3.1.10 (3.1.10)
))
(/usr/local/texlive/2023/texmf-dist/tex/generic/pgf/frontendlayer/tikz/librarie
s/tikzlibraryshapes.arrows.code.tex
File: tikzlibraryshapes.arrows.code.tex 2023-01-15 v3.1.10 (3.1.10)

(/usr/local/texlive/2023/texmf-dist/tex/generic/pgf/libraries/shapes/pgflibrary
shapes.arrows.code.tex
File: pgflibraryshapes.arrows.code.tex 2023-01-15 v3.1.10 (3.1.10)
))
(/usr/local/texlive/2023/texmf-dist/tex/generic/pgf/frontendlayer/tikz/librarie
s/tikzlibraryshapes.callouts.code.tex
(/usr/local/texlive/2023/texmf-dist/tex/generic/pgf/libraries/shapes/pgflibrary
shapes.callouts.code.tex))
(/usr/local/texlive/2023/texmf-dist/tex/generic/pgf/frontendlayer/tikz/librarie
s/tikzlibraryshapes.multipart.code.tex
File: tikzlibraryshapes.multipart.code.tex 2023-01-15 v3.1.10 (3.1.10)

(/usr/local/texlive/2023/texmf-dist/tex/generic/pgf/libraries/shapes/pgflibrary
shapes.multipart.code.tex
File: pgflibraryshapes.multipart.code.tex 2023-01-15 v3.1.10 (3.1.10)
\pgfnodepartlowerbox=\box90
\pgfnodeparttwobox=\box91
\pgfnodepartthreebox=\box92
\pgfnodepartfourbox=\box93
\pgfnodeparttwentybox=\box94
\pgfnodepartnineteenbox=\box95
\pgfnodeparteighteenbox=\box96
\pgfnodepartseventeenbox=\box97
\pgfnodepartsixteenbox=\box98
\pgfnodepartfifteenbox=\box99
\pgfnodepartfourteenbox=\box100
\pgfnodepartthirteenbox=\box101
\pgfnodeparttwelvebox=\box102
\pgfnodepartelevenbox=\box103
\pgfnodeparttenbox=\box104
\pgfnodepartninebox=\box105
\pgfnodeparteightbox=\box106
\pgfnodepartsevenbox=\box107
\pgfnodepartsixbox=\box108
\pgfnodepartfivebox=\box109
)))
(/usr/local/texlive/2023/texmf-dist/tex/generic/pgf/frontendlayer/tikz/librarie
s/tikzlibrarybackgrounds.code.tex
File: tikzlibrarybackgrounds.code.tex 2023-01-15 v3.1.10 (3.1.10)
\pgf@layerbox@background=\box110
\pgf@layerboxsaved@background=\box111
)
(/usr/local/texlive/2023/texmf-dist/tex/generic/pgf/frontendlayer/tikz/librarie
s/tikzlibraryarrows.code.tex
File: tikzlibraryarrows.code.tex 2023-01-15 v3.1.10 (3.1.10)

(/usr/local/texlive/2023/texmf-dist/tex/generic/pgf/libraries/pgflibraryarrows.
code.tex
File: pgflibraryarrows.code.tex 2023-01-15 v3.1.10 (3.1.10)
\arrowsize=\dimen312
))
(/usr/local/texlive/2023/texmf-dist/tex/generic/pgf/frontendlayer/tikz/librarie
s/tikzlibraryautomata.code.tex
File: tikzlibraryautomata.code.tex 2023-01-15 v3.1.10 (3.1.10)
)
(/usr/local/texlive/2023/texmf-dist/tex/generic/pgf/frontendlayer/tikz/librarie
s/tikzlibraryshadows.code.tex
File: tikzlibraryshadows.code.tex 2023-01-15 v3.1.10 (3.1.10)

(/usr/local/texlive/2023/texmf-dist/tex/generic/pgf/frontendlayer/tikz/librarie
s/tikzlibraryfadings.code.tex
File: tikzlibraryfadings.code.tex 2023-01-15 v3.1.10 (3.1.10)

(/usr/local/texlive/2023/texmf-dist/tex/generic/pgf/libraries/pgflibraryfadings
.code.tex
File: pgflibraryfadings.code.tex 2023-01-15 v3.1.10 (3.1.10)
)))
(/usr/local/texlive/2023/texmf-dist/tex/generic/pgf/frontendlayer/tikz/librarie
s/tikzlibrarypositioning.code.tex
File: tikzlibrarypositioning.code.tex 2023-01-15 v3.1.10 (3.1.10)
)
Package hyperref Info: Option `colorlinks' set `true' on input line 85.
\c@proposition=\count358
\c@algorithm=\count359

(/usr/local/texlive/2023/texmf-dist/tex/latex/subfig/subfig.sty
Package: subfig 2005/06/28 ver: 1.3 subfig package

(/usr/local/texlive/2023/texmf-dist/tex/latex/caption/caption.sty
Package: caption 2023/03/12 v3.6j Customizing captions (AR)

(/usr/local/texlive/2023/texmf-dist/tex/latex/caption/caption3.sty
Package: caption3 2023/03/12 v2.4 caption3 kernel (AR)
\caption@tempdima=\dimen313
\captionmargin=\dimen314
\caption@leftmargin=\dimen315
\caption@rightmargin=\dimen316
\caption@width=\dimen317
\caption@indent=\dimen318
\caption@parindent=\dimen319
\caption@hangindent=\dimen320
Package caption Info: beamer document class detected.

(/usr/local/texlive/2023/texmf-dist/tex/latex/caption/caption-beamer.sto
File: caption-beamer.sto 2022/01/06 v2.0c Adaption of the caption package to th
e beamer document classes (AR)
))
\c@caption@flags=\count360
\c@continuedfloat=\count361
Package caption Info: hyperref package is loaded.
Package caption Info: Hyperref support is turned off
(caption)             because hyperref has stopped early.
Package caption Info: rotating package is loaded.
)
\c@KVtest=\count362
\sf@farskip=\skip149
\sf@captopadj=\dimen321
\sf@capskip=\skip150
\sf@nearskip=\skip151
\c@subfigure=\count363
\c@subfigure@save=\count364
\c@depth=\count365
\c@subtable=\count366
\c@subtable@save=\count367
\sf@top=\skip152
\sf@bottom=\skip153
)
(/usr/local/texlive/2023/texmf-dist/tex/latex/setspace/setspace.sty
Package: setspace 2022/12/04 v6.7b set line spacing
)
(/usr/local/texlive/2023/texmf-dist/tex/latex/multirow/multirow.sty
Package: multirow 2021/03/15 v2.8 Span multiple rows of a table
\multirow@colwidth=\skip154
\multirow@cntb=\count368
\multirow@dima=\skip155
\bigstrutjot=\dimen322
)
(/usr/local/texlive/2023/texmf-dist/tex/latex/tools/multicol.sty
Package: multicol 2023/03/30 v1.9f multicolumn formatting (FMi)
\c@tracingmulticols=\count369
\mult@box=\box112
\multicol@leftmargin=\dimen323
\c@unbalance=\count370
\c@collectmore=\count371
\doublecol@number=\count372
\multicoltolerance=\count373
\multicolpretolerance=\count374
\full@width=\dimen324
\page@free=\dimen325
\premulticols=\dimen326
\postmulticols=\dimen327
\multicolsep=\skip156
\multicolbaselineskip=\skip157
\partial@page=\box113
\last@line=\box114
\mc@boxedresult=\box115
\maxbalancingoverflow=\dimen328
\mult@rightbox=\box116
\mult@grightbox=\box117
\mult@firstbox=\box118
\mult@gfirstbox=\box119
\@tempa=\box120
\@tempa=\box121
\@tempa=\box122
\@tempa=\box123
\@tempa=\box124
\@tempa=\box125
\@tempa=\box126
\@tempa=\box127
\@tempa=\box128
\@tempa=\box129
\@tempa=\box130
\@tempa=\box131
\@tempa=\box132
\@tempa=\box133
\@tempa=\box134
\@tempa=\box135
\@tempa=\box136
\@tempa=\box137
\@tempa=\box138
\@tempa=\box139
\@tempa=\box140
\@tempa=\box141
\@tempa=\box142
\@tempa=\box143
\@tempa=\box144
\@tempa=\box145
\@tempa=\box146
\@tempa=\box147
\@tempa=\box148
\@tempa=\box149
\@tempa=\box150
\@tempa=\box151
\@tempa=\box152
\@tempa=\box153
\@tempa=\box154
\@tempa=\box155
\c@minrows=\count375
\c@columnbadness=\count376
\c@finalcolumnbadness=\count377
\last@try=\dimen329
\multicolovershoot=\dimen330
\multicolundershoot=\dimen331
\mult@nat@firstbox=\box156
\colbreak@box=\box157
\mc@col@check@num=\count378
)
(/usr/local/texlive/2023/texmf-dist/tex/latex/interval/interval.sty
Package: interval 2019/03/06 v0.4
)

Package hyperref Warning: Token not allowed in a PDF string (Unicode):
(hyperref)                removing `\includegraphics' on input line 127.


(/home/sophie/Dropbox/WORK_DROPBOX/ENSEIGNEMENT/2024-Saclay-MathsSV/CoursVariab
lesLatentes/LVM_CoursComplet/tools/notations_maths.tex)
LaTeX Font Info:    Trying to load font information for T1+lmss on input line 1
39.

(/usr/local/texlive/2023/texmf-dist/tex/latex/lm/t1lmss.fd
File: t1lmss.fd 2015/05/01 v1.6.1 Font defs for Latin Modern
)
(./chap6_LVM_bayesian_main.aux)
\openout1 = `chap6_LVM_bayesian_main.aux'.

LaTeX Font Info:    Checking defaults for OML/cmm/m/it on input line 139.
LaTeX Font Info:    ... okay on input line 139.
LaTeX Font Info:    Checking defaults for OMS/cmsy/m/n on input line 139.
LaTeX Font Info:    ... okay on input line 139.
LaTeX Font Info:    Checking defaults for OT1/cmr/m/n on input line 139.
LaTeX Font Info:    ... okay on input line 139.
LaTeX Font Info:    Checking defaults for T1/cmr/m/n on input line 139.
LaTeX Font Info:    ... okay on input line 139.
LaTeX Font Info:    Checking defaults for TS1/cmr/m/n on input line 139.
LaTeX Font Info:    ... okay on input line 139.
LaTeX Font Info:    Checking defaults for OMX/cmex/m/n on input line 139.
LaTeX Font Info:    ... okay on input line 139.
LaTeX Font Info:    Checking defaults for U/cmr/m/n on input line 139.
LaTeX Font Info:    ... okay on input line 139.
LaTeX Font Info:    Checking defaults for PD1/pdf/m/n on input line 139.
LaTeX Font Info:    ... okay on input line 139.
LaTeX Font Info:    Checking defaults for PU/pdf/m/n on input line 139.
LaTeX Font Info:    ... okay on input line 139.

*geometry* driver: auto-detecting
*geometry* detected driver: pdftex
*geometry* verbose mode - [ preamble ] result:
* driver: pdftex
* paper: custom
* layout: <same size as paper>
* layoutoffset:(h,v)=(0.0pt,0.0pt)
* modes: includehead includefoot 
* h-part:(L,W,R)=(28.45274pt, 307.28987pt, 28.45274pt)
* v-part:(T,H,B)=(0.0pt, 273.14662pt, 0.0pt)
* \paperwidth=364.19536pt
* \paperheight=273.14662pt
* \textwidth=307.28987pt
* \textheight=244.6939pt
* \oddsidemargin=-43.81725pt
* \evensidemargin=-43.81725pt
* \topmargin=-72.26999pt
* \headheight=14.22636pt
* \headsep=0.0pt
* \topskip=10.0pt
* \footskip=14.22636pt
* \marginparwidth=3.0pt
* \marginparsep=11.0pt
* \columnsep=10.0pt
* \skip\footins=9.0pt plus 4.0pt minus 2.0pt
* \hoffset=0.0pt
* \voffset=0.0pt
* \mag=1000
* \@twocolumnfalse
* \@twosidefalse
* \@mparswitchfalse
* \@reversemarginfalse
* (1in=72.27pt=25.4mm, 1cm=28.453pt)

(/usr/local/texlive/2023/texmf-dist/tex/context/base/mkii/supp-pdf.mkii
[Loading MPS to PDF converter (version 2006.09.02).]
\scratchcounter=\count379
\scratchdimen=\dimen332
\scratchbox=\box158
\nofMPsegments=\count380
\nofMParguments=\count381
\everyMPshowfont=\toks55
\MPscratchCnt=\count382
\MPscratchDim=\dimen333
\MPnumerator=\count383
\makeMPintoPDFobject=\count384
\everyMPtoPDFconversion=\toks56
) (/usr/local/texlive/2023/texmf-dist/tex/latex/epstopdf-pkg/epstopdf-base.sty
Package: epstopdf-base 2020-01-24 v2.11 Base part for package epstopdf
Package epstopdf-base Info: Redefining graphics rule for `.eps' on input line 4
85.

(/usr/local/texlive/2023/texmf-dist/tex/latex/latexconfig/epstopdf-sys.cfg
File: epstopdf-sys.cfg 2010/07/13 v1.3 Configuration of (r)epstopdf for TeX Liv
e
))
Package hyperref Info: Link coloring ON on input line 139.

(./chap6_LVM_bayesian_main.out) (./chap6_LVM_bayesian_main.out)
\@outlinefile=\write5
\openout5 = `chap6_LVM_bayesian_main.out'.

LaTeX Font Info:    Overwriting symbol font `operators' in version `normal'
(Font)                  OT1/lmr/m/n --> OT1/cmss/m/n on input line 139.
LaTeX Font Info:    Overwriting symbol font `operators' in version `bold'
(Font)                  OT1/lmr/bx/n --> OT1/cmss/b/n on input line 139.
LaTeX Font Info:    Overwriting symbol font `operators' in version `normal'
(Font)                  OT1/cmss/m/n --> OT1/lmss/m/n on input line 139.
LaTeX Font Info:    Overwriting symbol font `operators' in version `bold'
(Font)                  OT1/cmss/b/n --> OT1/lmss/b/n on input line 139.
\symnumbers=\mathgroup6
\sympureletters=\mathgroup7
LaTeX Font Info:    Overwriting math alphabet `\mathrm' in version `normal'
(Font)                  OT1/lmss/m/n --> T1/lmr/m/n on input line 139.
LaTeX Font Info:    Redeclaring math alphabet \mathbf on input line 139.
LaTeX Font Info:    Overwriting math alphabet `\mathbf' in version `normal'
(Font)                  OT1/lmr/bx/n --> T1/lmss/b/n on input line 139.
LaTeX Font Info:    Overwriting math alphabet `\mathbf' in version `bold'
(Font)                  OT1/lmr/bx/n --> T1/lmss/b/n on input line 139.
LaTeX Font Info:    Redeclaring math alphabet \mathsf on input line 139.
LaTeX Font Info:    Overwriting math alphabet `\mathsf' in version `normal'
(Font)                  OT1/lmss/m/n --> T1/lmss/m/n on input line 139.
LaTeX Font Info:    Overwriting math alphabet `\mathsf' in version `bold'
(Font)                  OT1/lmss/bx/n --> T1/lmss/m/n on input line 139.
LaTeX Font Info:    Redeclaring math alphabet \mathit on input line 139.
LaTeX Font Info:    Overwriting math alphabet `\mathit' in version `normal'
(Font)                  OT1/lmr/m/it --> T1/lmss/m/it on input line 139.
LaTeX Font Info:    Overwriting math alphabet `\mathit' in version `bold'
(Font)                  OT1/lmr/bx/it --> T1/lmss/m/it on input line 139.
LaTeX Font Info:    Redeclaring math alphabet \mathtt on input line 139.
LaTeX Font Info:    Overwriting math alphabet `\mathtt' in version `normal'
(Font)                  OT1/lmtt/m/n --> T1/lmtt/m/n on input line 139.
LaTeX Font Info:    Overwriting math alphabet `\mathtt' in version `bold'
(Font)                  OT1/lmtt/m/n --> T1/lmtt/m/n on input line 139.
LaTeX Font Info:    Overwriting symbol font `numbers' in version `bold'
(Font)                  T1/lmss/m/n --> T1/lmss/b/n on input line 139.
LaTeX Font Info:    Overwriting symbol font `pureletters' in version `bold'
(Font)                  T1/lmss/m/it --> T1/lmss/b/it on input line 139.
LaTeX Font Info:    Overwriting math alphabet `\mathrm' in version `bold'
(Font)                  OT1/lmss/b/n --> T1/lmr/b/n on input line 139.
LaTeX Font Info:    Overwriting math alphabet `\mathbf' in version `bold'
(Font)                  T1/lmss/b/n --> T1/lmss/b/n on input line 139.
LaTeX Font Info:    Overwriting math alphabet `\mathsf' in version `bold'
(Font)                  T1/lmss/m/n --> T1/lmss/b/n on input line 139.
LaTeX Font Info:    Overwriting math alphabet `\mathit' in version `bold'
(Font)                  T1/lmss/m/it --> T1/lmss/b/it on input line 139.
LaTeX Font Info:    Overwriting math alphabet `\mathtt' in version `bold'
(Font)                  T1/lmtt/m/n --> T1/lmtt/b/n on input line 139.

(/usr/local/texlive/2023/texmf-dist/tex/latex/translator/translator-basic-dicti
onary-English.dict
Dictionary: translator-basic-dictionary, Language: English 
)
(/usr/local/texlive/2023/texmf-dist/tex/latex/translator/translator-bibliograph
y-dictionary-English.dict
Dictionary: translator-bibliography-dictionary, Language: English 
)
(/usr/local/texlive/2023/texmf-dist/tex/latex/translator/translator-environment
-dictionary-English.dict
Dictionary: translator-environment-dictionary, Language: English 
)
(/usr/local/texlive/2023/texmf-dist/tex/latex/translator/translator-months-dict
ionary-English.dict
Dictionary: translator-months-dictionary, Language: English 
)
(/usr/local/texlive/2023/texmf-dist/tex/latex/translator/translator-numbers-dic
tionary-English.dict
Dictionary: translator-numbers-dictionary, Language: English 
)
(/usr/local/texlive/2023/texmf-dist/tex/latex/translator/translator-theorem-dic
tionary-English.dict
Dictionary: translator-theorem-dictionary, Language: English 
)
Package caption Info: Begin \AtBeginDocument code.
Package caption Info: subfig package v1.3 is loaded.
Package caption Info: End \AtBeginDocument code.
 (./chap6_LVM_bayesian_main.nav)
</home/sophie/Dropbox/WORK_DROPBOX/ENSEIGNEMENT/2024-Saclay-MathsSV/CoursVariab
lesLatentes/LVM_CoursComplet/tools/logo/Logo-INRAE.jpg, id=121, 301.125pt x 79.
29625pt>
File: /home/sophie/Dropbox/WORK_DROPBOX/ENSEIGNEMENT/2024-Saclay-MathsSV/CoursV
ariablesLatentes/LVM_CoursComplet/tools/logo/Logo-INRAE.jpg Graphic file (type 
jpg)
<use /home/sophie/Dropbox/WORK_DROPBOX/ENSEIGNEMENT/2024-Saclay-MathsSV/CoursVa
riablesLatentes/LVM_CoursComplet/tools/logo/Logo-INRAE.jpg>
Package pdftex.def Info: /home/sophie/Dropbox/WORK_DROPBOX/ENSEIGNEMENT/2024-Sa
clay-MathsSV/CoursVariablesLatentes/LVM_CoursComplet/tools/logo/Logo-INRAE.jpg 
 used on input line 154.
(pdftex.def)             Requested size: 30.11426pt x 7.93008pt.
LaTeX Font Info:    Trying to load font information for OT1+lmss on input line 
154.

(/usr/local/texlive/2023/texmf-dist/tex/latex/lm/ot1lmss.fd
File: ot1lmss.fd 2015/05/01 v1.6.1 Font defs for Latin Modern
)
LaTeX Font Info:    Trying to load font information for OML+lmm on input line 1
54.

(/usr/local/texlive/2023/texmf-dist/tex/latex/lm/omllmm.fd
File: omllmm.fd 2015/05/01 v1.6.1 Font defs for Latin Modern
)
LaTeX Font Info:    Trying to load font information for OMS+lmsy on input line 
154.

(/usr/local/texlive/2023/texmf-dist/tex/latex/lm/omslmsy.fd
File: omslmsy.fd 2015/05/01 v1.6.1 Font defs for Latin Modern
)
LaTeX Font Info:    Trying to load font information for OMX+lmex on input line 
154.

(/usr/local/texlive/2023/texmf-dist/tex/latex/lm/omxlmex.fd
File: omxlmex.fd 2015/05/01 v1.6.1 Font defs for Latin Modern
)
LaTeX Font Info:    External font `lmex10' loaded for size
(Font)              <10> on input line 154.
LaTeX Font Info:    External font `lmex10' loaded for size
(Font)              <7> on input line 154.
LaTeX Font Info:    External font `lmex10' loaded for size
(Font)              <5> on input line 154.
LaTeX Font Info:    Trying to load font information for U+msa on input line 154
.

(/usr/local/texlive/2023/texmf-dist/tex/latex/amsfonts/umsa.fd
File: umsa.fd 2013/01/14 v3.01 AMS symbols A
)
LaTeX Font Info:    Trying to load font information for U+msb on input line 154
.

(/usr/local/texlive/2023/texmf-dist/tex/latex/amsfonts/umsb.fd
File: umsb.fd 2013/01/14 v3.01 AMS symbols B
)
LaTeX Font Info:    Font shape `T1/lmss/m/it' in size <10> not available
(Font)              Font shape `T1/lmss/m/sl' tried instead on input line 154.
LaTeX Font Info:    Font shape `T1/lmss/m/it' in size <7> not available
(Font)              Font shape `T1/lmss/m/sl' tried instead on input line 154.
LaTeX Font Info:    Font shape `T1/lmss/m/it' in size <5> not available
(Font)              Font shape `T1/lmss/m/sl' tried instead on input line 154.
</home/sophie/Dropbox/WORK_DROPBOX/ENSEIGNEMENT/2024-Saclay-MathsSV/CoursVariab
lesLatentes/LVM_CoursComplet/tools/logo/UPS.png, id=122, 403.5075pt x 125.46875
pt>
File: /home/sophie/Dropbox/WORK_DROPBOX/ENSEIGNEMENT/2024-Saclay-MathsSV/CoursV
ariablesLatentes/LVM_CoursComplet/tools/logo/UPS.png Graphic file (type png)
<use /home/sophie/Dropbox/WORK_DROPBOX/ENSEIGNEMENT/2024-Saclay-MathsSV/CoursVa
riablesLatentes/LVM_CoursComplet/tools/logo/UPS.png>
Package pdftex.def Info: /home/sophie/Dropbox/WORK_DROPBOX/ENSEIGNEMENT/2024-Sa
clay-MathsSV/CoursVariablesLatentes/LVM_CoursComplet/tools/logo/UPS.png  used o
n input line 154.
(pdftex.def)             Requested size: 80.70006pt x 25.09329pt.
</home/sophie/Dropbox/WORK_DROPBOX/ENSEIGNEMENT/2024-Saclay-MathsSV/CoursVariab
lesLatentes/LVM_CoursComplet/tools/logo/AgroParisTech.png, id=123, 992.95969pt 
x 366.61969pt>
File: /home/sophie/Dropbox/WORK_DROPBOX/ENSEIGNEMENT/2024-Saclay-MathsSV/CoursV
ariablesLatentes/LVM_CoursComplet/tools/logo/AgroParisTech.png Graphic file (ty
pe png)
<use /home/sophie/Dropbox/WORK_DROPBOX/ENSEIGNEMENT/2024-Saclay-MathsSV/CoursVa
riablesLatentes/LVM_CoursComplet/tools/logo/AgroParisTech.png>
Package pdftex.def Info: /home/sophie/Dropbox/WORK_DROPBOX/ENSEIGNEMENT/2024-Sa
clay-MathsSV/CoursVariablesLatentes/LVM_CoursComplet/tools/logo/AgroParisTech.p
ng  used on input line 154.
(pdftex.def)             Requested size: 79.43839pt x 29.33017pt.
 [1

{/usr/local/texlive/2023/texmf-var/fonts/map/pdftex/updmap/pdftex.map}{/usr/loc
al/texlive/2023/texmf-dist/fonts/enc/dvips/lm/lm-ec.enc} </home/sophie/Dropbox/
WORK_DROPBOX/ENSEIGNEMENT/2024-Saclay-MathsSV/CoursVariablesLatentes/LVM_CoursC
omplet/tools/logo/Logo-INRAE.jpg> </home/sophie/Dropbox/WORK_DROPBOX/ENSEIGNEME
NT/2024-Saclay-MathsSV/CoursVariablesLatentes/LVM_CoursComplet/tools/logo/UPS.p
ng> </home/sophie/Dropbox/WORK_DROPBOX/ENSEIGNEMENT/2024-Saclay-MathsSV/CoursVa
riablesLatentes/LVM_CoursComplet/tools/logo/AgroParisTech.png>] (./basics.tex
(./chap6_LVM_bayesian_main.toc) [2

] (./chap6_LVM_bayesian_main.toc) [3

]
LaTeX Font Info:    Trying to load font information for TS1+lmss on input line 
26.

(/usr/local/texlive/2023/texmf-dist/tex/latex/lm/ts1lmss.fd
File: ts1lmss.fd 2015/05/01 v1.6.1 Font defs for Latin Modern
)
LaTeX Font Info:    External font `lmex10' loaded for size
(Font)              <9> on input line 26.
LaTeX Font Info:    External font `lmex10' loaded for size
(Font)              <6> on input line 26.
LaTeX Font Info:    Font shape `T1/lmss/m/it' in size <9> not available
(Font)              Font shape `T1/lmss/m/sl' tried instead on input line 26.
LaTeX Font Info:    Font shape `T1/lmss/m/it' in size <6> not available
(Font)              Font shape `T1/lmss/m/sl' tried instead on input line 26.
 [4

{/usr/local/texlive/2023/texmf-dist/fonts/enc/dvips/lm/lm-ts1.enc}{/usr/local/t
exlive/2023/texmf-dist/fonts/enc/dvips/lm/lm-rm.enc}{/usr/local/texlive/2023/te
xmf-dist/fonts/enc/dvips/lm/lm-mathit.enc}]
LaTeX Font Info:    External font `lmex10' loaded for size
(Font)              <12> on input line 55.
LaTeX Font Info:    External font `lmex10' loaded for size
(Font)              <8> on input line 55.
LaTeX Font Info:    Font shape `T1/lmss/m/it' in size <12> not available
(Font)              Font shape `T1/lmss/m/sl' tried instead on input line 55.
LaTeX Font Info:    Font shape `T1/lmss/m/it' in size <8> not available
(Font)              Font shape `T1/lmss/m/sl' tried instead on input line 55.
 [5

{/usr/local/texlive/2023/texmf-dist/fonts/enc/dvips/lm/lm-mathsy.enc}{/usr/loca
l/texlive/2023/texmf-dist/fonts/enc/dvips/lm/lm-mathex.enc}] [6

]
LaTeX Font Info:    Font shape `T1/lmss/b/n' in size <10> not available
(Font)              Font shape `T1/lmss/bx/n' tried instead on input line 113.
LaTeX Font Info:    Font shape `T1/lmss/b/n' in size <7> not available
(Font)              Font shape `T1/lmss/bx/n' tried instead on input line 113.
LaTeX Font Info:    Font shape `T1/lmss/b/n' in size <5> not available
(Font)              Font shape `T1/lmss/bx/n' tried instead on input line 113.
LaTeX Font Info:    Font shape `T1/lmss/b/n' in size <9> not available
(Font)              Font shape `T1/lmss/bx/n' tried instead on input line 113.
LaTeX Font Info:    Font shape `T1/lmss/b/n' in size <6> not available
(Font)              Font shape `T1/lmss/bx/n' tried instead on input line 113.
 [7

] [8


] [9


] [10


]
LaTeX Font Info:    Font shape `OT1/lmss/b/n' in size <10> not available
(Font)              Font shape `OT1/lmss/bx/n' tried instead on input line 134.

LaTeX Font Info:    Font shape `OT1/lmss/b/n' in size <7> not available
(Font)              Font shape `OT1/lmss/bx/n' tried instead on input line 134.

LaTeX Font Info:    Font shape `OT1/lmss/b/n' in size <5> not available
(Font)              Font shape `OT1/lmss/bx/n' tried instead on input line 134.

LaTeX Font Info:    Font shape `T1/lmss/b/it' in size <10> not available
(Font)              Font shape `T1/lmss/bx/it' tried instead on input line 134.

LaTeX Font Info:    Font shape `T1/lmss/bx/it' in size <10> not available
(Font)              Font shape `T1/lmss/bx/sl' tried instead on input line 134.

LaTeX Font Info:    Font shape `T1/lmss/b/it' in size <7> not available
(Font)              Font shape `T1/lmss/bx/it' tried instead on input line 134.

LaTeX Font Info:    Font shape `T1/lmss/bx/it' in size <7> not available
(Font)              Font shape `T1/lmss/bx/sl' tried instead on input line 134.

LaTeX Font Info:    Font shape `T1/lmss/b/it' in size <5> not available
(Font)              Font shape `T1/lmss/bx/it' tried instead on input line 134.

LaTeX Font Info:    Font shape `T1/lmss/bx/it' in size <5> not available
(Font)              Font shape `T1/lmss/bx/sl' tried instead on input line 134.

 [11

] (./chap6_LVM_bayesian_main.toc) [12

]
Overfull \vbox (4.88864pt too high) detected at line 155
 []

[13

]
LaTeX Font Info:    Font shape `T1/lmss/b/n' in size <12> not available
(Font)              Font shape `T1/lmss/bx/n' tried instead on input line 171.
LaTeX Font Info:    Font shape `T1/lmss/b/n' in size <8> not available
(Font)              Font shape `T1/lmss/bx/n' tried instead on input line 171.
 [14

] [15

] [16

]
\openout4 = `chap6_LVM_bayesian_main.vrb'.

 (./chap6_LVM_bayesian_main.vrb
LaTeX Font Info:    Trying to load font information for T1+lmtt on input line 3
.

(/usr/local/texlive/2023/texmf-dist/tex/latex/lm/t1lmtt.fd
File: t1lmtt.fd 2015/05/01 v1.6.1 Font defs for Latin Modern
)) [17

]
<figures/post_priorunif.png, id=348, 1015.795pt x 665.48625pt>
File: figures/post_priorunif.png Graphic file (type png)
<use figures/post_priorunif.png>
Package pdftex.def Info: figures/post_priorunif.png  used on input line 228.
(pdftex.def)             Requested size: 307.28987pt x 201.31274pt.

Overfull \vbox (16.24373pt too high) detected at line 228
 []

[18

 <./figures/post_priorunif.png>] [19

] (./chap6_LVM_bayesian_main.toc)
[20

]
<figures/plot_beta.png, id=388, 708.6475pt x 540.0175pt>
File: figures/plot_beta.png Graphic file (type png)
<use figures/plot_beta.png>
Package pdftex.def Info: figures/plot_beta.png  used on input line 279.
(pdftex.def)             Requested size: 138.27762pt x 138.27531pt.
 [21

 <./figures/plot_beta.png>] [22

]
\openout4 = `chap6_LVM_bayesian_main.vrb'.

 (./chap6_LVM_bayesian_main.vrb
<figures/prior_beta.png, id=414, 635.37375pt x 468.75125pt>
File: figures/prior_beta.png Graphic file (type png)
<use figures/prior_beta.png>
Package pdftex.def Info: figures/prior_beta.png  used on input line 4.
(pdftex.def)             Requested size: 122.91406pt x 90.68013pt.
<figures/post_n=10.png, id=415, 635.37375pt x 468.75125pt>
File: figures/post_n=10.png Graphic file (type png)
<use figures/post_n=10.png>
Package pdftex.def Info: figures/post_n=10.png  used on input line 5.
(pdftex.def)             Requested size: 122.91406pt x 90.68013pt.
<figures/post_n=50.png, id=416, 635.37375pt x 468.75125pt>
File: figures/post_n=50.png Graphic file (type png)
<use figures/post_n=50.png>
Package pdftex.def Info: figures/post_n=50.png  used on input line 6.
(pdftex.def)             Requested size: 122.91406pt x 90.68013pt.
<figures/post_n=240.png, id=417, 635.37375pt x 468.75125pt>
File: figures/post_n=240.png Graphic file (type png)
<use figures/post_n=240.png>
Package pdftex.def Info: figures/post_n=240.png  used on input line 7.
(pdftex.def)             Requested size: 122.91406pt x 90.68013pt.
)
[23

 <./figures/prior_beta.png> <./figures/post_n=10.png> <./figures/post_n=50.png>
 <./figures/post_n=240.png>] [24

] [25

] [26

] (./chap6_LVM_bayesian_main.toc)
Overfull \vbox (15.6398pt too high) detected at line 355
 []

[27

]
<figures/approx_post_MC.png, id=461, 347.79938pt x 253.69781pt>
File: figures/approx_post_MC.png Graphic file (type png)
<use figures/approx_post_MC.png>
Package pdftex.def Info: figures/approx_post_MC.png  used on input line 375.
(pdftex.def)             Requested size: 215.10196pt x 156.9039pt.

Overfull \vbox (13.07788pt too high) detected at line 375
 []

[28

 <./figures/approx_post_MC.png (PNG copy)>]
Overfull \vbox (51.27058pt too high) detected at line 402
 []

[29

] [30

]
<figures/HPD.png, id=516, 861.2175pt x 638.385pt>
File: figures/HPD.png Graphic file (type png)
<use figures/HPD.png>
Package pdftex.def Info: figures/HPD.png  used on input line 442.
(pdftex.def)             Requested size: 307.28987pt x 227.78255pt.
 [31

]
Overfull \vbox (8.61476pt too high) detected at line 442
 []

[32


 <./figures/HPD.png>]
<figures/HPD_bimod.png, id=530, 861.2175pt x 638.385pt>
File: figures/HPD_bimod.png Graphic file (type png)
<use figures/HPD_bimod.png>
Package pdftex.def Info: figures/HPD_bimod.png  used on input line 456.
(pdftex.def)             Requested size: 184.3758pt x 136.66563pt.
 [33

 <./figures/HPD_bimod.png>]
<figures/Equi_tailes.png, id=549, 861.2175pt x 638.385pt>
File: figures/Equi_tailes.png Graphic file (type png)
<use figures/Equi_tailes.png>
Package pdftex.def Info: figures/Equi_tailes.png  used on input line 471.
(pdftex.def)             Requested size: 245.83282pt x 182.22409pt.

Overfull \vbox (15.07742pt too high) detected at line 471
 []

[34

 <./figures/Equi_tailes.png>] [35

] [36

] (./chap6_LVM_bayesian_main.toc)
Overfull \vbox (14.55202pt too high) detected at line 501
 []

[37

] [38

] [39

]
Overfull \vbox (20.37732pt too high) detected at line 576
 []

[40

] [41

] [42

]
File: figures/approx_post_MC.png Graphic file (type png)
<use figures/approx_post_MC.png>
Package pdftex.def Info: figures/approx_post_MC.png  used on input line 628.
(pdftex.def)             Requested size: 153.64493pt x 112.07256pt.
 [43

] [44

] [45

] [46

]) (./MCMC.tex (./chap6_LVM_bayesian_main.toc) [47

] (./chap6_LVM_bayesian_main.toc) [48

] [49

]
Overfull \vbox (21.04741pt too high) detected at line 46
 []

[50

]
<figures/OrangeData.png, id=705, 466.6233pt x 333.4056pt>
File: figures/OrangeData.png Graphic file (type png)
<use figures/OrangeData.png>
Package pdftex.def Info: figures/OrangeData.png  used on input line 60.
(pdftex.def)             Requested size: 215.10196pt x 153.69402pt.
 [51

 <./figures/OrangeData.png (PNG copy)>] [52

]
Overfull \hbox (18.22244pt too wide) in alignment at lines 119--119
 [][][] []
 []


Overfull \vbox (4.52466pt too high) detected at line 119
 []

[53

] [54

] (./chap6_LVM_bayesian_main.toc) [55

]
<figures/MCMC_chain_debut.png, id=778, 829.0975pt x 734.745pt>
File: figures/MCMC_chain_debut.png Graphic file (type png)
<use figures/MCMC_chain_debut.png>
Package pdftex.def Info: figures/MCMC_chain_debut.png  used on input line 185.
(pdftex.def)             Requested size: 92.1879pt x 81.69667pt.
<figures/MCMC_chain_milieu.png, id=779, 829.0975pt x 734.745pt>
File: figures/MCMC_chain_milieu.png Graphic file (type png)
<use figures/MCMC_chain_milieu.png>
Package pdftex.def Info: figures/MCMC_chain_milieu.png  used on input line 185.

(pdftex.def)             Requested size: 92.1879pt x 81.69667pt.
<figures/MCMC_plot_50000.png, id=780, 829.0975pt x 734.745pt>
File: figures/MCMC_plot_50000.png Graphic file (type png)
<use figures/MCMC_plot_50000.png>
Package pdftex.def Info: figures/MCMC_plot_50000.png  used on input line 185.
(pdftex.def)             Requested size: 92.1879pt x 81.69667pt.

Overfull \hbox (5.27382pt too wide) in paragraph at lines 185--185
[][]  
 []

[56

 <./figures/MCMC_chain_debut.png> <./figures/MCMC_chain_milieu.png> <./figures/
MCMC_plot_50000.png>] [57


] [58

] [59

] [60

] [61

] [62

]
LaTeX Font Info:    Font shape `OT1/lmss/b/n' in size <9> not available
(Font)              Font shape `OT1/lmss/bx/n' tried instead on input line 287.

LaTeX Font Info:    Font shape `OT1/lmss/b/n' in size <6> not available
(Font)              Font shape `OT1/lmss/bx/n' tried instead on input line 287.

LaTeX Font Info:    Font shape `T1/lmss/b/it' in size <9> not available
(Font)              Font shape `T1/lmss/bx/it' tried instead on input line 287.

LaTeX Font Info:    Font shape `T1/lmss/bx/it' in size <9> not available
(Font)              Font shape `T1/lmss/bx/sl' tried instead on input line 287.

LaTeX Font Info:    Font shape `T1/lmss/b/it' in size <6> not available
(Font)              Font shape `T1/lmss/bx/it' tried instead on input line 287.

LaTeX Font Info:    Font shape `T1/lmss/bx/it' in size <6> not available
(Font)              Font shape `T1/lmss/bx/sl' tried instead on input line 287.


Overfull \hbox (5.40617pt too wide) in alignment at lines 287--287
 [][][] []
 []


Overfull \vbox (12.85823pt too high) detected at line 287
 []

[63

]
Overfull \hbox (5.40617pt too wide) in alignment at lines 287--287
 [][][] []
 []


Overfull \vbox (12.85823pt too high) detected at line 287
 []

[64

]
Overfull \hbox (5.40617pt too wide) in alignment at lines 287--287
 [][][] []
 []


Overfull \vbox (12.85823pt too high) detected at line 287
 []

[65

]
Overfull \hbox (5.40617pt too wide) in alignment at lines 287--287
 [][][] []
 []


Overfull \vbox (12.85823pt too high) detected at line 287
 []

[66

]
Overfull \hbox (5.40617pt too wide) in alignment at lines 287--287
 [][][] []
 []


Overfull \vbox (12.85823pt too high) detected at line 287
 []

[67

]
Overfull \hbox (5.40617pt too wide) in alignment at lines 287--287
 [][][] []
 []


Overfull \vbox (12.85823pt too high) detected at line 287
 []

[68

]
Overfull \hbox (5.40617pt too wide) in alignment at lines 287--287
 [][][] []
 []


Overfull \vbox (12.85823pt too high) detected at line 287
 []

[69

] [70

] [71

] [72

] [73

] [74

] [75


] [76

]
Overfull \vbox (18.02621pt too high) detected at line 371
 []

[77

]
Overfull \hbox (2.26085pt too wide) in alignment at lines 389--389
 [][][] []
 []


Overfull \vbox (23.27794pt too high) detected at line 389
 []

[78

] [79

]
\openout4 = `chap6_LVM_bayesian_main.vrb'.

 (./chap6_LVM_bayesian_main.vrb) [80

]
\openout4 = `chap6_LVM_bayesian_main.vrb'.

 (./chap6_LVM_bayesian_main.vrb
<figures/probit_mcmc.png, id=992, 777.90625pt x 468.75125pt>
File: figures/probit_mcmc.png Graphic file (type png)
<use figures/probit_mcmc.png>
Package pdftex.def Info: figures/probit_mcmc.png  used on input line 5.
(pdftex.def)             Requested size: 307.28987pt x 185.17259pt.
)
LaTeX Font Info:    Font shape `OT1/lmss/b/n' in size <12> not available
(Font)              Font shape `OT1/lmss/bx/n' tried instead on input line 450.

LaTeX Font Info:    Font shape `OT1/lmss/b/n' in size <8> not available
(Font)              Font shape `OT1/lmss/bx/n' tried instead on input line 450.

LaTeX Font Info:    Font shape `T1/lmss/b/it' in size <12> not available
(Font)              Font shape `T1/lmss/bx/it' tried instead on input line 450.

LaTeX Font Info:    Font shape `T1/lmss/bx/it' in size <12> not available
(Font)              Font shape `T1/lmss/bx/sl' tried instead on input line 450.

LaTeX Font Info:    Font shape `T1/lmss/b/it' in size <8> not available
(Font)              Font shape `T1/lmss/bx/it' tried instead on input line 450.

LaTeX Font Info:    Font shape `T1/lmss/bx/it' in size <8> not available
(Font)              Font shape `T1/lmss/bx/sl' tried instead on input line 450.


Overfull \vbox (3.10222pt too high) detected at line 450
 []

[81

 <./figures/probit_mcmc.png>]
\openout4 = `chap6_LVM_bayesian_main.vrb'.

 (./chap6_LVM_bayesian_main.vrb) [82

]
\openout4 = `chap6_LVM_bayesian_main.vrb'.


(./chap6_LVM_bayesian_main.vrb) [83

] (./chap6_LVM_bayesian_main.toc) [84

]
[85

] [86

] [87

] [88

]
Overfull \vbox (2.26909pt too high) detected at line 584
 []

[89

] [90

] [91

] [92

] [93

] [94

]
Overfull \vbox (21.33601pt too high) detected at line 663
 []

[95

] [96

] [97

] [98

] [99

] (./chap6_LVM_bayesian_main.toc) [100

] [101

] [102

]
<figures/Rlogo-1.png, id=1179, 349.305pt x 264.99pt>
File: figures/Rlogo-1.png Graphic file (type png)
<use figures/Rlogo-1.png>
Package pdftex.def Info: figures/Rlogo-1.png  used on input line 802.
(pdftex.def)             Requested size: 14.36536pt x 10.897pt.
File: figures/Rlogo-1.png Graphic file (type png)
<use figures/Rlogo-1.png>
Package pdftex.def Info: figures/Rlogo-1.png  used on input line 802.
(pdftex.def)             Requested size: 14.36536pt x 10.897pt.
File: figures/Rlogo-1.png Graphic file (type png)
<use figures/Rlogo-1.png>
Package pdftex.def Info: figures/Rlogo-1.png  used on input line 802.
(pdftex.def)             Requested size: 14.36536pt x 10.897pt.

[103

 <./figures/Rlogo-1.png>] [104

] (./chap6_LVM_bayesian_main.toc) [105

]
[106

] [107

] [108

] [109

] [110

]
Overfull \vbox (114.88431pt too high) detected at line 903
 []

[111

] [112

]) (./variational.tex (./chap6_LVM_bayesian_main.toc) [113

]
(./chap6_LVM_bayesian_main.toc) [114

]
Overfull \vbox (3.08089pt too high) detected at line 24
 []

[115

] [116

] [117

]
! Undefined control sequence.
<argument> q_Z(Z) q_\theta (\thetabf 
                                     )
l.97 \end{frame}
                
The control sequence at the end of the top line
of your error message was never \def'ed. If you have
misspelled it (e.g., `\hobx'), type `I' and the correct
spelling (e.g., `I\hbox'). Otherwise just continue,
and I'll forget about whatever was undefined.

! Undefined control sequence.
\beamer@doifinframe ... = \int q_\theta (\thetabf 
                                                  ) \log P(Y, Z, \thetabf ) ...
l.97 \end{frame}
                
The control sequence at the end of the top line
of your error message was never \def'ed. If you have
misspelled it (e.g., `\hobx'), type `I' and the correct
spelling (e.g., `I\hbox'). Otherwise just continue,
and I'll forget about whatever was undefined.

! Undefined control sequence.
\beamer@doifinframe ...bf ) \log P(Y, Z, \thetabf 
                                                  ) \dd \thetabf - \int q_\t...
l.97 \end{frame}
                
The control sequence at the end of the top line
of your error message was never \def'ed. If you have
misspelled it (e.g., `\hobx'), type `I' and the correct
spelling (e.g., `I\hbox'). Otherwise just continue,
and I'll forget about whatever was undefined.

! Undefined control sequence.
\beamer@doifinframe ...Z, \thetabf ) \dd \thetabf 
                                                  - \int q_\theta (\thetabf ...
l.97 \end{frame}
                
The control sequence at the end of the top line
of your error message was never \def'ed. If you have
misspelled it (e.g., `\hobx'), type `I' and the correct
spelling (e.g., `I\hbox'). Otherwise just continue,
and I'll forget about whatever was undefined.

! Undefined control sequence.
\beamer@doifinframe ... - \int q_\theta (\thetabf 
                                                  ) \log q_\theta (\thetabf ...
l.97 \end{frame}
                
The control sequence at the end of the top line
of your error message was never \def'ed. If you have
misspelled it (e.g., `\hobx'), type `I' and the correct
spelling (e.g., `I\hbox'). Otherwise just continue,
and I'll forget about whatever was undefined.

! Undefined control sequence.
\beamer@doifinframe ... ) \log q_\theta (\thetabf 
                                                  ) \dd \thetabf - [\log q_Z...
l.97 \end{frame}
                
The control sequence at the end of the top line
of your error message was never \def'ed. If you have
misspelled it (e.g., `\hobx'), type `I' and the correct
spelling (e.g., `I\hbox'). Otherwise just continue,
and I'll forget about whatever was undefined.

! Undefined control sequence.
\beamer@doifinframe ...a (\thetabf ) \dd \thetabf 
                                                  - [\log q_Z(Z) - 1 ] \int ...
l.97 \end{frame}
                
The control sequence at the end of the top line
of your error message was never \def'ed. If you have
misspelled it (e.g., `\hobx'), type `I' and the correct
spelling (e.g., `I\hbox'). Otherwise just continue,
and I'll forget about whatever was undefined.

! Undefined control sequence.
\beamer@doifinframe ... ] \int q_\theta (\thetabf 
                                                  ) \dd \thetabf = 0 $$ that...
l.97 \end{frame}
                
The control sequence at the end of the top line
of your error message was never \def'ed. If you have
misspelled it (e.g., `\hobx'), type `I' and the correct
spelling (e.g., `I\hbox'). Otherwise just continue,
and I'll forget about whatever was undefined.

! Undefined control sequence.
\beamer@doifinframe ...a (\thetabf ) \dd \thetabf 
                                                  = 0 $$ that is \begin {equ...
l.97 \end{frame}
                
The control sequence at the end of the top line
of your error message was never \def'ed. If you have
misspelled it (e.g., `\hobx'), type `I' and the correct
spelling (e.g., `I\hbox'). Otherwise just continue,
and I'll forget about whatever was undefined.


Overfull \hbox (54.01422pt too wide) detected at line 97
[]\T1/lmss/m/sl/10 L\OT1/lmss/m/n/10 (\T1/lmss/m/sl/10 x\OML/lmm/m/it/10 ; \T1/
lmss/m/sl/10 q[]\OT1/lmss/m/n/10 ) = [] \T1/lmss/m/sl/10 q[]\OT1/lmss/m/n/10 ()
 [] \T1/lmss/m/sl/10 P\OT1/lmss/m/n/10 (\T1/lmss/m/sl/10 Y\OML/lmm/m/it/10 ; \T
1/lmss/m/sl/10 Z\OML/lmm/m/it/10 ; \OT1/lmss/m/n/10 ) [] \OMS/lmsy/m/n/10 ^^@ [
] \T1/lmss/m/sl/10 q[]\OT1/lmss/m/n/10 () [] \T1/lmss/m/sl/10 q[]\OT1/lmss/m/n/
10 () [] \OMS/lmsy/m/n/10 ^^@ \OT1/lmss/m/n/10 [[] \T1/lmss/m/sl/10 q[]\OT1/lms
s/m/n/10 (\T1/lmss/m/sl/10 Z\OT1/lmss/m/n/10 ) \OMS/lmsy/m/n/10 ^^@ \T1/lmss/m/
n/10 1\OT1/lmss/m/n/10 ] [] \T1/lmss/m/sl/10 q[]\OT1/lmss/m/n/10 () [] = \T1/lm
ss/m/n/10 0
 []

! Undefined control sequence.
\beamer@doifinframe ... = \int q_\theta (\thetabf 
                                                  ) \log P(Y, Z, \thetabf ) ...
l.97 \end{frame}
                
The control sequence at the end of the top line
of your error message was never \def'ed. If you have
misspelled it (e.g., `\hobx'), type `I' and the correct
spelling (e.g., `I\hbox'). Otherwise just continue,
and I'll forget about whatever was undefined.

! Undefined control sequence.
\beamer@doifinframe ...bf ) \log P(Y, Z, \thetabf 
                                                  ) \dd \thetabf + \text {cs...
l.97 \end{frame}
                
The control sequence at the end of the top line
of your error message was never \def'ed. If you have
misspelled it (e.g., `\hobx'), type `I' and the correct
spelling (e.g., `I\hbox'). Otherwise just continue,
and I'll forget about whatever was undefined.

! Undefined control sequence.
\beamer@doifinframe ...Z, \thetabf ) \dd \thetabf 
                                                  + \text {cst}, \end {equat...
l.97 \end{frame}
                
The control sequence at the end of the top line
of your error message was never \def'ed. If you have
misspelled it (e.g., `\hobx'), type `I' and the correct
spelling (e.g., `I\hbox'). Otherwise just continue,
and I'll forget about whatever was undefined.

! Undefined control sequence.
\beamer@doifinframe ...xp \int q_\theta (\thetabf 
                                                  ) \log P(Y, Z, \thetabf ) ...
l.97 \end{frame}
                
The control sequence at the end of the top line
of your error message was never \def'ed. If you have
misspelled it (e.g., `\hobx'), type `I' and the correct
spelling (e.g., `I\hbox'). Otherwise just continue,
and I'll forget about whatever was undefined.

! Undefined control sequence.
\beamer@doifinframe ...bf ) \log P(Y, Z, \thetabf 
                                                  ) \dd \thetabf . \end {equ...
l.97 \end{frame}
                
The control sequence at the end of the top line
of your error message was never \def'ed. If you have
misspelled it (e.g., `\hobx'), type `I' and the correct
spelling (e.g., `I\hbox'). Otherwise just continue,
and I'll forget about whatever was undefined.

! Undefined control sequence.
\beamer@doifinframe ...Z, \thetabf ) \dd \thetabf 
                                                  . \end {equation} Similarl...
l.97 \end{frame}
                
The control sequence at the end of the top line
of your error message was never \def'ed. If you have
misspelled it (e.g., `\hobx'), type `I' and the correct
spelling (e.g., `I\hbox'). Otherwise just continue,
and I'll forget about whatever was undefined.

! Undefined control sequence.
\beamer@doifinframe ... get $$ q_\theta (\thetabf 
                                                  ) \propto \exp \int q_Z(Z)...
l.97 \end{frame}
                
The control sequence at the end of the top line
of your error message was never \def'ed. If you have
misspelled it (e.g., `\hobx'), type `I' and the correct
spelling (e.g., `I\hbox'). Otherwise just continue,
and I'll forget about whatever was undefined.

! Undefined control sequence.
\beamer@doifinframe ...Z(Z) \log P(Y, Z, \thetabf 
                                                  ) \dd Z $$ so the two opti...
l.97 \end{frame}
                
The control sequence at the end of the top line
of your error message was never \def'ed. If you have
misspelled it (e.g., `\hobx'), type `I' and the correct
spelling (e.g., `I\hbox'). Otherwise just continue,
and I'll forget about whatever was undefined.


Overfull \vbox (66.95764pt too high) detected at line 97
 []

[118

] (./chap6_LVM_bayesian_main.toc) [119

] [120

]
Overfull \hbox (0.59758pt too wide) in alignment at lines 143--143
 [][][] []
 []


Overfull \vbox (35.68797pt too high) detected at line 143
 []

[121

]
Overfull \vbox (26.71596pt too high) detected at line 166
 []

[122

] [123

] [124

] (./chap6_LVM_bayesian_main.toc) [125

]
Overfull \vbox (25.68805pt too high) detected at line 222
 []

[126

]) (./importance_sampling.tex (./chap6_LVM_bayesian_main.toc) [127

]
(./chap6_LVM_bayesian_main.toc) [128

] [129

] [130


] [131


] [132

]
<figures/IS_sampling.png, id=1416, 829.0975pt x 734.745pt>
File: figures/IS_sampling.png Graphic file (type png)
<use figures/IS_sampling.png>
Package pdftex.def Info: figures/IS_sampling.png  used on input line 56.
(pdftex.def)             Requested size: 245.83282pt x 217.8466pt.

Overfull \vbox (21.42073pt too high) detected at line 56
 []

[133

 <./figures/IS_sampling.png>]
<figures/post_2D_true.png, id=1424, 829.0975pt x 734.745pt>
File: figures/post_2D_true.png Graphic file (type png)
<use figures/post_2D_true.png>
Package pdftex.def Info: figures/post_2D_true.png  used on input line 72.
(pdftex.def)             Requested size: 141.3554pt x 125.26375pt.
<figures/post_2D_IS.png, id=1425, 829.0975pt x 734.745pt>
File: figures/post_2D_IS.png Graphic file (type png)
<use figures/post_2D_IS.png>
Package pdftex.def Info: figures/post_2D_IS.png  used on input line 72.
(pdftex.def)             Requested size: 141.3554pt x 125.26375pt.
<figures/post_IS_vraie.png, id=1426, 829.0975pt x 734.745pt>
File: figures/post_IS_vraie.png Graphic file (type png)
<use figures/post_IS_vraie.png>
Package pdftex.def Info: figures/post_IS_vraie.png  used on input line 72.
(pdftex.def)             Requested size: 307.27997pt x 108.11047pt.

Overfull \vbox (25.20522pt too high) detected at line 72
 []

[134

 <./figures/post_2D_true.png> <./figures/post_2D_IS.png> <./figures/post_IS_vra
ie.png>]
<figures/IS_sampling_2.png, id=1435, 829.0975pt x 734.745pt>
File: figures/IS_sampling_2.png Graphic file (type png)
<use figures/IS_sampling_2.png>
Package pdftex.def Info: figures/IS_sampling_2.png  used on input line 82.
(pdftex.def)             Requested size: 245.83282pt x 217.8466pt.

Overfull \vbox (21.42073pt too high) detected at line 82
 []

[135

 <./figures/IS_sampling_2.png>]
File: figures/post_2D_true.png Graphic file (type png)
<use figures/post_2D_true.png>
Package pdftex.def Info: figures/post_2D_true.png  used on input line 97.
(pdftex.def)             Requested size: 141.3554pt x 125.26375pt.
<figures/post_2D_IS_2.png, id=1442, 829.0975pt x 734.745pt>
File: figures/post_2D_IS_2.png Graphic file (type png)
<use figures/post_2D_IS_2.png>
Package pdftex.def Info: figures/post_2D_IS_2.png  used on input line 97.
(pdftex.def)             Requested size: 141.3554pt x 125.26375pt.
<figures/post_IS_vraie_2.png, id=1443, 829.0975pt x 734.745pt>
File: figures/post_IS_vraie_2.png Graphic file (type png)
<use figures/post_IS_vraie_2.png>
Package pdftex.def Info: figures/post_IS_vraie_2.png  used on input line 97.
(pdftex.def)             Requested size: 307.27997pt x 108.11047pt.

Overfull \vbox (25.20522pt too high) detected at line 97
 []

[136

 <./figures/post_2D_IS_2.png> <./figures/post_IS_vraie_2.png>] [137

]
[138


] (./chap6_LVM_bayesian_main.toc) [139

] [140

]
<figures/IS_sampling_VBEM.png, id=1517, 829.0975pt x 734.745pt>
File: figures/IS_sampling_VBEM.png Graphic file (type png)
<use figures/IS_sampling_VBEM.png>
Package pdftex.def Info: figures/IS_sampling_VBEM.png  used on input line 157.
(pdftex.def)             Requested size: 245.83282pt x 217.8466pt.

Overfull \vbox (21.42073pt too high) detected at line 157
 []

[141

 <./figures/IS_sampling_VBEM.png>]
File: figures/post_2D_true.png Graphic file (type png)
<use figures/post_2D_true.png>
Package pdftex.def Info: figures/post_2D_true.png  used on input line 173.
(pdftex.def)             Requested size: 141.3554pt x 125.26375pt.
<figures/post_2D_IS_VBEM.png, id=1524, 829.0975pt x 734.745pt>
File: figures/post_2D_IS_VBEM.png Graphic file (type png)
<use figures/post_2D_IS_VBEM.png>
Package pdftex.def Info: figures/post_2D_IS_VBEM.png  used on input line 173.
(pdftex.def)             Requested size: 141.3554pt x 125.26375pt.
<figures/post_IS_vraie_VBEM.png, id=1525, 829.0975pt x 734.745pt>
File: figures/post_IS_vraie_VBEM.png Graphic file (type png)
<use figures/post_IS_vraie_VBEM.png>
Package pdftex.def Info: figures/post_IS_vraie_VBEM.png  used on input line 173
.
(pdftex.def)             Requested size: 307.27997pt x 99.57869pt.

Overfull \vbox (16.67343pt too high) detected at line 173
 []

[142

 <./figures/post_2D_IS_VBEM.png> <./figures/post_IS_vraie_VBEM.png>]
[143

]
Overfull \vbox (69.06284pt too high) detected at line 224
 []

[144

] [145

]
Overfull \vbox (42.84647pt too high) detected at line 262
 []

[146

]
Overfull \vbox (32.91753pt too high) detected at line 282
 []

[147

] [148

] [149

] [150

] [151


] [152

] [153

] [154

] (./chap6_LVM_bayesian_main.toc) [155

] [156

] [157

]
<figures/traj_alpha_example.png, id=1695, 853.1875pt x 799.98875pt>
File: figures/traj_alpha_example.png Graphic file (type png)
<use figures/traj_alpha_example.png>
Package pdftex.def Info: figures/traj_alpha_example.png  used on input line 453
.
(pdftex.def)             Requested size: 184.3758pt x 172.87312pt.

Overfull \vbox (30.70253pt too high) detected at line 453
 []

[158

 <./figures/traj_alpha_example.png>] [159

]
<figures/post_example.png, id=1707, 1084.05pt x 734.745pt>
File: figures/post_example.png Graphic file (type png)
<use figures/post_example.png>
Package pdftex.def Info: figures/post_example.png  used on input line 479.
(pdftex.def)             Requested size: 307.28987pt x 208.27216pt.

Overfull \vbox (31.20056pt too high) detected at line 479
 []

[160

 <./figures/post_example.png>]) (./chap6_LVM_bayesian_main.toc) [161

]
[162

] [163

] (./chap6_LVM_bayesian_main.bbl
LaTeX Font Info:    Font shape `T1/lmss/bx/it' in size <5> not available
(Font)              Font shape `T1/lmss/bx/sl' tried instead on input line 23.
) [164

 </usr/local/texlive/2023/texmf-dist/tex/latex/beamer/beamericonarticle.pdf>]
\tf@nav=\write6
\openout6 = `chap6_LVM_bayesian_main.nav'.

\tf@toc=\write7
\openout7 = `chap6_LVM_bayesian_main.toc'.

\tf@snm=\write8
\openout8 = `chap6_LVM_bayesian_main.snm'.

 (./chap6_LVM_bayesian_main.aux)
 ***********
LaTeX2e <2023-06-01>
L3 programming layer <2023-06-16>
 ***********


LaTeX Warning: Label(s) may have changed. Rerun to get cross-references right.


Package rerunfilecheck Warning: File `chap6_LVM_bayesian_main.out' has changed.

(rerunfilecheck)                Rerun to get outlines right
(rerunfilecheck)                or use package `bookmark'.

Package rerunfilecheck Info: Checksums for `chap6_LVM_bayesian_main.out':
(rerunfilecheck)             Before: 34A210D46BAF84FE578CDA8238410445;4390
(rerunfilecheck)             After:  86C915B98E5ABB51A97FEAE578344628;4390.
 ) 
Here is how much of TeX's memory you used:
 33901 strings out of 475724
 707115 string characters out of 5781876
 1870755 words of memory out of 5000000
 53488 multiletter control sequences out of 15000+600000
 652659 words of font info for 128 fonts, out of 8000000 for 9000
 1141 hyphenation exceptions out of 8191
 128i,25n,123p,1890b,901s stack positions out of 10000i,1000n,20000p,200000b,200000s

pdfTeX warning (dest): name{BF} has been referenced but does not exist, replace
d by a fixed one


pdfTeX warning (dest): name{basics\040probability} has been referenced but does
 not exist, replaced by a fixed one


pdfTeX warning (dest): name{Outline0.4.3.154} has been referenced but does not 
exist, replaced by a fixed one


pdfTeX warning (dest): name{Outline0.4.2.138} has been referenced but does not 
exist, replaced by a fixed one


pdfTeX warning (dest): name{Outline0.4.1.127} has been referenced but does not 
exist, replaced by a fixed one


pdfTeX warning (dest): name{Outline0.3.3.124} has been referenced but does not 
exist, replaced by a fixed one


pdfTeX warning (dest): name{Outline0.3.2.118} has been referenced but does not 
exist, replaced by a fixed one

</usr/local/texlive/2023/texmf-dist/fonts/type1/public/amsfonts/latxfont/line10
.pfb></usr/local/texlive/2023/texmf-dist/fonts/type1/public/lm/lmex10.pfb></usr
/local/texlive/2023/texmf-dist/fonts/type1/public/lm/lmmi10.pfb></usr/local/tex
live/2023/texmf-dist/fonts/type1/public/lm/lmmi12.pfb></usr/local/texlive/2023/
texmf-dist/fonts/type1/public/lm/lmmi5.pfb></usr/local/texlive/2023/texmf-dist/
fonts/type1/public/lm/lmmi6.pfb></usr/local/texlive/2023/texmf-dist/fonts/type1
/public/lm/lmmi7.pfb></usr/local/texlive/2023/texmf-dist/fonts/type1/public/lm/
lmmi8.pfb></usr/local/texlive/2023/texmf-dist/fonts/type1/public/lm/lmmi9.pfb><
/usr/local/texlive/2023/texmf-dist/fonts/type1/public/lm/lmmib10.pfb></usr/loca
l/texlive/2023/texmf-dist/fonts/type1/public/lm/lmss10.pfb></usr/local/texlive/
2023/texmf-dist/fonts/type1/public/lm/lmss12.pfb></usr/local/texlive/2023/texmf
-dist/fonts/type1/public/lm/lmss8.pfb></usr/local/texlive/2023/texmf-dist/fonts
/type1/public/lm/lmss9.pfb></usr/local/texlive/2023/texmf-dist/fonts/type1/publ
ic/lm/lmssbo10.pfb></usr/local/texlive/2023/texmf-dist/fonts/type1/public/lm/lm
ssbx10.pfb></usr/local/texlive/2023/texmf-dist/fonts/type1/public/lm/lmsso10.pf
b></usr/local/texlive/2023/texmf-dist/fonts/type1/public/lm/lmsso12.pfb></usr/l
ocal/texlive/2023/texmf-dist/fonts/type1/public/lm/lmsso8.pfb></usr/local/texli
ve/2023/texmf-dist/fonts/type1/public/lm/lmsso9.pfb></usr/local/texlive/2023/te
xmf-dist/fonts/type1/public/lm/lmsy10.pfb></usr/local/texlive/2023/texmf-dist/f
onts/type1/public/lm/lmsy5.pfb></usr/local/texlive/2023/texmf-dist/fonts/type1/
public/lm/lmsy6.pfb></usr/local/texlive/2023/texmf-dist/fonts/type1/public/lm/l
msy7.pfb></usr/local/texlive/2023/texmf-dist/fonts/type1/public/lm/lmsy8.pfb></
usr/local/texlive/2023/texmf-dist/fonts/type1/public/lm/lmsy9.pfb></usr/local/t
exlive/2023/texmf-dist/fonts/type1/public/lm/lmtt10.pfb></usr/local/texlive/202
3/texmf-dist/fonts/type1/public/amsfonts/symbols/msbm10.pfb></usr/local/texlive
/2023/texmf-dist/fonts/type1/public/amsfonts/symbols/msbm7.pfb>
Output written on chap6_LVM_bayesian_main.pdf (164 pages, 1715327 bytes).
PDF statistics:
 1976 PDF objects out of 2073 (max. 8388607)
 1428 compressed objects within 15 object streams
 370 named destinations out of 1000 (max. 500000)
 1764 words of extra memory for PDF output out of 10000 (max. 10000000)

